<?xml version='1.0'?>
<ns2:test-suite xmlns:ns2='urn:model.allure.qatools.yandex.ru' start='1555326931049' stop='1555326935606'>
    <name>adding a new contact with an invalid email</name>
    <title>adding a new contact with an invalid email</title>
    <test-cases>
        <test-case start='1555326931049' status='failed' stop='1555326934674'>
            <name>should not create a new contact with baduser.com</name>
            <title>should not create a new contact with baduser.com</title>
            <labels/>
            <parameters/>
            <steps/>
            <attachments>
                <attachment title='Screenshot' source='222c9c56-ed4a-4461-a130-a76da65efd35-attachment.png' type='image/png' size='22217'/>
            </attachments>
            <failure>
                <message>Expected 'https://testing-angular-applications.github.io/#/add' to equal 'https://testing-angular-applications.github.io,/#/add'.</message>
                <stack-trace>Error: Failed expectation
                    at UserContext.it (/home/jihene/Documents/GithubPFE/RunRepository-/e2e/invalid-contact.e2e-spec.ts:23:39)
                    at /home/jihene/Documents/GithubPFE/RunRepository-/node_modules/jasminewd2/index.js:112:25
                    at new ManagedPromise (/home/jihene/Documents/GithubPFE/RunRepository-/node_modules/protractor/node_modules/selenium-webdriver/lib/promise.js:1077:7)
                    at ControlFlow.promise (/home/jihene/Documents/GithubPFE/RunRepository-/node_modules/protractor/node_modules/selenium-webdriver/lib/promise.js:2505:12)
                    at schedulerExecute (/home/jihene/Documents/GithubPFE/RunRepository-/node_modules/jasminewd2/index.js:95:18)
                    at TaskQueue.execute_ (/home/jihene/Documents/GithubPFE/RunRepository-/node_modules/protractor/node_modules/selenium-webdriver/lib/promise.js:3084:14)
                    at TaskQueue.executeNext_ (/home/jihene/Documents/GithubPFE/RunRepository-/node_modules/protractor/node_modules/selenium-webdriver/lib/promise.js:3067:27)
                    at asyncRun (/home/jihene/Documents/GithubPFE/RunRepository-/node_modules/protractor/node_modules/selenium-webdriver/lib/promise.js:2974:25)
                    at /home/jihene/Documents/GithubPFE/RunRepository-/node_modules/protractor/node_modules/selenium-webdriver/lib/promise.js:668:7</stack-trace>
            </failure>
        </test-case>
        <test-case start='1555326934674' status='failed' stop='1555326935604'>
            <name>should not create a new contact with @baduser.com</name>
            <title>should not create a new contact with @baduser.com</title>
            <labels/>
            <parameters/>
            <steps/>
            <attachments/>
            <failure>
                <message>Failed: chrome not reachable
                  (Session info: chrome=72.0.3626.109)
                  (Driver info: chromedriver=2.46.628388 (4a34a70827ac54148e092aafb70504c4ea7ae926),platform=Linux 4.15.0-46-generic x86_64)</message>
                <stack-trace>WebDriverError: chrome not reachable
                  (Session info: chrome=72.0.3626.109)
                  (Driver info: chromedriver=2.46.628388 (4a34a70827ac54148e092aafb70504c4ea7ae926),platform=Linux 4.15.0-46-generic x86_64)
                    at Object.checkLegacyResponse (/home/jihene/Documents/GithubPFE/RunRepository-/node_modules/protractor/node_modules/selenium-webdriver/lib/error.js:546:15)
                    at parseHttpResponse (/home/jihene/Documents/GithubPFE/RunRepository-/node_modules/protractor/node_modules/selenium-webdriver/lib/http.js:509:13)
                    at doSend.then.response (/home/jihene/Documents/GithubPFE/RunRepository-/node_modules/protractor/node_modules/selenium-webdriver/lib/http.js:441:30)
                    at process._tickCallback (internal/process/next_tick.js:68:7)
                From: Task: Protractor.get(https://testing-angular-applications.github.io/#/add) - get url
                    at Driver.schedule (/home/jihene/Documents/GithubPFE/RunRepository-/node_modules/protractor/node_modules/selenium-webdriver/lib/webdriver.js:807:17)
                    at ProtractorBrowser.executeScriptWithDescription (/home/jihene/Documents/GithubPFE/RunRepository-/node_modules/protractor/built/browser.js:404:28)
                    at driver.wait (/home/jihene/Documents/GithubPFE/RunRepository-/node_modules/protractor/built/browser.js:686:29)
                    at /home/jihene/Documents/GithubPFE/RunRepository-/node_modules/protractor/node_modules/selenium-webdriver/lib/webdriver.js:938:14
                    at TaskQueue.execute_ (/home/jihene/Documents/GithubPFE/RunRepository-/node_modules/protractor/node_modules/selenium-webdriver/lib/promise.js:3084:14)
                    at TaskQueue.executeNext_ (/home/jihene/Documents/GithubPFE/RunRepository-/node_modules/protractor/node_modules/selenium-webdriver/lib/promise.js:3067:27)
                    at asyncRun (/home/jihene/Documents/GithubPFE/RunRepository-/node_modules/protractor/node_modules/selenium-webdriver/lib/promise.js:2974:25)
                    at /home/jihene/Documents/GithubPFE/RunRepository-/node_modules/protractor/node_modules/selenium-webdriver/lib/promise.js:668:7
                    at process._tickCallback (internal/process/next_tick.js:68:7)
                From: Task: &lt;anonymous>
                    at pollCondition (/home/jihene/Documents/GithubPFE/RunRepository-/node_modules/protractor/node_modules/selenium-webdriver/lib/promise.js:2195:19)
                    at /home/jihene/Documents/GithubPFE/RunRepository-/node_modules/protractor/node_modules/selenium-webdriver/lib/promise.js:2191:7
                    at new ManagedPromise (/home/jihene/Documents/GithubPFE/RunRepository-/node_modules/protractor/node_modules/selenium-webdriver/lib/promise.js:1077:7)
                    at ControlFlow.promise (/home/jihene/Documents/GithubPFE/RunRepository-/node_modules/protractor/node_modules/selenium-webdriver/lib/promise.js:2505:12)
                    at /home/jihene/Documents/GithubPFE/RunRepository-/node_modules/protractor/node_modules/selenium-webdriver/lib/promise.js:2190:22
                    at TaskQueue.execute_ (/home/jihene/Documents/GithubPFE/RunRepository-/node_modules/protractor/node_modules/selenium-webdriver/lib/promise.js:3084:14)
                    at TaskQueue.executeNext_ (/home/jihene/Documents/GithubPFE/RunRepository-/node_modules/protractor/node_modules/selenium-webdriver/lib/promise.js:3067:27)
                    at asyncRun (/home/jihene/Documents/GithubPFE/RunRepository-/node_modules/protractor/node_modules/selenium-webdriver/lib/promise.js:2974:25)
                    at /home/jihene/Documents/GithubPFE/RunRepository-/node_modules/protractor/node_modules/selenium-webdriver/lib/promise.js:668:7
                    at process._tickCallback (internal/process/next_tick.js:68:7)
                From: Task: waiting for page to load for 10000ms
                    at scheduleWait (/home/jihene/Documents/GithubPFE/RunRepository-/node_modules/protractor/node_modules/selenium-webdriver/lib/promise.js:2188:20)
                    at ControlFlow.wait (/home/jihene/Documents/GithubPFE/RunRepository-/node_modules/protractor/node_modules/selenium-webdriver/lib/promise.js:2517:12)
                    at Driver.wait (/home/jihene/Documents/GithubPFE/RunRepository-/node_modules/protractor/node_modules/selenium-webdriver/lib/webdriver.js:934:29)
                    at driver.controlFlow.execute.then.then.then.then (/home/jihene/Documents/GithubPFE/RunRepository-/node_modules/protractor/built/browser.js:685:32)
                    at ManagedPromise.invokeCallback_ (/home/jihene/Documents/GithubPFE/RunRepository-/node_modules/protractor/node_modules/selenium-webdriver/lib/promise.js:1376:14)
                    at TaskQueue.execute_ (/home/jihene/Documents/GithubPFE/RunRepository-/node_modules/protractor/node_modules/selenium-webdriver/lib/promise.js:3084:14)
                    at TaskQueue.executeNext_ (/home/jihene/Documents/GithubPFE/RunRepository-/node_modules/protractor/node_modules/selenium-webdriver/lib/promise.js:3067:27)
                    at asyncRun (/home/jihene/Documents/GithubPFE/RunRepository-/node_modules/protractor/node_modules/selenium-webdriver/lib/promise.js:2927:27)
                    at /home/jihene/Documents/GithubPFE/RunRepository-/node_modules/protractor/node_modules/selenium-webdriver/lib/promise.js:668:7
                    at process._tickCallback (internal/process/next_tick.js:68:7)
                From: Task: Run beforeEach in control flow
                    at UserContext.&lt;anonymous> (/home/jihene/Documents/GithubPFE/RunRepository-/node_modules/jasminewd2/index.js:94:19)
                    at attempt (/home/jihene/Documents/GithubPFE/RunRepository-/node_modules/jasmine-core/lib/jasmine-core/jasmine.js:4297:26)
                    at QueueRunner.run (/home/jihene/Documents/GithubPFE/RunRepository-/node_modules/jasmine-core/lib/jasmine-core/jasmine.js:4217:20)
                    at runNext (/home/jihene/Documents/GithubPFE/RunRepository-/node_modules/jasmine-core/lib/jasmine-core/jasmine.js:4257:20)
                    at /home/jihene/Documents/GithubPFE/RunRepository-/node_modules/jasmine-core/lib/jasmine-core/jasmine.js:4264:13
                    at /home/jihene/Documents/GithubPFE/RunRepository-/node_modules/jasmine-core/lib/jasmine-core/jasmine.js:4172:9
                    at /home/jihene/Documents/GithubPFE/RunRepository-/node_modules/jasminewd2/index.js:64:48
                    at ControlFlow.emit (/home/jihene/Documents/GithubPFE/RunRepository-/node_modules/protractor/node_modules/selenium-webdriver/lib/events.js:62:21)
                    at ControlFlow.shutdown_ (/home/jihene/Documents/GithubPFE/RunRepository-/node_modules/protractor/node_modules/selenium-webdriver/lib/promise.js:2674:10)
                    at shutdownTask_.MicroTask (/home/jihene/Documents/GithubPFE/RunRepository-/node_modules/protractor/node_modules/selenium-webdriver/lib/promise.js:2599:53)
                From asynchronous test: 
                Error
                    at Suite.describe (/home/jihene/Documents/GithubPFE/RunRepository-/e2e/invalid-contact.e2e-spec.ts:5:5)
                    at addSpecsToSuite (/home/jihene/Documents/GithubPFE/RunRepository-/node_modules/jasmine-core/lib/jasmine-core/jasmine.js:1107:25)
                    at Env.describe (/home/jihene/Documents/GithubPFE/RunRepository-/node_modules/jasmine-core/lib/jasmine-core/jasmine.js:1074:7)
                    at describe (/home/jihene/Documents/GithubPFE/RunRepository-/node_modules/jasmine-core/lib/jasmine-core/jasmine.js:4399:18)
                    at Suite.describe (/home/jihene/Documents/GithubPFE/RunRepository-/e2e/invalid-contact.e2e-spec.ts:4:3)
                    at addSpecsToSuite (/home/jihene/Documents/GithubPFE/RunRepository-/node_modules/jasmine-core/lib/jasmine-core/jasmine.js:1107:25)
                    at Env.describe (/home/jihene/Documents/GithubPFE/RunRepository-/node_modules/jasmine-core/lib/jasmine-core/jasmine.js:1074:7)
                    at describe (/home/jihene/Documents/GithubPFE/RunRepository-/node_modules/jasmine-core/lib/jasmine-core/jasmine.js:4399:18)
                    at Object.&lt;anonymous> (/home/jihene/Documents/GithubPFE/RunRepository-/e2e/invalid-contact.e2e-spec.ts:3:1)</stack-trace>
            </failure>
        </test-case>
    </test-cases>
</ns2:test-suite>