<?xml version='1.0'?>
<ns2:test-suite xmlns:ns2='urn:model.allure.qatools.yandex.ru' start='1555327867850' stop='1555327868614'>
    <name>contact list read contact list</name>
    <title>contact list read contact list</title>
    <test-cases>
        <test-case start='1555327867850' status='failed' stop='1555327868113'>
            <name>should find the new contact</name>
            <title>should find the new contact</title>
            <labels/>
            <parameters/>
            <steps/>
            <attachments>
                <attachment title='Screenshot' source='5706c941-6810-41d7-9fa9-2bad4096d5b9-attachment.png' type='image/png' size='3775'/>
            </attachments>
            <failure>
                <message>Failed: Error while waiting for Protractor to sync with the page: "both angularJS testability and angular testability are undefined.  This could be either because this is a non-angular page or because your test involves client-side navigation, which can interfere with Protractor's bootstrapping.  See http://git.io/v4gXM for details"</message>
                <stack-trace>Error: Error while waiting for Protractor to sync with the page: "both angularJS testability and angular testability are undefined.  This could be either because this is a non-angular page or because your test involves client-side navigation, which can interfere with Protractor's bootstrapping.  See http://git.io/v4gXM for details"
                    at runWaitForAngularScript.then (/home/jihene/Documents/GithubPFE/RunRepository-/node_modules/protractor/built/browser.js:463:23)
                    at ManagedPromise.invokeCallback_ (/home/jihene/Documents/GithubPFE/RunRepository-/node_modules/protractor/node_modules/selenium-webdriver/lib/promise.js:1376:14)
                    at TaskQueue.execute_ (/home/jihene/Documents/GithubPFE/RunRepository-/node_modules/protractor/node_modules/selenium-webdriver/lib/promise.js:3084:14)
                    at TaskQueue.executeNext_ (/home/jihene/Documents/GithubPFE/RunRepository-/node_modules/protractor/node_modules/selenium-webdriver/lib/promise.js:3067:27)
                    at asyncRun (/home/jihene/Documents/GithubPFE/RunRepository-/node_modules/protractor/node_modules/selenium-webdriver/lib/promise.js:2927:27)
                    at /home/jihene/Documents/GithubPFE/RunRepository-/node_modules/protractor/node_modules/selenium-webdriver/lib/promise.js:668:7
                    at process._tickCallback (internal/process/next_tick.js:68:7)Error
                    at ElementArrayFinder.applyAction_ (/home/jihene/Documents/GithubPFE/RunRepository-/node_modules/protractor/built/element.js:459:27)
                    at ElementArrayFinder.(anonymous function).args [as getText] (/home/jihene/Documents/GithubPFE/RunRepository-/node_modules/protractor/built/element.js:91:29)
                    at ElementFinder.(anonymous function).args [as getText] (/home/jihene/Documents/GithubPFE/RunRepository-/node_modules/protractor/built/element.js:831:22)
                    at UserContext.it (/home/jihene/Documents/GithubPFE/RunRepository-/e2e/page-objects.e2e-spec.ts:43:38)
                    at /home/jihene/Documents/GithubPFE/RunRepository-/node_modules/jasminewd2/index.js:112:25
                    at new ManagedPromise (/home/jihene/Documents/GithubPFE/RunRepository-/node_modules/protractor/node_modules/selenium-webdriver/lib/promise.js:1077:7)
                    at ControlFlow.promise (/home/jihene/Documents/GithubPFE/RunRepository-/node_modules/protractor/node_modules/selenium-webdriver/lib/promise.js:2505:12)
                    at schedulerExecute (/home/jihene/Documents/GithubPFE/RunRepository-/node_modules/jasminewd2/index.js:95:18)
                    at TaskQueue.execute_ (/home/jihene/Documents/GithubPFE/RunRepository-/node_modules/protractor/node_modules/selenium-webdriver/lib/promise.js:3084:14)
                    at TaskQueue.executeNext_ (/home/jihene/Documents/GithubPFE/RunRepository-/node_modules/protractor/node_modules/selenium-webdriver/lib/promise.js:3067:27)
                From: Task: Run it("should find the new contact") in control flow
                    at UserContext.&lt;anonymous> (/home/jihene/Documents/GithubPFE/RunRepository-/node_modules/jasminewd2/index.js:94:19)
                    at attempt (/home/jihene/Documents/GithubPFE/RunRepository-/node_modules/jasmine-core/lib/jasmine-core/jasmine.js:4297:26)
                    at QueueRunner.run (/home/jihene/Documents/GithubPFE/RunRepository-/node_modules/jasmine-core/lib/jasmine-core/jasmine.js:4217:20)
                    at runNext (/home/jihene/Documents/GithubPFE/RunRepository-/node_modules/jasmine-core/lib/jasmine-core/jasmine.js:4257:20)
                    at /home/jihene/Documents/GithubPFE/RunRepository-/node_modules/jasmine-core/lib/jasmine-core/jasmine.js:4264:13
                    at /home/jihene/Documents/GithubPFE/RunRepository-/node_modules/jasmine-core/lib/jasmine-core/jasmine.js:4172:9
                    at /home/jihene/Documents/GithubPFE/RunRepository-/node_modules/jasminewd2/index.js:64:48
                    at ControlFlow.emit (/home/jihene/Documents/GithubPFE/RunRepository-/node_modules/protractor/node_modules/selenium-webdriver/lib/events.js:62:21)
                    at ControlFlow.shutdown_ (/home/jihene/Documents/GithubPFE/RunRepository-/node_modules/protractor/node_modules/selenium-webdriver/lib/promise.js:2674:10)
                    at shutdownTask_.MicroTask (/home/jihene/Documents/GithubPFE/RunRepository-/node_modules/protractor/node_modules/selenium-webdriver/lib/promise.js:2599:53)
                From asynchronous test: 
                Error
                    at Suite.describe (/home/jihene/Documents/GithubPFE/RunRepository-/e2e/page-objects.e2e-spec.ts:40:5)
                    at addSpecsToSuite (/home/jihene/Documents/GithubPFE/RunRepository-/node_modules/jasmine-core/lib/jasmine-core/jasmine.js:1107:25)
                    at Env.describe (/home/jihene/Documents/GithubPFE/RunRepository-/node_modules/jasmine-core/lib/jasmine-core/jasmine.js:1074:7)
                    at describe (/home/jihene/Documents/GithubPFE/RunRepository-/node_modules/jasmine-core/lib/jasmine-core/jasmine.js:4399:18)
                    at Suite.describe (/home/jihene/Documents/GithubPFE/RunRepository-/e2e/page-objects.e2e-spec.ts:39:3)
                    at addSpecsToSuite (/home/jihene/Documents/GithubPFE/RunRepository-/node_modules/jasmine-core/lib/jasmine-core/jasmine.js:1107:25)
                    at Env.describe (/home/jihene/Documents/GithubPFE/RunRepository-/node_modules/jasmine-core/lib/jasmine-core/jasmine.js:1074:7)
                    at describe (/home/jihene/Documents/GithubPFE/RunRepository-/node_modules/jasmine-core/lib/jasmine-core/jasmine.js:4399:18)
                    at Object.&lt;anonymous> (/home/jihene/Documents/GithubPFE/RunRepository-/e2e/page-objects.e2e-spec.ts:5:1)</stack-trace>
            </failure>
        </test-case>
        <test-case start='1555327868114' status='failed' stop='1555327868363'>
            <name>should find the contacts and verify each value</name>
            <title>should find the contacts and verify each value</title>
            <labels/>
            <parameters/>
            <steps/>
            <attachments>
                <attachment title='Screenshot' source='708c58bd-4d3b-462c-8109-39b0c3610d54-attachment.png' type='image/png' size='3775'/>
            </attachments>
            <failure>
                <message>Failed: Error while waiting for Protractor to sync with the page: "both angularJS testability and angular testability are undefined.  This could be either because this is a non-angular page or because your test involves client-side navigation, which can interfere with Protractor's bootstrapping.  See http://git.io/v4gXM for details"</message>
                <stack-trace>Error: Error while waiting for Protractor to sync with the page: "both angularJS testability and angular testability are undefined.  This could be either because this is a non-angular page or because your test involves client-side navigation, which can interfere with Protractor's bootstrapping.  See http://git.io/v4gXM for details"
                    at runWaitForAngularScript.then (/home/jihene/Documents/GithubPFE/RunRepository-/node_modules/protractor/built/browser.js:463:23)
                    at ManagedPromise.invokeCallback_ (/home/jihene/Documents/GithubPFE/RunRepository-/node_modules/protractor/node_modules/selenium-webdriver/lib/promise.js:1376:14)
                    at TaskQueue.execute_ (/home/jihene/Documents/GithubPFE/RunRepository-/node_modules/protractor/node_modules/selenium-webdriver/lib/promise.js:3084:14)
                    at TaskQueue.executeNext_ (/home/jihene/Documents/GithubPFE/RunRepository-/node_modules/protractor/node_modules/selenium-webdriver/lib/promise.js:3067:27)
                    at asyncRun (/home/jihene/Documents/GithubPFE/RunRepository-/node_modules/protractor/node_modules/selenium-webdriver/lib/promise.js:2927:27)
                    at /home/jihene/Documents/GithubPFE/RunRepository-/node_modules/protractor/node_modules/selenium-webdriver/lib/promise.js:668:7
                    at process._tickCallback (internal/process/next_tick.js:68:7)
                From: Task: Run it("should find the contacts and verify each value") in control flow
                    at UserContext.&lt;anonymous> (/home/jihene/Documents/GithubPFE/RunRepository-/node_modules/jasminewd2/index.js:94:19)
                    at attempt (/home/jihene/Documents/GithubPFE/RunRepository-/node_modules/jasmine-core/lib/jasmine-core/jasmine.js:4297:26)
                    at QueueRunner.run (/home/jihene/Documents/GithubPFE/RunRepository-/node_modules/jasmine-core/lib/jasmine-core/jasmine.js:4217:20)
                    at runNext (/home/jihene/Documents/GithubPFE/RunRepository-/node_modules/jasmine-core/lib/jasmine-core/jasmine.js:4257:20)
                    at /home/jihene/Documents/GithubPFE/RunRepository-/node_modules/jasmine-core/lib/jasmine-core/jasmine.js:4264:13
                    at /home/jihene/Documents/GithubPFE/RunRepository-/node_modules/jasmine-core/lib/jasmine-core/jasmine.js:4172:9
                    at /home/jihene/Documents/GithubPFE/RunRepository-/node_modules/jasminewd2/index.js:64:48
                    at ControlFlow.emit (/home/jihene/Documents/GithubPFE/RunRepository-/node_modules/protractor/node_modules/selenium-webdriver/lib/events.js:62:21)
                    at ControlFlow.shutdown_ (/home/jihene/Documents/GithubPFE/RunRepository-/node_modules/protractor/node_modules/selenium-webdriver/lib/promise.js:2674:10)
                    at shutdownTask_.MicroTask (/home/jihene/Documents/GithubPFE/RunRepository-/node_modules/protractor/node_modules/selenium-webdriver/lib/promise.js:2599:53)
                From asynchronous test: 
                Error
                    at Suite.describe (/home/jihene/Documents/GithubPFE/RunRepository-/e2e/page-objects.e2e-spec.ts:48:5)
                    at addSpecsToSuite (/home/jihene/Documents/GithubPFE/RunRepository-/node_modules/jasmine-core/lib/jasmine-core/jasmine.js:1107:25)
                    at Env.describe (/home/jihene/Documents/GithubPFE/RunRepository-/node_modules/jasmine-core/lib/jasmine-core/jasmine.js:1074:7)
                    at describe (/home/jihene/Documents/GithubPFE/RunRepository-/node_modules/jasmine-core/lib/jasmine-core/jasmine.js:4399:18)
                    at Suite.describe (/home/jihene/Documents/GithubPFE/RunRepository-/e2e/page-objects.e2e-spec.ts:39:3)
                    at addSpecsToSuite (/home/jihene/Documents/GithubPFE/RunRepository-/node_modules/jasmine-core/lib/jasmine-core/jasmine.js:1107:25)
                    at Env.describe (/home/jihene/Documents/GithubPFE/RunRepository-/node_modules/jasmine-core/lib/jasmine-core/jasmine.js:1074:7)
                    at describe (/home/jihene/Documents/GithubPFE/RunRepository-/node_modules/jasmine-core/lib/jasmine-core/jasmine.js:4399:18)
                    at Object.&lt;anonymous> (/home/jihene/Documents/GithubPFE/RunRepository-/e2e/page-objects.e2e-spec.ts:5:1)</stack-trace>
            </failure>
        </test-case>
        <test-case start='1555327868364' status='failed' stop='1555327868613'>
            <name>should get the contact names so we can print them to console</name>
            <title>should get the contact names so we can print them to console</title>
            <labels/>
            <parameters/>
            <steps/>
            <attachments>
                <attachment title='Screenshot' source='1be109ca-d02d-404b-9f77-9cf5e2ddeb7e-attachment.png' type='image/png' size='3775'/>
            </attachments>
            <failure>
                <message>Failed: Error while waiting for Protractor to sync with the page: "both angularJS testability and angular testability are undefined.  This could be either because this is a non-angular page or because your test involves client-side navigation, which can interfere with Protractor's bootstrapping.  See http://git.io/v4gXM for details"</message>
                <stack-trace>Error: Error while waiting for Protractor to sync with the page: "both angularJS testability and angular testability are undefined.  This could be either because this is a non-angular page or because your test involves client-side navigation, which can interfere with Protractor's bootstrapping.  See http://git.io/v4gXM for details"
                    at runWaitForAngularScript.then (/home/jihene/Documents/GithubPFE/RunRepository-/node_modules/protractor/built/browser.js:463:23)
                    at ManagedPromise.invokeCallback_ (/home/jihene/Documents/GithubPFE/RunRepository-/node_modules/protractor/node_modules/selenium-webdriver/lib/promise.js:1376:14)
                    at TaskQueue.execute_ (/home/jihene/Documents/GithubPFE/RunRepository-/node_modules/protractor/node_modules/selenium-webdriver/lib/promise.js:3084:14)
                    at TaskQueue.executeNext_ (/home/jihene/Documents/GithubPFE/RunRepository-/node_modules/protractor/node_modules/selenium-webdriver/lib/promise.js:3067:27)
                    at asyncRun (/home/jihene/Documents/GithubPFE/RunRepository-/node_modules/protractor/node_modules/selenium-webdriver/lib/promise.js:2927:27)
                    at /home/jihene/Documents/GithubPFE/RunRepository-/node_modules/protractor/node_modules/selenium-webdriver/lib/promise.js:668:7
                    at process._tickCallback (internal/process/next_tick.js:68:7)
                From: Task: Run it("should get the contact names so we can print them to console") in control flow
                    at UserContext.&lt;anonymous> (/home/jihene/Documents/GithubPFE/RunRepository-/node_modules/jasminewd2/index.js:94:19)
                    at attempt (/home/jihene/Documents/GithubPFE/RunRepository-/node_modules/jasmine-core/lib/jasmine-core/jasmine.js:4297:26)
                    at QueueRunner.run (/home/jihene/Documents/GithubPFE/RunRepository-/node_modules/jasmine-core/lib/jasmine-core/jasmine.js:4217:20)
                    at runNext (/home/jihene/Documents/GithubPFE/RunRepository-/node_modules/jasmine-core/lib/jasmine-core/jasmine.js:4257:20)
                    at /home/jihene/Documents/GithubPFE/RunRepository-/node_modules/jasmine-core/lib/jasmine-core/jasmine.js:4264:13
                    at /home/jihene/Documents/GithubPFE/RunRepository-/node_modules/jasmine-core/lib/jasmine-core/jasmine.js:4172:9
                    at /home/jihene/Documents/GithubPFE/RunRepository-/node_modules/jasminewd2/index.js:64:48
                    at ControlFlow.emit (/home/jihene/Documents/GithubPFE/RunRepository-/node_modules/protractor/node_modules/selenium-webdriver/lib/events.js:62:21)
                    at ControlFlow.shutdown_ (/home/jihene/Documents/GithubPFE/RunRepository-/node_modules/protractor/node_modules/selenium-webdriver/lib/promise.js:2674:10)
                    at shutdownTask_.MicroTask (/home/jihene/Documents/GithubPFE/RunRepository-/node_modules/protractor/node_modules/selenium-webdriver/lib/promise.js:2599:53)
                From asynchronous test: 
                Error
                    at Suite.describe (/home/jihene/Documents/GithubPFE/RunRepository-/e2e/page-objects.e2e-spec.ts:60:5)
                    at addSpecsToSuite (/home/jihene/Documents/GithubPFE/RunRepository-/node_modules/jasmine-core/lib/jasmine-core/jasmine.js:1107:25)
                    at Env.describe (/home/jihene/Documents/GithubPFE/RunRepository-/node_modules/jasmine-core/lib/jasmine-core/jasmine.js:1074:7)
                    at describe (/home/jihene/Documents/GithubPFE/RunRepository-/node_modules/jasmine-core/lib/jasmine-core/jasmine.js:4399:18)
                    at Suite.describe (/home/jihene/Documents/GithubPFE/RunRepository-/e2e/page-objects.e2e-spec.ts:39:3)
                    at addSpecsToSuite (/home/jihene/Documents/GithubPFE/RunRepository-/node_modules/jasmine-core/lib/jasmine-core/jasmine.js:1107:25)
                    at Env.describe (/home/jihene/Documents/GithubPFE/RunRepository-/node_modules/jasmine-core/lib/jasmine-core/jasmine.js:1074:7)
                    at describe (/home/jihene/Documents/GithubPFE/RunRepository-/node_modules/jasmine-core/lib/jasmine-core/jasmine.js:4399:18)
                    at Object.&lt;anonymous> (/home/jihene/Documents/GithubPFE/RunRepository-/e2e/page-objects.e2e-spec.ts:5:1)</stack-trace>
            </failure>
        </test-case>
    </test-cases>
</ns2:test-suite>