<?xml version='1.0'?>
<ns2:test-suite xmlns:ns2='urn:model.allure.qatools.yandex.ru' start='1555325302441' stop='1555325302517'>
    <name>the contact list</name>
    <title>the contact list</title>
    <test-cases>
        <test-case start='1555325302452' status='failed' stop='1555325302476'>
            <name>with filter: should find existing contact "Craig Service"</name>
            <title>with filter: should find existing contact "Craig Service"</title>
            <labels/>
            <parameters/>
            <steps/>
            <attachments/>
            <failure>
                <message>Failed: chrome not reachable
                  (Session info: chrome=72.0.3626.109)
                  (Driver info: chromedriver=2.40.565383 (76257d1ab79276b2d53ee976b2c3e3b9f335cde7),platform=Linux 4.15.0-46-generic x86_64)</message>
                <stack-trace>WebDriverError: chrome not reachable
                  (Session info: chrome=72.0.3626.109)
                  (Driver info: chromedriver=2.40.565383 (76257d1ab79276b2d53ee976b2c3e3b9f335cde7),platform=Linux 4.15.0-46-generic x86_64)
                    at Object.checkLegacyResponse (/home/jihene/Documents/GithubPFE/RunRepository-/node_modules/selenium-webdriver/lib/error.js:505:15)
                    at parseHttpResponse (/home/jihene/Documents/GithubPFE/RunRepository-/node_modules/selenium-webdriver/lib/http.js:509:13)
                    at doSend.then.response (/home/jihene/Documents/GithubPFE/RunRepository-/node_modules/selenium-webdriver/lib/http.js:440:13)
                    at process._tickCallback (internal/process/next_tick.js:68:7)
                From: Task: WebDriver.navigate().to(data:text/html,&lt;html>&lt;/html>)
                    at Driver.schedule (/home/jihene/Documents/GithubPFE/RunRepository-/node_modules/selenium-webdriver/lib/webdriver.js:816:17)
                    at Navigation.to (/home/jihene/Documents/GithubPFE/RunRepository-/node_modules/selenium-webdriver/lib/webdriver.js:1140:25)
                    at Driver.get (/home/jihene/Documents/GithubPFE/RunRepository-/node_modules/selenium-webdriver/lib/webdriver.js:997:28)
                    at driver.controlFlow.execute.then.then (/home/jihene/Documents/GithubPFE/RunRepository-/node_modules/protractor/lib/browser.ts:884:30)
                    at ManagedPromise.invokeCallback_ (/home/jihene/Documents/GithubPFE/RunRepository-/node_modules/selenium-webdriver/lib/promise.js:1366:14)
                    at TaskQueue.execute_ (/home/jihene/Documents/GithubPFE/RunRepository-/node_modules/selenium-webdriver/lib/promise.js:2970:14)
                    at TaskQueue.executeNext_ (/home/jihene/Documents/GithubPFE/RunRepository-/node_modules/selenium-webdriver/lib/promise.js:2953:27)
                    at asyncRun (/home/jihene/Documents/GithubPFE/RunRepository-/node_modules/selenium-webdriver/lib/promise.js:2813:27)
                    at /home/jihene/Documents/GithubPFE/RunRepository-/node_modules/selenium-webdriver/lib/promise.js:676:7
                    at process._tickCallback (internal/process/next_tick.js:68:7)
                From: Task: Run beforeAll in control flow
                    at UserContext.&lt;anonymous> (/home/jihene/Documents/GithubPFE/RunRepository-/node_modules/jasminewd2/index.js:94:19)
                    at attempt (/home/jihene/Documents/GithubPFE/RunRepository-/node_modules/jasmine-core/lib/jasmine-core/jasmine.js:4297:26)
                    at QueueRunner.run (/home/jihene/Documents/GithubPFE/RunRepository-/node_modules/jasmine-core/lib/jasmine-core/jasmine.js:4217:20)
                    at QueueRunner.execute (/home/jihene/Documents/GithubPFE/RunRepository-/node_modules/jasmine-core/lib/jasmine-core/jasmine.js:4199:10)
                    at queueRunnerFactory (/home/jihene/Documents/GithubPFE/RunRepository-/node_modules/jasmine-core/lib/jasmine-core/jasmine.js:909:35)
                    at UserContext.fn (/home/jihene/Documents/GithubPFE/RunRepository-/node_modules/jasmine-core/lib/jasmine-core/jasmine.js:5325:13)
                    at attempt (/home/jihene/Documents/GithubPFE/RunRepository-/node_modules/jasmine-core/lib/jasmine-core/jasmine.js:4297:26)
                    at QueueRunner.run (/home/jihene/Documents/GithubPFE/RunRepository-/node_modules/jasmine-core/lib/jasmine-core/jasmine.js:4217:20)
                    at runNext (/home/jihene/Documents/GithubPFE/RunRepository-/node_modules/jasmine-core/lib/jasmine-core/jasmine.js:4257:20)
                    at /home/jihene/Documents/GithubPFE/RunRepository-/node_modules/jasmine-core/lib/jasmine-core/jasmine.js:4264:13
                From asynchronous test: 
                Error
                    at Suite.describe (/home/jihene/Documents/GithubPFE/RunRepository-/e2e/contact-list.e2e-spec.ts:11:3)
                    at addSpecsToSuite (/home/jihene/Documents/GithubPFE/RunRepository-/node_modules/jasmine-core/lib/jasmine-core/jasmine.js:1107:25)
                    at Env.describe (/home/jihene/Documents/GithubPFE/RunRepository-/node_modules/jasmine-core/lib/jasmine-core/jasmine.js:1074:7)
                    at describe (/home/jihene/Documents/GithubPFE/RunRepository-/node_modules/jasmine-core/lib/jasmine-core/jasmine.js:4399:18)
                    at Object.&lt;anonymous> (/home/jihene/Documents/GithubPFE/RunRepository-/e2e/contact-list.e2e-spec.ts:10:1)
                    at Module._compile (internal/modules/cjs/loader.js:689:30)
                    at Module.m._compile (/home/jihene/Documents/GithubPFE/RunRepository-/node_modules/ts-node/src/index.ts:299:25)
                    at Module._extensions..js (internal/modules/cjs/loader.js:700:10)
                    at Object.require.extensions.(anonymous function) [as .ts] (/home/jihene/Documents/GithubPFE/RunRepository-/node_modules/ts-node/src/index.ts:302:14)</stack-trace>
            </failure>
        </test-case>
        <test-case start='1555325302476' status='failed' stop='1555325302497'>
            <name>with map: should create a map object</name>
            <title>with map: should create a map object</title>
            <labels/>
            <parameters/>
            <steps/>
            <attachments/>
            <failure>
                <message>Failed: chrome not reachable
                  (Session info: chrome=72.0.3626.109)
                  (Driver info: chromedriver=2.40.565383 (76257d1ab79276b2d53ee976b2c3e3b9f335cde7),platform=Linux 4.15.0-46-generic x86_64)</message>
                <stack-trace>WebDriverError: chrome not reachable
                  (Session info: chrome=72.0.3626.109)
                  (Driver info: chromedriver=2.40.565383 (76257d1ab79276b2d53ee976b2c3e3b9f335cde7),platform=Linux 4.15.0-46-generic x86_64)
                    at Object.checkLegacyResponse (/home/jihene/Documents/GithubPFE/RunRepository-/node_modules/selenium-webdriver/lib/error.js:505:15)
                    at parseHttpResponse (/home/jihene/Documents/GithubPFE/RunRepository-/node_modules/selenium-webdriver/lib/http.js:509:13)
                    at doSend.then.response (/home/jihene/Documents/GithubPFE/RunRepository-/node_modules/selenium-webdriver/lib/http.js:440:13)
                    at process._tickCallback (internal/process/next_tick.js:68:7)
                From: Task: WebDriver.navigate().to(data:text/html,&lt;html>&lt;/html>)
                    at Driver.schedule (/home/jihene/Documents/GithubPFE/RunRepository-/node_modules/selenium-webdriver/lib/webdriver.js:816:17)
                    at Navigation.to (/home/jihene/Documents/GithubPFE/RunRepository-/node_modules/selenium-webdriver/lib/webdriver.js:1140:25)
                    at Driver.get (/home/jihene/Documents/GithubPFE/RunRepository-/node_modules/selenium-webdriver/lib/webdriver.js:997:28)
                    at driver.controlFlow.execute.then.then (/home/jihene/Documents/GithubPFE/RunRepository-/node_modules/protractor/lib/browser.ts:884:30)
                    at ManagedPromise.invokeCallback_ (/home/jihene/Documents/GithubPFE/RunRepository-/node_modules/selenium-webdriver/lib/promise.js:1366:14)
                    at TaskQueue.execute_ (/home/jihene/Documents/GithubPFE/RunRepository-/node_modules/selenium-webdriver/lib/promise.js:2970:14)
                    at TaskQueue.executeNext_ (/home/jihene/Documents/GithubPFE/RunRepository-/node_modules/selenium-webdriver/lib/promise.js:2953:27)
                    at asyncRun (/home/jihene/Documents/GithubPFE/RunRepository-/node_modules/selenium-webdriver/lib/promise.js:2813:27)
                    at /home/jihene/Documents/GithubPFE/RunRepository-/node_modules/selenium-webdriver/lib/promise.js:676:7
                    at process._tickCallback (internal/process/next_tick.js:68:7)
                From: Task: Run beforeAll in control flow
                    at UserContext.&lt;anonymous> (/home/jihene/Documents/GithubPFE/RunRepository-/node_modules/jasminewd2/index.js:94:19)
                    at attempt (/home/jihene/Documents/GithubPFE/RunRepository-/node_modules/jasmine-core/lib/jasmine-core/jasmine.js:4297:26)
                    at QueueRunner.run (/home/jihene/Documents/GithubPFE/RunRepository-/node_modules/jasmine-core/lib/jasmine-core/jasmine.js:4217:20)
                    at QueueRunner.execute (/home/jihene/Documents/GithubPFE/RunRepository-/node_modules/jasmine-core/lib/jasmine-core/jasmine.js:4199:10)
                    at queueRunnerFactory (/home/jihene/Documents/GithubPFE/RunRepository-/node_modules/jasmine-core/lib/jasmine-core/jasmine.js:909:35)
                    at UserContext.fn (/home/jihene/Documents/GithubPFE/RunRepository-/node_modules/jasmine-core/lib/jasmine-core/jasmine.js:5325:13)
                    at attempt (/home/jihene/Documents/GithubPFE/RunRepository-/node_modules/jasmine-core/lib/jasmine-core/jasmine.js:4297:26)
                    at QueueRunner.run (/home/jihene/Documents/GithubPFE/RunRepository-/node_modules/jasmine-core/lib/jasmine-core/jasmine.js:4217:20)
                    at runNext (/home/jihene/Documents/GithubPFE/RunRepository-/node_modules/jasmine-core/lib/jasmine-core/jasmine.js:4257:20)
                    at /home/jihene/Documents/GithubPFE/RunRepository-/node_modules/jasmine-core/lib/jasmine-core/jasmine.js:4264:13
                From asynchronous test: 
                Error
                    at Suite.describe (/home/jihene/Documents/GithubPFE/RunRepository-/e2e/contact-list.e2e-spec.ts:11:3)
                    at addSpecsToSuite (/home/jihene/Documents/GithubPFE/RunRepository-/node_modules/jasmine-core/lib/jasmine-core/jasmine.js:1107:25)
                    at Env.describe (/home/jihene/Documents/GithubPFE/RunRepository-/node_modules/jasmine-core/lib/jasmine-core/jasmine.js:1074:7)
                    at describe (/home/jihene/Documents/GithubPFE/RunRepository-/node_modules/jasmine-core/lib/jasmine-core/jasmine.js:4399:18)
                    at Object.&lt;anonymous> (/home/jihene/Documents/GithubPFE/RunRepository-/e2e/contact-list.e2e-spec.ts:10:1)
                    at Module._compile (internal/modules/cjs/loader.js:689:30)
                    at Module.m._compile (/home/jihene/Documents/GithubPFE/RunRepository-/node_modules/ts-node/src/index.ts:299:25)
                    at Module._extensions..js (internal/modules/cjs/loader.js:700:10)
                    at Object.require.extensions.(anonymous function) [as .ts] (/home/jihene/Documents/GithubPFE/RunRepository-/node_modules/ts-node/src/index.ts:302:14)</stack-trace>
            </failure>
        </test-case>
        <test-case start='1555325302497' status='failed' stop='1555325302516'>
            <name>with reduce: get a list of contact names</name>
            <title>with reduce: get a list of contact names</title>
            <labels/>
            <parameters/>
            <steps/>
            <attachments/>
            <failure>
                <message>Failed: chrome not reachable
                  (Session info: chrome=72.0.3626.109)
                  (Driver info: chromedriver=2.40.565383 (76257d1ab79276b2d53ee976b2c3e3b9f335cde7),platform=Linux 4.15.0-46-generic x86_64)</message>
                <stack-trace>WebDriverError: chrome not reachable
                  (Session info: chrome=72.0.3626.109)
                  (Driver info: chromedriver=2.40.565383 (76257d1ab79276b2d53ee976b2c3e3b9f335cde7),platform=Linux 4.15.0-46-generic x86_64)
                    at Object.checkLegacyResponse (/home/jihene/Documents/GithubPFE/RunRepository-/node_modules/selenium-webdriver/lib/error.js:505:15)
                    at parseHttpResponse (/home/jihene/Documents/GithubPFE/RunRepository-/node_modules/selenium-webdriver/lib/http.js:509:13)
                    at doSend.then.response (/home/jihene/Documents/GithubPFE/RunRepository-/node_modules/selenium-webdriver/lib/http.js:440:13)
                    at process._tickCallback (internal/process/next_tick.js:68:7)
                From: Task: WebDriver.navigate().to(data:text/html,&lt;html>&lt;/html>)
                    at Driver.schedule (/home/jihene/Documents/GithubPFE/RunRepository-/node_modules/selenium-webdriver/lib/webdriver.js:816:17)
                    at Navigation.to (/home/jihene/Documents/GithubPFE/RunRepository-/node_modules/selenium-webdriver/lib/webdriver.js:1140:25)
                    at Driver.get (/home/jihene/Documents/GithubPFE/RunRepository-/node_modules/selenium-webdriver/lib/webdriver.js:997:28)
                    at driver.controlFlow.execute.then.then (/home/jihene/Documents/GithubPFE/RunRepository-/node_modules/protractor/lib/browser.ts:884:30)
                    at ManagedPromise.invokeCallback_ (/home/jihene/Documents/GithubPFE/RunRepository-/node_modules/selenium-webdriver/lib/promise.js:1366:14)
                    at TaskQueue.execute_ (/home/jihene/Documents/GithubPFE/RunRepository-/node_modules/selenium-webdriver/lib/promise.js:2970:14)
                    at TaskQueue.executeNext_ (/home/jihene/Documents/GithubPFE/RunRepository-/node_modules/selenium-webdriver/lib/promise.js:2953:27)
                    at asyncRun (/home/jihene/Documents/GithubPFE/RunRepository-/node_modules/selenium-webdriver/lib/promise.js:2813:27)
                    at /home/jihene/Documents/GithubPFE/RunRepository-/node_modules/selenium-webdriver/lib/promise.js:676:7
                    at process._tickCallback (internal/process/next_tick.js:68:7)
                From: Task: Run beforeAll in control flow
                    at UserContext.&lt;anonymous> (/home/jihene/Documents/GithubPFE/RunRepository-/node_modules/jasminewd2/index.js:94:19)
                    at attempt (/home/jihene/Documents/GithubPFE/RunRepository-/node_modules/jasmine-core/lib/jasmine-core/jasmine.js:4297:26)
                    at QueueRunner.run (/home/jihene/Documents/GithubPFE/RunRepository-/node_modules/jasmine-core/lib/jasmine-core/jasmine.js:4217:20)
                    at QueueRunner.execute (/home/jihene/Documents/GithubPFE/RunRepository-/node_modules/jasmine-core/lib/jasmine-core/jasmine.js:4199:10)
                    at queueRunnerFactory (/home/jihene/Documents/GithubPFE/RunRepository-/node_modules/jasmine-core/lib/jasmine-core/jasmine.js:909:35)
                    at UserContext.fn (/home/jihene/Documents/GithubPFE/RunRepository-/node_modules/jasmine-core/lib/jasmine-core/jasmine.js:5325:13)
                    at attempt (/home/jihene/Documents/GithubPFE/RunRepository-/node_modules/jasmine-core/lib/jasmine-core/jasmine.js:4297:26)
                    at QueueRunner.run (/home/jihene/Documents/GithubPFE/RunRepository-/node_modules/jasmine-core/lib/jasmine-core/jasmine.js:4217:20)
                    at runNext (/home/jihene/Documents/GithubPFE/RunRepository-/node_modules/jasmine-core/lib/jasmine-core/jasmine.js:4257:20)
                    at /home/jihene/Documents/GithubPFE/RunRepository-/node_modules/jasmine-core/lib/jasmine-core/jasmine.js:4264:13
                From asynchronous test: 
                Error
                    at Suite.describe (/home/jihene/Documents/GithubPFE/RunRepository-/e2e/contact-list.e2e-spec.ts:11:3)
                    at addSpecsToSuite (/home/jihene/Documents/GithubPFE/RunRepository-/node_modules/jasmine-core/lib/jasmine-core/jasmine.js:1107:25)
                    at Env.describe (/home/jihene/Documents/GithubPFE/RunRepository-/node_modules/jasmine-core/lib/jasmine-core/jasmine.js:1074:7)
                    at describe (/home/jihene/Documents/GithubPFE/RunRepository-/node_modules/jasmine-core/lib/jasmine-core/jasmine.js:4399:18)
                    at Object.&lt;anonymous> (/home/jihene/Documents/GithubPFE/RunRepository-/e2e/contact-list.e2e-spec.ts:10:1)
                    at Module._compile (internal/modules/cjs/loader.js:689:30)
                    at Module.m._compile (/home/jihene/Documents/GithubPFE/RunRepository-/node_modules/ts-node/src/index.ts:299:25)
                    at Module._extensions..js (internal/modules/cjs/loader.js:700:10)
                    at Object.require.extensions.(anonymous function) [as .ts] (/home/jihene/Documents/GithubPFE/RunRepository-/node_modules/ts-node/src/index.ts:302:14)</stack-trace>
            </failure>
        </test-case>
    </test-cases>
</ns2:test-suite>