<?xml version='1.0'?>
<ns2:test-suite xmlns:ns2='urn:model.allure.qatools.yandex.ru' start='1552993048012' stop='1552993220878'>
    <name>adding a new contact with an invalid phone number</name>
    <title>adding a new contact with an invalid phone number</title>
    <test-cases>
        <test-case start='1552993048012' status='failed' stop='1552993097646'>
            <name>should not create a new contact with a formatted telephone number</name>
            <title>should not create a new contact with a formatted telephone number</title>
            <labels/>
            <parameters/>
            <steps/>
            <attachments/>
            <failure>
                <message>Failed: Wait timed out after 5022ms</message>
                <stack-trace>TimeoutError: Wait timed out after 5022ms
                    at /home/jihene/Documents/PFE/protractor/testing-angular-applications/chapter08/node_modules/selenium-webdriver/lib/promise.js:2107:17
                    at ManagedPromise.invokeCallback_ (/home/jihene/Documents/PFE/protractor/testing-angular-applications/chapter08/node_modules/selenium-webdriver/lib/promise.js:1366:14)
                    at TaskQueue.execute_ (/home/jihene/Documents/PFE/protractor/testing-angular-applications/chapter08/node_modules/selenium-webdriver/lib/promise.js:2970:14)
                    at TaskQueue.executeNext_ (/home/jihene/Documents/PFE/protractor/testing-angular-applications/chapter08/node_modules/selenium-webdriver/lib/promise.js:2953:27)
                    at asyncRun (/home/jihene/Documents/PFE/protractor/testing-angular-applications/chapter08/node_modules/selenium-webdriver/lib/promise.js:2813:27)
                    at /home/jihene/Documents/PFE/protractor/testing-angular-applications/chapter08/node_modules/selenium-webdriver/lib/promise.js:676:7
                    at process._tickCallback (internal/process/next_tick.js:68:7)
                From: Task: &lt;anonymous wait>
                    at scheduleWait (/home/jihene/Documents/PFE/protractor/testing-angular-applications/chapter08/node_modules/selenium-webdriver/lib/promise.js:2094:20)
                    at ControlFlow.wait (/home/jihene/Documents/PFE/protractor/testing-angular-applications/chapter08/node_modules/selenium-webdriver/lib/promise.js:2408:12)
                    at Driver.wait (/home/jihene/Documents/PFE/protractor/testing-angular-applications/chapter08/node_modules/selenium-webdriver/lib/webdriver.js:943:29)
                    at run (/home/jihene/Documents/PFE/protractor/testing-angular-applications/chapter08/node_modules/protractor/lib/browser.ts:66:27)
                    at ProtractorBrowser.to.(anonymous function) [as wait] (/home/jihene/Documents/PFE/protractor/testing-angular-applications/chapter08/node_modules/protractor/lib/browser.ts:74:12)
                    at UserContext.it (/home/jihene/Documents/PFE/protractor/testing-angular-applications/chapter08/e2e/invalid-contact.e2e-spec.ts:51:17)
                    at /home/jihene/Documents/PFE/protractor/testing-angular-applications/chapter08/node_modules/jasminewd2/index.js:112:25
                    at new ManagedPromise (/home/jihene/Documents/PFE/protractor/testing-angular-applications/chapter08/node_modules/selenium-webdriver/lib/promise.js:1067:7)
                    at ControlFlow.promise (/home/jihene/Documents/PFE/protractor/testing-angular-applications/chapter08/node_modules/selenium-webdriver/lib/promise.js:2396:12)
                    at schedulerExecute (/home/jihene/Documents/PFE/protractor/testing-angular-applications/chapter08/node_modules/jasminewd2/index.js:95:18)
                From: Task: Run it("should not create a new contact with a formatted telephone number") in control flow
                    at UserContext.&lt;anonymous> (/home/jihene/Documents/PFE/protractor/testing-angular-applications/chapter08/node_modules/jasminewd2/index.js:94:19)
                    at attempt (/home/jihene/Documents/PFE/protractor/testing-angular-applications/chapter08/node_modules/jasmine-core/lib/jasmine-core/jasmine.js:4297:26)
                    at QueueRunner.run (/home/jihene/Documents/PFE/protractor/testing-angular-applications/chapter08/node_modules/jasmine-core/lib/jasmine-core/jasmine.js:4217:20)
                    at runNext (/home/jihene/Documents/PFE/protractor/testing-angular-applications/chapter08/node_modules/jasmine-core/lib/jasmine-core/jasmine.js:4257:20)
                    at /home/jihene/Documents/PFE/protractor/testing-angular-applications/chapter08/node_modules/jasmine-core/lib/jasmine-core/jasmine.js:4264:13
                    at /home/jihene/Documents/PFE/protractor/testing-angular-applications/chapter08/node_modules/jasmine-core/lib/jasmine-core/jasmine.js:4172:9
                    at /home/jihene/Documents/PFE/protractor/testing-angular-applications/chapter08/node_modules/jasminewd2/index.js:64:48
                    at ControlFlow.emit (/home/jihene/Documents/PFE/protractor/testing-angular-applications/chapter08/node_modules/selenium-webdriver/lib/events.js:62:21)
                    at ControlFlow.shutdown_ (/home/jihene/Documents/PFE/protractor/testing-angular-applications/chapter08/node_modules/selenium-webdriver/lib/promise.js:2565:10)
                    at shutdownTask_.MicroTask (/home/jihene/Documents/PFE/protractor/testing-angular-applications/chapter08/node_modules/selenium-webdriver/lib/promise.js:2490:53)
                From asynchronous test: 
                Error
                    at Suite.describe (/home/jihene/Documents/PFE/protractor/testing-angular-applications/chapter08/e2e/invalid-contact.e2e-spec.ts:40:5)
                    at addSpecsToSuite (/home/jihene/Documents/PFE/protractor/testing-angular-applications/chapter08/node_modules/jasmine-core/lib/jasmine-core/jasmine.js:1107:25)
                    at Env.describe (/home/jihene/Documents/PFE/protractor/testing-angular-applications/chapter08/node_modules/jasmine-core/lib/jasmine-core/jasmine.js:1074:7)
                    at describe (/home/jihene/Documents/PFE/protractor/testing-angular-applications/chapter08/node_modules/jasmine-core/lib/jasmine-core/jasmine.js:4399:18)
                    at Suite.describe (/home/jihene/Documents/PFE/protractor/testing-angular-applications/chapter08/e2e/invalid-contact.e2e-spec.ts:34:3)
                    at addSpecsToSuite (/home/jihene/Documents/PFE/protractor/testing-angular-applications/chapter08/node_modules/jasmine-core/lib/jasmine-core/jasmine.js:1107:25)
                    at Env.describe (/home/jihene/Documents/PFE/protractor/testing-angular-applications/chapter08/node_modules/jasmine-core/lib/jasmine-core/jasmine.js:1074:7)
                    at describe (/home/jihene/Documents/PFE/protractor/testing-angular-applications/chapter08/node_modules/jasmine-core/lib/jasmine-core/jasmine.js:4399:18)
                    at Object.&lt;anonymous> (/home/jihene/Documents/PFE/protractor/testing-angular-applications/chapter08/e2e/invalid-contact.e2e-spec.ts:3:1)</stack-trace>
            </failure>
        </test-case>
        <test-case start='1552993097650' status='failed' stop='1552993220877'>
            <name>should not create a new contact with too many numbers in the telephone number</name>
            <title>should not create a new contact with too many numbers in the telephone number</title>
            <labels/>
            <parameters/>
            <steps/>
            <attachments/>
            <failure>
                <message>Error: Timeout - Async callback was not invoked within timeout specified by jasmine.DEFAULT_TIMEOUT_INTERVAL.</message>
                <stack-trace>Error: Timeout - Async callback was not invoked within timeout specified by jasmine.DEFAULT_TIMEOUT_INTERVAL.
                    at Timeout._onTimeout (/home/jihene/Documents/PFE/protractor/testing-angular-applications/chapter08/node_modules/jasmine-core/lib/jasmine-core/jasmine.js:4281:23)
                    at ontimeout (timers.js:436:11)
                    at tryOnTimeout (timers.js:300:5)
                    at listOnTimeout (timers.js:263:5)
                    at Timer.processTimers (timers.js:223:10)</stack-trace>
            </failure>
        </test-case>
    </test-cases>
</ns2:test-suite>