<?xml version='1.0'?>
<ns2:test-suite xmlns:ns2='urn:model.allure.qatools.yandex.ru' start='1552993417601' stop='1552993477410'>
    <name>contact list read contact list</name>
    <title>contact list read contact list</title>
    <test-cases>
        <test-case start='1552993417601' status='failed' stop='1552993476298'>
            <name>should find the new contact</name>
            <title>should find the new contact</title>
            <labels/>
            <parameters/>
            <steps/>
            <attachments>
                <attachment title='Screenshot' source='d01a52b6-33d5-4ed8-aa6f-adc410db6c63-attachment.png' type='image/png' size='42811'/>
            </attachments>
            <failure>
                <message>Failed: timeout: Timed out receiving message from renderer: 10,000
                  (Session info: chrome=72.0.3626.109)
                  (Driver info: chromedriver=2.46.628388 (4a34a70827ac54148e092aafb70504c4ea7ae926),platform=Linux 4.15.0-46-generic x86_64)</message>
                <stack-trace>TimeoutError: timeout: Timed out receiving message from renderer: 10,000
                  (Session info: chrome=72.0.3626.109)
                  (Driver info: chromedriver=2.46.628388 (4a34a70827ac54148e092aafb70504c4ea7ae926),platform=Linux 4.15.0-46-generic x86_64)
                    at Object.checkLegacyResponse (/home/jihene/Documents/PFE/protractor/testing-angular-applications/chapter08/node_modules/selenium-webdriver/lib/error.js:505:15)
                    at parseHttpResponse (/home/jihene/Documents/PFE/protractor/testing-angular-applications/chapter08/node_modules/selenium-webdriver/lib/http.js:509:13)
                    at doSend.then.response (/home/jihene/Documents/PFE/protractor/testing-angular-applications/chapter08/node_modules/selenium-webdriver/lib/http.js:440:13)
                    at process._tickCallback (internal/process/next_tick.js:68:7)
                From: Task: WebDriver.takeScreenshot()
                    at Driver.schedule (/home/jihene/Documents/PFE/protractor/testing-angular-applications/chapter08/node_modules/selenium-webdriver/lib/webdriver.js:816:17)
                    at Driver.takeScreenshot (/home/jihene/Documents/PFE/protractor/testing-angular-applications/chapter08/node_modules/selenium-webdriver/lib/webdriver.js:1092:17)
                    at run (/home/jihene/Documents/PFE/protractor/testing-angular-applications/chapter08/node_modules/protractor/lib/browser.ts:66:27)
                    at ProtractorBrowser.to.(anonymous function) [as takeScreenshot] (/home/jihene/Documents/PFE/protractor/testing-angular-applications/chapter08/node_modules/protractor/lib/browser.ts:74:12)
                    at Jasmine2Reporter._callee8$ (/home/jihene/Documents/PFE/protractor/testing-angular-applications/chapter08/node_modules/protractor-beautiful-reporter/index.js:4990:48)
                    at tryCatch (/home/jihene/Documents/PFE/protractor/testing-angular-applications/chapter08/node_modules/protractor-beautiful-reporter/index.js:5432:40)
                    at Generator.invoke [as _invoke] (/home/jihene/Documents/PFE/protractor/testing-angular-applications/chapter08/node_modules/protractor-beautiful-reporter/index.js:5706:22)
                    at Generator.prototype.(anonymous function) [as next] (/home/jihene/Documents/PFE/protractor/testing-angular-applications/chapter08/node_modules/protractor-beautiful-reporter/index.js:5465:21)
                    at step (/home/jihene/Documents/PFE/protractor/testing-angular-applications/chapter08/node_modules/protractor-beautiful-reporter/index.js:4487:191)
                    at /home/jihene/Documents/PFE/protractor/testing-angular-applications/chapter08/node_modules/protractor-beautiful-reporter/index.js:4487:361
                From: Task: Run beforeEach in control flow
                    at UserContext.&lt;anonymous> (/home/jihene/Documents/PFE/protractor/testing-angular-applications/chapter08/node_modules/jasminewd2/index.js:94:19)
                    at attempt (/home/jihene/Documents/PFE/protractor/testing-angular-applications/chapter08/node_modules/jasmine-core/lib/jasmine-core/jasmine.js:4297:26)
                    at QueueRunner.run (/home/jihene/Documents/PFE/protractor/testing-angular-applications/chapter08/node_modules/jasmine-core/lib/jasmine-core/jasmine.js:4217:20)
                    at QueueRunner.execute (/home/jihene/Documents/PFE/protractor/testing-angular-applications/chapter08/node_modules/jasmine-core/lib/jasmine-core/jasmine.js:4199:10)
                    at Spec.queueRunnerFactory (/home/jihene/Documents/PFE/protractor/testing-angular-applications/chapter08/node_modules/jasmine-core/lib/jasmine-core/jasmine.js:909:35)
                    at Spec.execute (/home/jihene/Documents/PFE/protractor/testing-angular-applications/chapter08/node_modules/jasmine-core/lib/jasmine-core/jasmine.js:526:10)
                    at UserContext.fn (/home/jihene/Documents/PFE/protractor/testing-angular-applications/chapter08/node_modules/jasmine-core/lib/jasmine-core/jasmine.js:5340:37)
                    at attempt (/home/jihene/Documents/PFE/protractor/testing-angular-applications/chapter08/node_modules/jasmine-core/lib/jasmine-core/jasmine.js:4297:26)
                    at QueueRunner.run (/home/jihene/Documents/PFE/protractor/testing-angular-applications/chapter08/node_modules/jasmine-core/lib/jasmine-core/jasmine.js:4217:20)
                    at runNext (/home/jihene/Documents/PFE/protractor/testing-angular-applications/chapter08/node_modules/jasmine-core/lib/jasmine-core/jasmine.js:4257:20)
                From asynchronous test: 
                Error
                    at Jasmine2Reporter.jasmineStarted (/home/jihene/Documents/PFE/protractor/testing-angular-applications/chapter08/node_modules/protractor-beautiful-reporter/index.js:4720:13)
                    at dispatch (/home/jihene/Documents/PFE/protractor/testing-angular-applications/chapter08/node_modules/jasmine-core/lib/jasmine-core/jasmine.js:4366:28)
                    at ReportDispatcher.jasmineStarted (/home/jihene/Documents/PFE/protractor/testing-angular-applications/chapter08/node_modules/jasmine-core/lib/jasmine-core/jasmine.js:4337:11)
                    at Env.execute (/home/jihene/Documents/PFE/protractor/testing-angular-applications/chapter08/node_modules/jasmine-core/lib/jasmine-core/jasmine.js:975:16)
                    at Jasmine.execute (/home/jihene/Documents/PFE/protractor/testing-angular-applications/chapter08/node_modules/jasmine/lib/jasmine.js:200:12)
                    at /home/jihene/Documents/PFE/protractor/testing-angular-applications/chapter08/node_modules/protractor/built/frameworks/jasmine.js:132:15
                    at Function.promise (/home/jihene/Documents/PFE/protractor/testing-angular-applications/chapter08/node_modules/q/q.js:682:9)
                    at /home/jihene/Documents/PFE/protractor/testing-angular-applications/chapter08/node_modules/protractor/built/frameworks/jasmine.js:104:14
                    at _fulfilled (/home/jihene/Documents/PFE/protractor/testing-angular-applications/chapter08/node_modules/q/q.js:834:54)
                From: Task: Run beforeEach in control flow
                    at UserContext.&lt;anonymous> (/home/jihene/Documents/PFE/protractor/testing-angular-applications/chapter08/node_modules/jasminewd2/index.js:94:19)
                    at attempt (/home/jihene/Documents/PFE/protractor/testing-angular-applications/chapter08/node_modules/jasmine-core/lib/jasmine-core/jasmine.js:4297:26)
                    at QueueRunner.run (/home/jihene/Documents/PFE/protractor/testing-angular-applications/chapter08/node_modules/jasmine-core/lib/jasmine-core/jasmine.js:4217:20)
                    at QueueRunner.execute (/home/jihene/Documents/PFE/protractor/testing-angular-applications/chapter08/node_modules/jasmine-core/lib/jasmine-core/jasmine.js:4199:10)
                    at Spec.queueRunnerFactory (/home/jihene/Documents/PFE/protractor/testing-angular-applications/chapter08/node_modules/jasmine-core/lib/jasmine-core/jasmine.js:909:35)
                    at Spec.execute (/home/jihene/Documents/PFE/protractor/testing-angular-applications/chapter08/node_modules/jasmine-core/lib/jasmine-core/jasmine.js:526:10)
                    at UserContext.fn (/home/jihene/Documents/PFE/protractor/testing-angular-applications/chapter08/node_modules/jasmine-core/lib/jasmine-core/jasmine.js:5340:37)
                    at attempt (/home/jihene/Documents/PFE/protractor/testing-angular-applications/chapter08/node_modules/jasmine-core/lib/jasmine-core/jasmine.js:4297:26)
                    at QueueRunner.run (/home/jihene/Documents/PFE/protractor/testing-angular-applications/chapter08/node_modules/jasmine-core/lib/jasmine-core/jasmine.js:4217:20)
                    at runNext (/home/jihene/Documents/PFE/protractor/testing-angular-applications/chapter08/node_modules/jasmine-core/lib/jasmine-core/jasmine.js:4257:20)
                From asynchronous test: 
                Error
                    at Jasmine2Reporter.jasmineStarted (/home/jihene/Documents/PFE/protractor/testing-angular-applications/chapter08/node_modules/protractor-beautiful-reporter/index.js:4720:13)
                    at dispatch (/home/jihene/Documents/PFE/protractor/testing-angular-applications/chapter08/node_modules/jasmine-core/lib/jasmine-core/jasmine.js:4366:28)
                    at ReportDispatcher.jasmineStarted (/home/jihene/Documents/PFE/protractor/testing-angular-applications/chapter08/node_modules/jasmine-core/lib/jasmine-core/jasmine.js:4337:11)
                    at Env.execute (/home/jihene/Documents/PFE/protractor/testing-angular-applications/chapter08/node_modules/jasmine-core/lib/jasmine-core/jasmine.js:975:16)
                    at Jasmine.execute (/home/jihene/Documents/PFE/protractor/testing-angular-applications/chapter08/node_modules/jasmine/lib/jasmine.js:200:12)
                    at /home/jihene/Documents/PFE/protractor/testing-angular-applications/chapter08/node_modules/protractor/built/frameworks/jasmine.js:132:15
                    at Function.promise (/home/jihene/Documents/PFE/protractor/testing-angular-applications/chapter08/node_modules/q/q.js:682:9)
                    at /home/jihene/Documents/PFE/protractor/testing-angular-applications/chapter08/node_modules/protractor/built/frameworks/jasmine.js:104:14
                    at _fulfilled (/home/jihene/Documents/PFE/protractor/testing-angular-applications/chapter08/node_modules/q/q.js:834:54)
                From: Task: Run beforeEach in control flow
                    at UserContext.&lt;anonymous> (/home/jihene/Documents/PFE/protractor/testing-angular-applications/chapter08/node_modules/jasminewd2/index.js:94:19)
                    at attempt (/home/jihene/Documents/PFE/protractor/testing-angular-applications/chapter08/node_modules/jasmine-core/lib/jasmine-core/jasmine.js:4297:26)
                    at QueueRunner.run (/home/jihene/Documents/PFE/protractor/testing-angular-applications/chapter08/node_modules/jasmine-core/lib/jasmine-core/jasmine.js:4217:20)
                    at QueueRunner.execute (/home/jihene/Documents/PFE/protractor/testing-angular-applications/chapter08/node_modules/jasmine-core/lib/jasmine-core/jasmine.js:4199:10)
                    at Spec.queueRunnerFactory (/home/jihene/Documents/PFE/protractor/testing-angular-applications/chapter08/node_modules/jasmine-core/lib/jasmine-core/jasmine.js:909:35)
                    at Spec.execute (/home/jihene/Documents/PFE/protractor/testing-angular-applications/chapter08/node_modules/jasmine-core/lib/jasmine-core/jasmine.js:526:10)
                    at UserContext.fn (/home/jihene/Documents/PFE/protractor/testing-angular-applications/chapter08/node_modules/jasmine-core/lib/jasmine-core/jasmine.js:5340:37)
                    at attempt (/home/jihene/Documents/PFE/protractor/testing-angular-applications/chapter08/node_modules/jasmine-core/lib/jasmine-core/jasmine.js:4297:26)
                    at QueueRunner.run (/home/jihene/Documents/PFE/protractor/testing-angular-applications/chapter08/node_modules/jasmine-core/lib/jasmine-core/jasmine.js:4217:20)
                    at runNext (/home/jihene/Documents/PFE/protractor/testing-angular-applications/chapter08/node_modules/jasmine-core/lib/jasmine-core/jasmine.js:4257:20)
                From asynchronous test: 
                Error
                    at Jasmine2Reporter.jasmineStarted (/home/jihene/Documents/PFE/protractor/testing-angular-applications/chapter08/node_modules/protractor-beautiful-reporter/index.js:4720:13)
                    at dispatch (/home/jihene/Documents/PFE/protractor/testing-angular-applications/chapter08/node_modules/jasmine-core/lib/jasmine-core/jasmine.js:4366:28)
                    at ReportDispatcher.jasmineStarted (/home/jihene/Documents/PFE/protractor/testing-angular-applications/chapter08/node_modules/jasmine-core/lib/jasmine-core/jasmine.js:4337:11)
                    at Env.execute (/home/jihene/Documents/PFE/protractor/testing-angular-applications/chapter08/node_modules/jasmine-core/lib/jasmine-core/jasmine.js:975:16)
                    at Jasmine.execute (/home/jihene/Documents/PFE/protractor/testing-angular-applications/chapter08/node_modules/jasmine/lib/jasmine.js:200:12)
                    at /home/jihene/Documents/PFE/protractor/testing-angular-applications/chapter08/node_modules/protractor/built/frameworks/jasmine.js:132:15
                    at Function.promise (/home/jihene/Documents/PFE/protractor/testing-angular-applications/chapter08/node_modules/q/q.js:682:9)
                    at /home/jihene/Documents/PFE/protractor/testing-angular-applications/chapter08/node_modules/protractor/built/frameworks/jasmine.js:104:14
                    at _fulfilled (/home/jihene/Documents/PFE/protractor/testing-angular-applications/chapter08/node_modules/q/q.js:834:54)
                From: Task: Run beforeEach in control flow
                    at UserContext.&lt;anonymous> (/home/jihene/Documents/PFE/protractor/testing-angular-applications/chapter08/node_modules/jasminewd2/index.js:94:19)
                    at attempt (/home/jihene/Documents/PFE/protractor/testing-angular-applications/chapter08/node_modules/jasmine-core/lib/jasmine-core/jasmine.js:4297:26)
                    at QueueRunner.run (/home/jihene/Documents/PFE/protractor/testing-angular-applications/chapter08/node_modules/jasmine-core/lib/jasmine-core/jasmine.js:4217:20)
                    at QueueRunner.execute (/home/jihene/Documents/PFE/protractor/testing-angular-applications/chapter08/node_modules/jasmine-core/lib/jasmine-core/jasmine.js:4199:10)
                    at Spec.queueRunnerFactory (/home/jihene/Documents/PFE/protractor/testing-angular-applications/chapter08/node_modules/jasmine-core/lib/jasmine-core/jasmine.js:909:35)
                    at Spec.execute (/home/jihene/Documents/PFE/protractor/testing-angular-applications/chapter08/node_modules/jasmine-core/lib/jasmine-core/jasmine.js:526:10)
                    at UserContext.fn (/home/jihene/Documents/PFE/protractor/testing-angular-applications/chapter08/node_modules/jasmine-core/lib/jasmine-core/jasmine.js:5340:37)
                    at attempt (/home/jihene/Documents/PFE/protractor/testing-angular-applications/chapter08/node_modules/jasmine-core/lib/jasmine-core/jasmine.js:4297:26)
                    at QueueRunner.run (/home/jihene/Documents/PFE/protractor/testing-angular-applications/chapter08/node_modules/jasmine-core/lib/jasmine-core/jasmine.js:4217:20)
                    at runNext (/home/jihene/Documents/PFE/protractor/testing-angular-applications/chapter08/node_modules/jasmine-core/lib/jasmine-core/jasmine.js:4257:20)
                From asynchronous test: 
                Error
                    at Jasmine2Reporter.jasmineStarted (/home/jihene/Documents/PFE/protractor/testing-angular-applications/chapter08/node_modules/protractor-beautiful-reporter/index.js:4720:13)
                    at dispatch (/home/jihene/Documents/PFE/protractor/testing-angular-applications/chapter08/node_modules/jasmine-core/lib/jasmine-core/jasmine.js:4366:28)
                    at ReportDispatcher.jasmineStarted (/home/jihene/Documents/PFE/protractor/testing-angular-applications/chapter08/node_modules/jasmine-core/lib/jasmine-core/jasmine.js:4337:11)
                    at Env.execute (/home/jihene/Documents/PFE/protractor/testing-angular-applications/chapter08/node_modules/jasmine-core/lib/jasmine-core/jasmine.js:975:16)
                    at Jasmine.execute (/home/jihene/Documents/PFE/protractor/testing-angular-applications/chapter08/node_modules/jasmine/lib/jasmine.js:200:12)
                    at /home/jihene/Documents/PFE/protractor/testing-angular-applications/chapter08/node_modules/protractor/built/frameworks/jasmine.js:132:15
                    at Function.promise (/home/jihene/Documents/PFE/protractor/testing-angular-applications/chapter08/node_modules/q/q.js:682:9)
                    at /home/jihene/Documents/PFE/protractor/testing-angular-applications/chapter08/node_modules/protractor/built/frameworks/jasmine.js:104:14
                    at _fulfilled (/home/jihene/Documents/PFE/protractor/testing-angular-applications/chapter08/node_modules/q/q.js:834:54)
                From: Task: Run beforeEach in control flow
                    at UserContext.&lt;anonymous> (/home/jihene/Documents/PFE/protractor/testing-angular-applications/chapter08/node_modules/jasminewd2/index.js:94:19)
                    at attempt (/home/jihene/Documents/PFE/protractor/testing-angular-applications/chapter08/node_modules/jasmine-core/lib/jasmine-core/jasmine.js:4297:26)
                    at QueueRunner.run (/home/jihene/Documents/PFE/protractor/testing-angular-applications/chapter08/node_modules/jasmine-core/lib/jasmine-core/jasmine.js:4217:20)
                    at QueueRunner.execute (/home/jihene/Documents/PFE/protractor/testing-angular-applications/chapter08/node_modules/jasmine-core/lib/jasmine-core/jasmine.js:4199:10)
                    at Spec.queueRunnerFactory (/home/jihene/Documents/PFE/protractor/testing-angular-applications/chapter08/node_modules/jasmine-core/lib/jasmine-core/jasmine.js:909:35)
                    at Spec.execute (/home/jihene/Documents/PFE/protractor/testing-angular-applications/chapter08/node_modules/jasmine-core/lib/jasmine-core/jasmine.js:526:10)
                    at UserContext.fn (/home/jihene/Documents/PFE/protractor/testing-angular-applications/chapter08/node_modules/jasmine-core/lib/jasmine-core/jasmine.js:5340:37)
                    at attempt (/home/jihene/Documents/PFE/protractor/testing-angular-applications/chapter08/node_modules/jasmine-core/lib/jasmine-core/jasmine.js:4297:26)
                    at QueueRunner.run (/home/jihene/Documents/PFE/protractor/testing-angular-applications/chapter08/node_modules/jasmine-core/lib/jasmine-core/jasmine.js:4217:20)
                    at QueueRunner.execute (/home/jihene/Documents/PFE/protractor/testing-angular-applications/chapter08/node_modules/jasmine-core/lib/jasmine-core/jasmine.js:4199:10)
                From asynchronous test: 
                Error
                    at Jasmine2Reporter.jasmineStarted (/home/jihene/Documents/PFE/protractor/testing-angular-applications/chapter08/node_modules/protractor-beautiful-reporter/index.js:4720:13)
                    at dispatch (/home/jihene/Documents/PFE/protractor/testing-angular-applications/chapter08/node_modules/jasmine-core/lib/jasmine-core/jasmine.js:4366:28)
                    at ReportDispatcher.jasmineStarted (/home/jihene/Documents/PFE/protractor/testing-angular-applications/chapter08/node_modules/jasmine-core/lib/jasmine-core/jasmine.js:4337:11)
                    at Env.execute (/home/jihene/Documents/PFE/protractor/testing-angular-applications/chapter08/node_modules/jasmine-core/lib/jasmine-core/jasmine.js:975:16)
                    at Jasmine.execute (/home/jihene/Documents/PFE/protractor/testing-angular-applications/chapter08/node_modules/jasmine/lib/jasmine.js:200:12)
                    at /home/jihene/Documents/PFE/protractor/testing-angular-applications/chapter08/node_modules/protractor/built/frameworks/jasmine.js:132:15
                    at Function.promise (/home/jihene/Documents/PFE/protractor/testing-angular-applications/chapter08/node_modules/q/q.js:682:9)
                    at /home/jihene/Documents/PFE/protractor/testing-angular-applications/chapter08/node_modules/protractor/built/frameworks/jasmine.js:104:14
                    at _fulfilled (/home/jihene/Documents/PFE/protractor/testing-angular-applications/chapter08/node_modules/q/q.js:834:54)</stack-trace>
            </failure>
        </test-case>
        <test-case start='1552993476298' status='failed' stop='1552993477077'>
            <name>should find the contacts and verify each value</name>
            <title>should find the contacts and verify each value</title>
            <labels/>
            <parameters/>
            <steps/>
            <attachments>
                <attachment title='Screenshot' source='b4ddedbc-a45d-4694-b1a4-81bfc396a153-attachment.png' type='image/png' size='43519'/>
            </attachments>
            <failure>
                <message>Failed: timeout: Timed out receiving message from renderer: 10,000
                  (Session info: chrome=72.0.3626.109)
                  (Driver info: chromedriver=2.46.628388 (4a34a70827ac54148e092aafb70504c4ea7ae926),platform=Linux 4.15.0-46-generic x86_64)</message>
                <stack-trace>TimeoutError: timeout: Timed out receiving message from renderer: 10,000
                  (Session info: chrome=72.0.3626.109)
                  (Driver info: chromedriver=2.46.628388 (4a34a70827ac54148e092aafb70504c4ea7ae926),platform=Linux 4.15.0-46-generic x86_64)
                    at Object.checkLegacyResponse (/home/jihene/Documents/PFE/protractor/testing-angular-applications/chapter08/node_modules/selenium-webdriver/lib/error.js:505:15)
                    at parseHttpResponse (/home/jihene/Documents/PFE/protractor/testing-angular-applications/chapter08/node_modules/selenium-webdriver/lib/http.js:509:13)
                    at doSend.then.response (/home/jihene/Documents/PFE/protractor/testing-angular-applications/chapter08/node_modules/selenium-webdriver/lib/http.js:440:13)
                    at process._tickCallback (internal/process/next_tick.js:68:7)
                From: Task: WebDriver.takeScreenshot()
                    at Driver.schedule (/home/jihene/Documents/PFE/protractor/testing-angular-applications/chapter08/node_modules/selenium-webdriver/lib/webdriver.js:816:17)
                    at Driver.takeScreenshot (/home/jihene/Documents/PFE/protractor/testing-angular-applications/chapter08/node_modules/selenium-webdriver/lib/webdriver.js:1092:17)
                    at run (/home/jihene/Documents/PFE/protractor/testing-angular-applications/chapter08/node_modules/protractor/lib/browser.ts:66:27)
                    at ProtractorBrowser.to.(anonymous function) [as takeScreenshot] (/home/jihene/Documents/PFE/protractor/testing-angular-applications/chapter08/node_modules/protractor/lib/browser.ts:74:12)
                    at Jasmine2Reporter._callee8$ (/home/jihene/Documents/PFE/protractor/testing-angular-applications/chapter08/node_modules/protractor-beautiful-reporter/index.js:4990:48)
                    at tryCatch (/home/jihene/Documents/PFE/protractor/testing-angular-applications/chapter08/node_modules/protractor-beautiful-reporter/index.js:5432:40)
                    at Generator.invoke [as _invoke] (/home/jihene/Documents/PFE/protractor/testing-angular-applications/chapter08/node_modules/protractor-beautiful-reporter/index.js:5706:22)
                    at Generator.prototype.(anonymous function) [as next] (/home/jihene/Documents/PFE/protractor/testing-angular-applications/chapter08/node_modules/protractor-beautiful-reporter/index.js:5465:21)
                    at step (/home/jihene/Documents/PFE/protractor/testing-angular-applications/chapter08/node_modules/protractor-beautiful-reporter/index.js:4487:191)
                    at /home/jihene/Documents/PFE/protractor/testing-angular-applications/chapter08/node_modules/protractor-beautiful-reporter/index.js:4487:361
                From: Task: Run beforeEach in control flow
                    at UserContext.&lt;anonymous> (/home/jihene/Documents/PFE/protractor/testing-angular-applications/chapter08/node_modules/jasminewd2/index.js:94:19)
                    at attempt (/home/jihene/Documents/PFE/protractor/testing-angular-applications/chapter08/node_modules/jasmine-core/lib/jasmine-core/jasmine.js:4297:26)
                    at QueueRunner.run (/home/jihene/Documents/PFE/protractor/testing-angular-applications/chapter08/node_modules/jasmine-core/lib/jasmine-core/jasmine.js:4217:20)
                    at QueueRunner.execute (/home/jihene/Documents/PFE/protractor/testing-angular-applications/chapter08/node_modules/jasmine-core/lib/jasmine-core/jasmine.js:4199:10)
                    at Spec.queueRunnerFactory (/home/jihene/Documents/PFE/protractor/testing-angular-applications/chapter08/node_modules/jasmine-core/lib/jasmine-core/jasmine.js:909:35)
                    at Spec.execute (/home/jihene/Documents/PFE/protractor/testing-angular-applications/chapter08/node_modules/jasmine-core/lib/jasmine-core/jasmine.js:526:10)
                    at UserContext.fn (/home/jihene/Documents/PFE/protractor/testing-angular-applications/chapter08/node_modules/jasmine-core/lib/jasmine-core/jasmine.js:5340:37)
                    at attempt (/home/jihene/Documents/PFE/protractor/testing-angular-applications/chapter08/node_modules/jasmine-core/lib/jasmine-core/jasmine.js:4297:26)
                    at QueueRunner.run (/home/jihene/Documents/PFE/protractor/testing-angular-applications/chapter08/node_modules/jasmine-core/lib/jasmine-core/jasmine.js:4217:20)
                    at runNext (/home/jihene/Documents/PFE/protractor/testing-angular-applications/chapter08/node_modules/jasmine-core/lib/jasmine-core/jasmine.js:4257:20)
                From asynchronous test: 
                Error
                    at Jasmine2Reporter.jasmineStarted (/home/jihene/Documents/PFE/protractor/testing-angular-applications/chapter08/node_modules/protractor-beautiful-reporter/index.js:4720:13)
                    at dispatch (/home/jihene/Documents/PFE/protractor/testing-angular-applications/chapter08/node_modules/jasmine-core/lib/jasmine-core/jasmine.js:4366:28)
                    at ReportDispatcher.jasmineStarted (/home/jihene/Documents/PFE/protractor/testing-angular-applications/chapter08/node_modules/jasmine-core/lib/jasmine-core/jasmine.js:4337:11)
                    at Env.execute (/home/jihene/Documents/PFE/protractor/testing-angular-applications/chapter08/node_modules/jasmine-core/lib/jasmine-core/jasmine.js:975:16)
                    at Jasmine.execute (/home/jihene/Documents/PFE/protractor/testing-angular-applications/chapter08/node_modules/jasmine/lib/jasmine.js:200:12)
                    at /home/jihene/Documents/PFE/protractor/testing-angular-applications/chapter08/node_modules/protractor/built/frameworks/jasmine.js:132:15
                    at Function.promise (/home/jihene/Documents/PFE/protractor/testing-angular-applications/chapter08/node_modules/q/q.js:682:9)
                    at /home/jihene/Documents/PFE/protractor/testing-angular-applications/chapter08/node_modules/protractor/built/frameworks/jasmine.js:104:14
                    at _fulfilled (/home/jihene/Documents/PFE/protractor/testing-angular-applications/chapter08/node_modules/q/q.js:834:54)
                From: Task: Run beforeEach in control flow
                    at UserContext.&lt;anonymous> (/home/jihene/Documents/PFE/protractor/testing-angular-applications/chapter08/node_modules/jasminewd2/index.js:94:19)
                    at attempt (/home/jihene/Documents/PFE/protractor/testing-angular-applications/chapter08/node_modules/jasmine-core/lib/jasmine-core/jasmine.js:4297:26)
                    at QueueRunner.run (/home/jihene/Documents/PFE/protractor/testing-angular-applications/chapter08/node_modules/jasmine-core/lib/jasmine-core/jasmine.js:4217:20)
                    at QueueRunner.execute (/home/jihene/Documents/PFE/protractor/testing-angular-applications/chapter08/node_modules/jasmine-core/lib/jasmine-core/jasmine.js:4199:10)
                    at Spec.queueRunnerFactory (/home/jihene/Documents/PFE/protractor/testing-angular-applications/chapter08/node_modules/jasmine-core/lib/jasmine-core/jasmine.js:909:35)
                    at Spec.execute (/home/jihene/Documents/PFE/protractor/testing-angular-applications/chapter08/node_modules/jasmine-core/lib/jasmine-core/jasmine.js:526:10)
                    at UserContext.fn (/home/jihene/Documents/PFE/protractor/testing-angular-applications/chapter08/node_modules/jasmine-core/lib/jasmine-core/jasmine.js:5340:37)
                    at attempt (/home/jihene/Documents/PFE/protractor/testing-angular-applications/chapter08/node_modules/jasmine-core/lib/jasmine-core/jasmine.js:4297:26)
                    at QueueRunner.run (/home/jihene/Documents/PFE/protractor/testing-angular-applications/chapter08/node_modules/jasmine-core/lib/jasmine-core/jasmine.js:4217:20)
                    at runNext (/home/jihene/Documents/PFE/protractor/testing-angular-applications/chapter08/node_modules/jasmine-core/lib/jasmine-core/jasmine.js:4257:20)
                From asynchronous test: 
                Error
                    at Jasmine2Reporter.jasmineStarted (/home/jihene/Documents/PFE/protractor/testing-angular-applications/chapter08/node_modules/protractor-beautiful-reporter/index.js:4720:13)
                    at dispatch (/home/jihene/Documents/PFE/protractor/testing-angular-applications/chapter08/node_modules/jasmine-core/lib/jasmine-core/jasmine.js:4366:28)
                    at ReportDispatcher.jasmineStarted (/home/jihene/Documents/PFE/protractor/testing-angular-applications/chapter08/node_modules/jasmine-core/lib/jasmine-core/jasmine.js:4337:11)
                    at Env.execute (/home/jihene/Documents/PFE/protractor/testing-angular-applications/chapter08/node_modules/jasmine-core/lib/jasmine-core/jasmine.js:975:16)
                    at Jasmine.execute (/home/jihene/Documents/PFE/protractor/testing-angular-applications/chapter08/node_modules/jasmine/lib/jasmine.js:200:12)
                    at /home/jihene/Documents/PFE/protractor/testing-angular-applications/chapter08/node_modules/protractor/built/frameworks/jasmine.js:132:15
                    at Function.promise (/home/jihene/Documents/PFE/protractor/testing-angular-applications/chapter08/node_modules/q/q.js:682:9)
                    at /home/jihene/Documents/PFE/protractor/testing-angular-applications/chapter08/node_modules/protractor/built/frameworks/jasmine.js:104:14
                    at _fulfilled (/home/jihene/Documents/PFE/protractor/testing-angular-applications/chapter08/node_modules/q/q.js:834:54)
                From: Task: Run beforeEach in control flow
                    at UserContext.&lt;anonymous> (/home/jihene/Documents/PFE/protractor/testing-angular-applications/chapter08/node_modules/jasminewd2/index.js:94:19)
                    at attempt (/home/jihene/Documents/PFE/protractor/testing-angular-applications/chapter08/node_modules/jasmine-core/lib/jasmine-core/jasmine.js:4297:26)
                    at QueueRunner.run (/home/jihene/Documents/PFE/protractor/testing-angular-applications/chapter08/node_modules/jasmine-core/lib/jasmine-core/jasmine.js:4217:20)
                    at QueueRunner.execute (/home/jihene/Documents/PFE/protractor/testing-angular-applications/chapter08/node_modules/jasmine-core/lib/jasmine-core/jasmine.js:4199:10)
                    at Spec.queueRunnerFactory (/home/jihene/Documents/PFE/protractor/testing-angular-applications/chapter08/node_modules/jasmine-core/lib/jasmine-core/jasmine.js:909:35)
                    at Spec.execute (/home/jihene/Documents/PFE/protractor/testing-angular-applications/chapter08/node_modules/jasmine-core/lib/jasmine-core/jasmine.js:526:10)
                    at UserContext.fn (/home/jihene/Documents/PFE/protractor/testing-angular-applications/chapter08/node_modules/jasmine-core/lib/jasmine-core/jasmine.js:5340:37)
                    at attempt (/home/jihene/Documents/PFE/protractor/testing-angular-applications/chapter08/node_modules/jasmine-core/lib/jasmine-core/jasmine.js:4297:26)
                    at QueueRunner.run (/home/jihene/Documents/PFE/protractor/testing-angular-applications/chapter08/node_modules/jasmine-core/lib/jasmine-core/jasmine.js:4217:20)
                    at runNext (/home/jihene/Documents/PFE/protractor/testing-angular-applications/chapter08/node_modules/jasmine-core/lib/jasmine-core/jasmine.js:4257:20)
                From asynchronous test: 
                Error
                    at Jasmine2Reporter.jasmineStarted (/home/jihene/Documents/PFE/protractor/testing-angular-applications/chapter08/node_modules/protractor-beautiful-reporter/index.js:4720:13)
                    at dispatch (/home/jihene/Documents/PFE/protractor/testing-angular-applications/chapter08/node_modules/jasmine-core/lib/jasmine-core/jasmine.js:4366:28)
                    at ReportDispatcher.jasmineStarted (/home/jihene/Documents/PFE/protractor/testing-angular-applications/chapter08/node_modules/jasmine-core/lib/jasmine-core/jasmine.js:4337:11)
                    at Env.execute (/home/jihene/Documents/PFE/protractor/testing-angular-applications/chapter08/node_modules/jasmine-core/lib/jasmine-core/jasmine.js:975:16)
                    at Jasmine.execute (/home/jihene/Documents/PFE/protractor/testing-angular-applications/chapter08/node_modules/jasmine/lib/jasmine.js:200:12)
                    at /home/jihene/Documents/PFE/protractor/testing-angular-applications/chapter08/node_modules/protractor/built/frameworks/jasmine.js:132:15
                    at Function.promise (/home/jihene/Documents/PFE/protractor/testing-angular-applications/chapter08/node_modules/q/q.js:682:9)
                    at /home/jihene/Documents/PFE/protractor/testing-angular-applications/chapter08/node_modules/protractor/built/frameworks/jasmine.js:104:14
                    at _fulfilled (/home/jihene/Documents/PFE/protractor/testing-angular-applications/chapter08/node_modules/q/q.js:834:54)
                From: Task: Run beforeEach in control flow
                    at UserContext.&lt;anonymous> (/home/jihene/Documents/PFE/protractor/testing-angular-applications/chapter08/node_modules/jasminewd2/index.js:94:19)
                    at attempt (/home/jihene/Documents/PFE/protractor/testing-angular-applications/chapter08/node_modules/jasmine-core/lib/jasmine-core/jasmine.js:4297:26)
                    at QueueRunner.run (/home/jihene/Documents/PFE/protractor/testing-angular-applications/chapter08/node_modules/jasmine-core/lib/jasmine-core/jasmine.js:4217:20)
                    at QueueRunner.execute (/home/jihene/Documents/PFE/protractor/testing-angular-applications/chapter08/node_modules/jasmine-core/lib/jasmine-core/jasmine.js:4199:10)
                    at Spec.queueRunnerFactory (/home/jihene/Documents/PFE/protractor/testing-angular-applications/chapter08/node_modules/jasmine-core/lib/jasmine-core/jasmine.js:909:35)
                    at Spec.execute (/home/jihene/Documents/PFE/protractor/testing-angular-applications/chapter08/node_modules/jasmine-core/lib/jasmine-core/jasmine.js:526:10)
                    at UserContext.fn (/home/jihene/Documents/PFE/protractor/testing-angular-applications/chapter08/node_modules/jasmine-core/lib/jasmine-core/jasmine.js:5340:37)
                    at attempt (/home/jihene/Documents/PFE/protractor/testing-angular-applications/chapter08/node_modules/jasmine-core/lib/jasmine-core/jasmine.js:4297:26)
                    at QueueRunner.run (/home/jihene/Documents/PFE/protractor/testing-angular-applications/chapter08/node_modules/jasmine-core/lib/jasmine-core/jasmine.js:4217:20)
                    at runNext (/home/jihene/Documents/PFE/protractor/testing-angular-applications/chapter08/node_modules/jasmine-core/lib/jasmine-core/jasmine.js:4257:20)
                From asynchronous test: 
                Error
                    at Jasmine2Reporter.jasmineStarted (/home/jihene/Documents/PFE/protractor/testing-angular-applications/chapter08/node_modules/protractor-beautiful-reporter/index.js:4720:13)
                    at dispatch (/home/jihene/Documents/PFE/protractor/testing-angular-applications/chapter08/node_modules/jasmine-core/lib/jasmine-core/jasmine.js:4366:28)
                    at ReportDispatcher.jasmineStarted (/home/jihene/Documents/PFE/protractor/testing-angular-applications/chapter08/node_modules/jasmine-core/lib/jasmine-core/jasmine.js:4337:11)
                    at Env.execute (/home/jihene/Documents/PFE/protractor/testing-angular-applications/chapter08/node_modules/jasmine-core/lib/jasmine-core/jasmine.js:975:16)
                    at Jasmine.execute (/home/jihene/Documents/PFE/protractor/testing-angular-applications/chapter08/node_modules/jasmine/lib/jasmine.js:200:12)
                    at /home/jihene/Documents/PFE/protractor/testing-angular-applications/chapter08/node_modules/protractor/built/frameworks/jasmine.js:132:15
                    at Function.promise (/home/jihene/Documents/PFE/protractor/testing-angular-applications/chapter08/node_modules/q/q.js:682:9)
                    at /home/jihene/Documents/PFE/protractor/testing-angular-applications/chapter08/node_modules/protractor/built/frameworks/jasmine.js:104:14
                    at _fulfilled (/home/jihene/Documents/PFE/protractor/testing-angular-applications/chapter08/node_modules/q/q.js:834:54)
                From: Task: Run beforeEach in control flow
                    at UserContext.&lt;anonymous> (/home/jihene/Documents/PFE/protractor/testing-angular-applications/chapter08/node_modules/jasminewd2/index.js:94:19)
                    at attempt (/home/jihene/Documents/PFE/protractor/testing-angular-applications/chapter08/node_modules/jasmine-core/lib/jasmine-core/jasmine.js:4297:26)
                    at QueueRunner.run (/home/jihene/Documents/PFE/protractor/testing-angular-applications/chapter08/node_modules/jasmine-core/lib/jasmine-core/jasmine.js:4217:20)
                    at QueueRunner.execute (/home/jihene/Documents/PFE/protractor/testing-angular-applications/chapter08/node_modules/jasmine-core/lib/jasmine-core/jasmine.js:4199:10)
                    at Spec.queueRunnerFactory (/home/jihene/Documents/PFE/protractor/testing-angular-applications/chapter08/node_modules/jasmine-core/lib/jasmine-core/jasmine.js:909:35)
                    at Spec.execute (/home/jihene/Documents/PFE/protractor/testing-angular-applications/chapter08/node_modules/jasmine-core/lib/jasmine-core/jasmine.js:526:10)
                    at UserContext.fn (/home/jihene/Documents/PFE/protractor/testing-angular-applications/chapter08/node_modules/jasmine-core/lib/jasmine-core/jasmine.js:5340:37)
                    at attempt (/home/jihene/Documents/PFE/protractor/testing-angular-applications/chapter08/node_modules/jasmine-core/lib/jasmine-core/jasmine.js:4297:26)
                    at QueueRunner.run (/home/jihene/Documents/PFE/protractor/testing-angular-applications/chapter08/node_modules/jasmine-core/lib/jasmine-core/jasmine.js:4217:20)
                    at QueueRunner.execute (/home/jihene/Documents/PFE/protractor/testing-angular-applications/chapter08/node_modules/jasmine-core/lib/jasmine-core/jasmine.js:4199:10)
                From asynchronous test: 
                Error
                    at Jasmine2Reporter.jasmineStarted (/home/jihene/Documents/PFE/protractor/testing-angular-applications/chapter08/node_modules/protractor-beautiful-reporter/index.js:4720:13)
                    at dispatch (/home/jihene/Documents/PFE/protractor/testing-angular-applications/chapter08/node_modules/jasmine-core/lib/jasmine-core/jasmine.js:4366:28)
                    at ReportDispatcher.jasmineStarted (/home/jihene/Documents/PFE/protractor/testing-angular-applications/chapter08/node_modules/jasmine-core/lib/jasmine-core/jasmine.js:4337:11)
                    at Env.execute (/home/jihene/Documents/PFE/protractor/testing-angular-applications/chapter08/node_modules/jasmine-core/lib/jasmine-core/jasmine.js:975:16)
                    at Jasmine.execute (/home/jihene/Documents/PFE/protractor/testing-angular-applications/chapter08/node_modules/jasmine/lib/jasmine.js:200:12)
                    at /home/jihene/Documents/PFE/protractor/testing-angular-applications/chapter08/node_modules/protractor/built/frameworks/jasmine.js:132:15
                    at Function.promise (/home/jihene/Documents/PFE/protractor/testing-angular-applications/chapter08/node_modules/q/q.js:682:9)
                    at /home/jihene/Documents/PFE/protractor/testing-angular-applications/chapter08/node_modules/protractor/built/frameworks/jasmine.js:104:14
                    at _fulfilled (/home/jihene/Documents/PFE/protractor/testing-angular-applications/chapter08/node_modules/q/q.js:834:54)
                From: Task: Run beforeEach in control flow
                    at UserContext.&lt;anonymous> (/home/jihene/Documents/PFE/protractor/testing-angular-applications/chapter08/node_modules/jasminewd2/index.js:94:19)
                    at attempt (/home/jihene/Documents/PFE/protractor/testing-angular-applications/chapter08/node_modules/jasmine-core/lib/jasmine-core/jasmine.js:4297:26)
                    at QueueRunner.run (/home/jihene/Documents/PFE/protractor/testing-angular-applications/chapter08/node_modules/jasmine-core/lib/jasmine-core/jasmine.js:4217:20)
                    at QueueRunner.execute (/home/jihene/Documents/PFE/protractor/testing-angular-applications/chapter08/node_modules/jasmine-core/lib/jasmine-core/jasmine.js:4199:10)
                    at Spec.queueRunnerFactory (/home/jihene/Documents/PFE/protractor/testing-angular-applications/chapter08/node_modules/jasmine-core/lib/jasmine-core/jasmine.js:909:35)
                    at Spec.execute (/home/jihene/Documents/PFE/protractor/testing-angular-applications/chapter08/node_modules/jasmine-core/lib/jasmine-core/jasmine.js:526:10)
                    at UserContext.fn (/home/jihene/Documents/PFE/protractor/testing-angular-applications/chapter08/node_modules/jasmine-core/lib/jasmine-core/jasmine.js:5340:37)
                    at attempt (/home/jihene/Documents/PFE/protractor/testing-angular-applications/chapter08/node_modules/jasmine-core/lib/jasmine-core/jasmine.js:4297:26)
                    at QueueRunner.run (/home/jihene/Documents/PFE/protractor/testing-angular-applications/chapter08/node_modules/jasmine-core/lib/jasmine-core/jasmine.js:4217:20)
                    at runNext (/home/jihene/Documents/PFE/protractor/testing-angular-applications/chapter08/node_modules/jasmine-core/lib/jasmine-core/jasmine.js:4257:20)
                From asynchronous test: 
                Error
                    at Jasmine2Reporter.jasmineStarted (/home/jihene/Documents/PFE/protractor/testing-angular-applications/chapter08/node_modules/protractor-beautiful-reporter/index.js:4720:13)
                    at dispatch (/home/jihene/Documents/PFE/protractor/testing-angular-applications/chapter08/node_modules/jasmine-core/lib/jasmine-core/jasmine.js:4366:28)
                    at ReportDispatcher.jasmineStarted (/home/jihene/Documents/PFE/protractor/testing-angular-applications/chapter08/node_modules/jasmine-core/lib/jasmine-core/jasmine.js:4337:11)
                    at Env.execute (/home/jihene/Documents/PFE/protractor/testing-angular-applications/chapter08/node_modules/jasmine-core/lib/jasmine-core/jasmine.js:975:16)
                    at Jasmine.execute (/home/jihene/Documents/PFE/protractor/testing-angular-applications/chapter08/node_modules/jasmine/lib/jasmine.js:200:12)
                    at /home/jihene/Documents/PFE/protractor/testing-angular-applications/chapter08/node_modules/protractor/built/frameworks/jasmine.js:132:15
                    at Function.promise (/home/jihene/Documents/PFE/protractor/testing-angular-applications/chapter08/node_modules/q/q.js:682:9)
                    at /home/jihene/Documents/PFE/protractor/testing-angular-applications/chapter08/node_modules/protractor/built/frameworks/jasmine.js:104:14
                    at _fulfilled (/home/jihene/Documents/PFE/protractor/testing-angular-applications/chapter08/node_modules/q/q.js:834:54)</stack-trace>
            </failure>
        </test-case>
        <test-case start='1552993477077' status='failed' stop='1552993477409'>
            <name>should get the contact names so we can print them to console</name>
            <title>should get the contact names so we can print them to console</title>
            <labels/>
            <parameters/>
            <steps/>
            <attachments>
                <attachment title='Screenshot' source='9a47c2ad-9d17-4c05-8819-c754504f6192-attachment.png' type='image/png' size='43519'/>
            </attachments>
            <failure>
                <message>Failed: timeout: Timed out receiving message from renderer: 10,000
                  (Session info: chrome=72.0.3626.109)
                  (Driver info: chromedriver=2.46.628388 (4a34a70827ac54148e092aafb70504c4ea7ae926),platform=Linux 4.15.0-46-generic x86_64)</message>
                <stack-trace>TimeoutError: timeout: Timed out receiving message from renderer: 10,000
                  (Session info: chrome=72.0.3626.109)
                  (Driver info: chromedriver=2.46.628388 (4a34a70827ac54148e092aafb70504c4ea7ae926),platform=Linux 4.15.0-46-generic x86_64)
                    at Object.checkLegacyResponse (/home/jihene/Documents/PFE/protractor/testing-angular-applications/chapter08/node_modules/selenium-webdriver/lib/error.js:505:15)
                    at parseHttpResponse (/home/jihene/Documents/PFE/protractor/testing-angular-applications/chapter08/node_modules/selenium-webdriver/lib/http.js:509:13)
                    at doSend.then.response (/home/jihene/Documents/PFE/protractor/testing-angular-applications/chapter08/node_modules/selenium-webdriver/lib/http.js:440:13)
                    at process._tickCallback (internal/process/next_tick.js:68:7)
                From: Task: WebDriver.takeScreenshot()
                    at Driver.schedule (/home/jihene/Documents/PFE/protractor/testing-angular-applications/chapter08/node_modules/selenium-webdriver/lib/webdriver.js:816:17)
                    at Driver.takeScreenshot (/home/jihene/Documents/PFE/protractor/testing-angular-applications/chapter08/node_modules/selenium-webdriver/lib/webdriver.js:1092:17)
                    at run (/home/jihene/Documents/PFE/protractor/testing-angular-applications/chapter08/node_modules/protractor/lib/browser.ts:66:27)
                    at ProtractorBrowser.to.(anonymous function) [as takeScreenshot] (/home/jihene/Documents/PFE/protractor/testing-angular-applications/chapter08/node_modules/protractor/lib/browser.ts:74:12)
                    at Jasmine2Reporter._callee8$ (/home/jihene/Documents/PFE/protractor/testing-angular-applications/chapter08/node_modules/protractor-beautiful-reporter/index.js:4990:48)
                    at tryCatch (/home/jihene/Documents/PFE/protractor/testing-angular-applications/chapter08/node_modules/protractor-beautiful-reporter/index.js:5432:40)
                    at Generator.invoke [as _invoke] (/home/jihene/Documents/PFE/protractor/testing-angular-applications/chapter08/node_modules/protractor-beautiful-reporter/index.js:5706:22)
                    at Generator.prototype.(anonymous function) [as next] (/home/jihene/Documents/PFE/protractor/testing-angular-applications/chapter08/node_modules/protractor-beautiful-reporter/index.js:5465:21)
                    at step (/home/jihene/Documents/PFE/protractor/testing-angular-applications/chapter08/node_modules/protractor-beautiful-reporter/index.js:4487:191)
                    at /home/jihene/Documents/PFE/protractor/testing-angular-applications/chapter08/node_modules/protractor-beautiful-reporter/index.js:4487:361
                From: Task: Run beforeEach in control flow
                    at UserContext.&lt;anonymous> (/home/jihene/Documents/PFE/protractor/testing-angular-applications/chapter08/node_modules/jasminewd2/index.js:94:19)
                    at attempt (/home/jihene/Documents/PFE/protractor/testing-angular-applications/chapter08/node_modules/jasmine-core/lib/jasmine-core/jasmine.js:4297:26)
                    at QueueRunner.run (/home/jihene/Documents/PFE/protractor/testing-angular-applications/chapter08/node_modules/jasmine-core/lib/jasmine-core/jasmine.js:4217:20)
                    at QueueRunner.execute (/home/jihene/Documents/PFE/protractor/testing-angular-applications/chapter08/node_modules/jasmine-core/lib/jasmine-core/jasmine.js:4199:10)
                    at Spec.queueRunnerFactory (/home/jihene/Documents/PFE/protractor/testing-angular-applications/chapter08/node_modules/jasmine-core/lib/jasmine-core/jasmine.js:909:35)
                    at Spec.execute (/home/jihene/Documents/PFE/protractor/testing-angular-applications/chapter08/node_modules/jasmine-core/lib/jasmine-core/jasmine.js:526:10)
                    at UserContext.fn (/home/jihene/Documents/PFE/protractor/testing-angular-applications/chapter08/node_modules/jasmine-core/lib/jasmine-core/jasmine.js:5340:37)
                    at attempt (/home/jihene/Documents/PFE/protractor/testing-angular-applications/chapter08/node_modules/jasmine-core/lib/jasmine-core/jasmine.js:4297:26)
                    at QueueRunner.run (/home/jihene/Documents/PFE/protractor/testing-angular-applications/chapter08/node_modules/jasmine-core/lib/jasmine-core/jasmine.js:4217:20)
                    at runNext (/home/jihene/Documents/PFE/protractor/testing-angular-applications/chapter08/node_modules/jasmine-core/lib/jasmine-core/jasmine.js:4257:20)
                From asynchronous test: 
                Error
                    at Jasmine2Reporter.jasmineStarted (/home/jihene/Documents/PFE/protractor/testing-angular-applications/chapter08/node_modules/protractor-beautiful-reporter/index.js:4720:13)
                    at dispatch (/home/jihene/Documents/PFE/protractor/testing-angular-applications/chapter08/node_modules/jasmine-core/lib/jasmine-core/jasmine.js:4366:28)
                    at ReportDispatcher.jasmineStarted (/home/jihene/Documents/PFE/protractor/testing-angular-applications/chapter08/node_modules/jasmine-core/lib/jasmine-core/jasmine.js:4337:11)
                    at Env.execute (/home/jihene/Documents/PFE/protractor/testing-angular-applications/chapter08/node_modules/jasmine-core/lib/jasmine-core/jasmine.js:975:16)
                    at Jasmine.execute (/home/jihene/Documents/PFE/protractor/testing-angular-applications/chapter08/node_modules/jasmine/lib/jasmine.js:200:12)
                    at /home/jihene/Documents/PFE/protractor/testing-angular-applications/chapter08/node_modules/protractor/built/frameworks/jasmine.js:132:15
                    at Function.promise (/home/jihene/Documents/PFE/protractor/testing-angular-applications/chapter08/node_modules/q/q.js:682:9)
                    at /home/jihene/Documents/PFE/protractor/testing-angular-applications/chapter08/node_modules/protractor/built/frameworks/jasmine.js:104:14
                    at _fulfilled (/home/jihene/Documents/PFE/protractor/testing-angular-applications/chapter08/node_modules/q/q.js:834:54)
                From: Task: Run beforeEach in control flow
                    at UserContext.&lt;anonymous> (/home/jihene/Documents/PFE/protractor/testing-angular-applications/chapter08/node_modules/jasminewd2/index.js:94:19)
                    at attempt (/home/jihene/Documents/PFE/protractor/testing-angular-applications/chapter08/node_modules/jasmine-core/lib/jasmine-core/jasmine.js:4297:26)
                    at QueueRunner.run (/home/jihene/Documents/PFE/protractor/testing-angular-applications/chapter08/node_modules/jasmine-core/lib/jasmine-core/jasmine.js:4217:20)
                    at QueueRunner.execute (/home/jihene/Documents/PFE/protractor/testing-angular-applications/chapter08/node_modules/jasmine-core/lib/jasmine-core/jasmine.js:4199:10)
                    at Spec.queueRunnerFactory (/home/jihene/Documents/PFE/protractor/testing-angular-applications/chapter08/node_modules/jasmine-core/lib/jasmine-core/jasmine.js:909:35)
                    at Spec.execute (/home/jihene/Documents/PFE/protractor/testing-angular-applications/chapter08/node_modules/jasmine-core/lib/jasmine-core/jasmine.js:526:10)
                    at UserContext.fn (/home/jihene/Documents/PFE/protractor/testing-angular-applications/chapter08/node_modules/jasmine-core/lib/jasmine-core/jasmine.js:5340:37)
                    at attempt (/home/jihene/Documents/PFE/protractor/testing-angular-applications/chapter08/node_modules/jasmine-core/lib/jasmine-core/jasmine.js:4297:26)
                    at QueueRunner.run (/home/jihene/Documents/PFE/protractor/testing-angular-applications/chapter08/node_modules/jasmine-core/lib/jasmine-core/jasmine.js:4217:20)
                    at runNext (/home/jihene/Documents/PFE/protractor/testing-angular-applications/chapter08/node_modules/jasmine-core/lib/jasmine-core/jasmine.js:4257:20)
                From asynchronous test: 
                Error
                    at Jasmine2Reporter.jasmineStarted (/home/jihene/Documents/PFE/protractor/testing-angular-applications/chapter08/node_modules/protractor-beautiful-reporter/index.js:4720:13)
                    at dispatch (/home/jihene/Documents/PFE/protractor/testing-angular-applications/chapter08/node_modules/jasmine-core/lib/jasmine-core/jasmine.js:4366:28)
                    at ReportDispatcher.jasmineStarted (/home/jihene/Documents/PFE/protractor/testing-angular-applications/chapter08/node_modules/jasmine-core/lib/jasmine-core/jasmine.js:4337:11)
                    at Env.execute (/home/jihene/Documents/PFE/protractor/testing-angular-applications/chapter08/node_modules/jasmine-core/lib/jasmine-core/jasmine.js:975:16)
                    at Jasmine.execute (/home/jihene/Documents/PFE/protractor/testing-angular-applications/chapter08/node_modules/jasmine/lib/jasmine.js:200:12)
                    at /home/jihene/Documents/PFE/protractor/testing-angular-applications/chapter08/node_modules/protractor/built/frameworks/jasmine.js:132:15
                    at Function.promise (/home/jihene/Documents/PFE/protractor/testing-angular-applications/chapter08/node_modules/q/q.js:682:9)
                    at /home/jihene/Documents/PFE/protractor/testing-angular-applications/chapter08/node_modules/protractor/built/frameworks/jasmine.js:104:14
                    at _fulfilled (/home/jihene/Documents/PFE/protractor/testing-angular-applications/chapter08/node_modules/q/q.js:834:54)
                From: Task: Run beforeEach in control flow
                    at UserContext.&lt;anonymous> (/home/jihene/Documents/PFE/protractor/testing-angular-applications/chapter08/node_modules/jasminewd2/index.js:94:19)
                    at attempt (/home/jihene/Documents/PFE/protractor/testing-angular-applications/chapter08/node_modules/jasmine-core/lib/jasmine-core/jasmine.js:4297:26)
                    at QueueRunner.run (/home/jihene/Documents/PFE/protractor/testing-angular-applications/chapter08/node_modules/jasmine-core/lib/jasmine-core/jasmine.js:4217:20)
                    at QueueRunner.execute (/home/jihene/Documents/PFE/protractor/testing-angular-applications/chapter08/node_modules/jasmine-core/lib/jasmine-core/jasmine.js:4199:10)
                    at Spec.queueRunnerFactory (/home/jihene/Documents/PFE/protractor/testing-angular-applications/chapter08/node_modules/jasmine-core/lib/jasmine-core/jasmine.js:909:35)
                    at Spec.execute (/home/jihene/Documents/PFE/protractor/testing-angular-applications/chapter08/node_modules/jasmine-core/lib/jasmine-core/jasmine.js:526:10)
                    at UserContext.fn (/home/jihene/Documents/PFE/protractor/testing-angular-applications/chapter08/node_modules/jasmine-core/lib/jasmine-core/jasmine.js:5340:37)
                    at attempt (/home/jihene/Documents/PFE/protractor/testing-angular-applications/chapter08/node_modules/jasmine-core/lib/jasmine-core/jasmine.js:4297:26)
                    at QueueRunner.run (/home/jihene/Documents/PFE/protractor/testing-angular-applications/chapter08/node_modules/jasmine-core/lib/jasmine-core/jasmine.js:4217:20)
                    at runNext (/home/jihene/Documents/PFE/protractor/testing-angular-applications/chapter08/node_modules/jasmine-core/lib/jasmine-core/jasmine.js:4257:20)
                From asynchronous test: 
                Error
                    at Jasmine2Reporter.jasmineStarted (/home/jihene/Documents/PFE/protractor/testing-angular-applications/chapter08/node_modules/protractor-beautiful-reporter/index.js:4720:13)
                    at dispatch (/home/jihene/Documents/PFE/protractor/testing-angular-applications/chapter08/node_modules/jasmine-core/lib/jasmine-core/jasmine.js:4366:28)
                    at ReportDispatcher.jasmineStarted (/home/jihene/Documents/PFE/protractor/testing-angular-applications/chapter08/node_modules/jasmine-core/lib/jasmine-core/jasmine.js:4337:11)
                    at Env.execute (/home/jihene/Documents/PFE/protractor/testing-angular-applications/chapter08/node_modules/jasmine-core/lib/jasmine-core/jasmine.js:975:16)
                    at Jasmine.execute (/home/jihene/Documents/PFE/protractor/testing-angular-applications/chapter08/node_modules/jasmine/lib/jasmine.js:200:12)
                    at /home/jihene/Documents/PFE/protractor/testing-angular-applications/chapter08/node_modules/protractor/built/frameworks/jasmine.js:132:15
                    at Function.promise (/home/jihene/Documents/PFE/protractor/testing-angular-applications/chapter08/node_modules/q/q.js:682:9)
                    at /home/jihene/Documents/PFE/protractor/testing-angular-applications/chapter08/node_modules/protractor/built/frameworks/jasmine.js:104:14
                    at _fulfilled (/home/jihene/Documents/PFE/protractor/testing-angular-applications/chapter08/node_modules/q/q.js:834:54)
                From: Task: Run beforeEach in control flow
                    at UserContext.&lt;anonymous> (/home/jihene/Documents/PFE/protractor/testing-angular-applications/chapter08/node_modules/jasminewd2/index.js:94:19)
                    at attempt (/home/jihene/Documents/PFE/protractor/testing-angular-applications/chapter08/node_modules/jasmine-core/lib/jasmine-core/jasmine.js:4297:26)
                    at QueueRunner.run (/home/jihene/Documents/PFE/protractor/testing-angular-applications/chapter08/node_modules/jasmine-core/lib/jasmine-core/jasmine.js:4217:20)
                    at QueueRunner.execute (/home/jihene/Documents/PFE/protractor/testing-angular-applications/chapter08/node_modules/jasmine-core/lib/jasmine-core/jasmine.js:4199:10)
                    at Spec.queueRunnerFactory (/home/jihene/Documents/PFE/protractor/testing-angular-applications/chapter08/node_modules/jasmine-core/lib/jasmine-core/jasmine.js:909:35)
                    at Spec.execute (/home/jihene/Documents/PFE/protractor/testing-angular-applications/chapter08/node_modules/jasmine-core/lib/jasmine-core/jasmine.js:526:10)
                    at UserContext.fn (/home/jihene/Documents/PFE/protractor/testing-angular-applications/chapter08/node_modules/jasmine-core/lib/jasmine-core/jasmine.js:5340:37)
                    at attempt (/home/jihene/Documents/PFE/protractor/testing-angular-applications/chapter08/node_modules/jasmine-core/lib/jasmine-core/jasmine.js:4297:26)
                    at QueueRunner.run (/home/jihene/Documents/PFE/protractor/testing-angular-applications/chapter08/node_modules/jasmine-core/lib/jasmine-core/jasmine.js:4217:20)
                    at runNext (/home/jihene/Documents/PFE/protractor/testing-angular-applications/chapter08/node_modules/jasmine-core/lib/jasmine-core/jasmine.js:4257:20)
                From asynchronous test: 
                Error
                    at Jasmine2Reporter.jasmineStarted (/home/jihene/Documents/PFE/protractor/testing-angular-applications/chapter08/node_modules/protractor-beautiful-reporter/index.js:4720:13)
                    at dispatch (/home/jihene/Documents/PFE/protractor/testing-angular-applications/chapter08/node_modules/jasmine-core/lib/jasmine-core/jasmine.js:4366:28)
                    at ReportDispatcher.jasmineStarted (/home/jihene/Documents/PFE/protractor/testing-angular-applications/chapter08/node_modules/jasmine-core/lib/jasmine-core/jasmine.js:4337:11)
                    at Env.execute (/home/jihene/Documents/PFE/protractor/testing-angular-applications/chapter08/node_modules/jasmine-core/lib/jasmine-core/jasmine.js:975:16)
                    at Jasmine.execute (/home/jihene/Documents/PFE/protractor/testing-angular-applications/chapter08/node_modules/jasmine/lib/jasmine.js:200:12)
                    at /home/jihene/Documents/PFE/protractor/testing-angular-applications/chapter08/node_modules/protractor/built/frameworks/jasmine.js:132:15
                    at Function.promise (/home/jihene/Documents/PFE/protractor/testing-angular-applications/chapter08/node_modules/q/q.js:682:9)
                    at /home/jihene/Documents/PFE/protractor/testing-angular-applications/chapter08/node_modules/protractor/built/frameworks/jasmine.js:104:14
                    at _fulfilled (/home/jihene/Documents/PFE/protractor/testing-angular-applications/chapter08/node_modules/q/q.js:834:54)
                From: Task: Run beforeEach in control flow
                    at UserContext.&lt;anonymous> (/home/jihene/Documents/PFE/protractor/testing-angular-applications/chapter08/node_modules/jasminewd2/index.js:94:19)
                    at attempt (/home/jihene/Documents/PFE/protractor/testing-angular-applications/chapter08/node_modules/jasmine-core/lib/jasmine-core/jasmine.js:4297:26)
                    at QueueRunner.run (/home/jihene/Documents/PFE/protractor/testing-angular-applications/chapter08/node_modules/jasmine-core/lib/jasmine-core/jasmine.js:4217:20)
                    at QueueRunner.execute (/home/jihene/Documents/PFE/protractor/testing-angular-applications/chapter08/node_modules/jasmine-core/lib/jasmine-core/jasmine.js:4199:10)
                    at Spec.queueRunnerFactory (/home/jihene/Documents/PFE/protractor/testing-angular-applications/chapter08/node_modules/jasmine-core/lib/jasmine-core/jasmine.js:909:35)
                    at Spec.execute (/home/jihene/Documents/PFE/protractor/testing-angular-applications/chapter08/node_modules/jasmine-core/lib/jasmine-core/jasmine.js:526:10)
                    at UserContext.fn (/home/jihene/Documents/PFE/protractor/testing-angular-applications/chapter08/node_modules/jasmine-core/lib/jasmine-core/jasmine.js:5340:37)
                    at attempt (/home/jihene/Documents/PFE/protractor/testing-angular-applications/chapter08/node_modules/jasmine-core/lib/jasmine-core/jasmine.js:4297:26)
                    at QueueRunner.run (/home/jihene/Documents/PFE/protractor/testing-angular-applications/chapter08/node_modules/jasmine-core/lib/jasmine-core/jasmine.js:4217:20)
                    at QueueRunner.execute (/home/jihene/Documents/PFE/protractor/testing-angular-applications/chapter08/node_modules/jasmine-core/lib/jasmine-core/jasmine.js:4199:10)
                From asynchronous test: 
                Error
                    at Jasmine2Reporter.jasmineStarted (/home/jihene/Documents/PFE/protractor/testing-angular-applications/chapter08/node_modules/protractor-beautiful-reporter/index.js:4720:13)
                    at dispatch (/home/jihene/Documents/PFE/protractor/testing-angular-applications/chapter08/node_modules/jasmine-core/lib/jasmine-core/jasmine.js:4366:28)
                    at ReportDispatcher.jasmineStarted (/home/jihene/Documents/PFE/protractor/testing-angular-applications/chapter08/node_modules/jasmine-core/lib/jasmine-core/jasmine.js:4337:11)
                    at Env.execute (/home/jihene/Documents/PFE/protractor/testing-angular-applications/chapter08/node_modules/jasmine-core/lib/jasmine-core/jasmine.js:975:16)
                    at Jasmine.execute (/home/jihene/Documents/PFE/protractor/testing-angular-applications/chapter08/node_modules/jasmine/lib/jasmine.js:200:12)
                    at /home/jihene/Documents/PFE/protractor/testing-angular-applications/chapter08/node_modules/protractor/built/frameworks/jasmine.js:132:15
                    at Function.promise (/home/jihene/Documents/PFE/protractor/testing-angular-applications/chapter08/node_modules/q/q.js:682:9)
                    at /home/jihene/Documents/PFE/protractor/testing-angular-applications/chapter08/node_modules/protractor/built/frameworks/jasmine.js:104:14
                    at _fulfilled (/home/jihene/Documents/PFE/protractor/testing-angular-applications/chapter08/node_modules/q/q.js:834:54)
                From: Task: Run beforeEach in control flow
                    at UserContext.&lt;anonymous> (/home/jihene/Documents/PFE/protractor/testing-angular-applications/chapter08/node_modules/jasminewd2/index.js:94:19)
                    at attempt (/home/jihene/Documents/PFE/protractor/testing-angular-applications/chapter08/node_modules/jasmine-core/lib/jasmine-core/jasmine.js:4297:26)
                    at QueueRunner.run (/home/jihene/Documents/PFE/protractor/testing-angular-applications/chapter08/node_modules/jasmine-core/lib/jasmine-core/jasmine.js:4217:20)
                    at QueueRunner.execute (/home/jihene/Documents/PFE/protractor/testing-angular-applications/chapter08/node_modules/jasmine-core/lib/jasmine-core/jasmine.js:4199:10)
                    at Spec.queueRunnerFactory (/home/jihene/Documents/PFE/protractor/testing-angular-applications/chapter08/node_modules/jasmine-core/lib/jasmine-core/jasmine.js:909:35)
                    at Spec.execute (/home/jihene/Documents/PFE/protractor/testing-angular-applications/chapter08/node_modules/jasmine-core/lib/jasmine-core/jasmine.js:526:10)
                    at UserContext.fn (/home/jihene/Documents/PFE/protractor/testing-angular-applications/chapter08/node_modules/jasmine-core/lib/jasmine-core/jasmine.js:5340:37)
                    at attempt (/home/jihene/Documents/PFE/protractor/testing-angular-applications/chapter08/node_modules/jasmine-core/lib/jasmine-core/jasmine.js:4297:26)
                    at QueueRunner.run (/home/jihene/Documents/PFE/protractor/testing-angular-applications/chapter08/node_modules/jasmine-core/lib/jasmine-core/jasmine.js:4217:20)
                    at runNext (/home/jihene/Documents/PFE/protractor/testing-angular-applications/chapter08/node_modules/jasmine-core/lib/jasmine-core/jasmine.js:4257:20)
                From asynchronous test: 
                Error
                    at Jasmine2Reporter.jasmineStarted (/home/jihene/Documents/PFE/protractor/testing-angular-applications/chapter08/node_modules/protractor-beautiful-reporter/index.js:4720:13)
                    at dispatch (/home/jihene/Documents/PFE/protractor/testing-angular-applications/chapter08/node_modules/jasmine-core/lib/jasmine-core/jasmine.js:4366:28)
                    at ReportDispatcher.jasmineStarted (/home/jihene/Documents/PFE/protractor/testing-angular-applications/chapter08/node_modules/jasmine-core/lib/jasmine-core/jasmine.js:4337:11)
                    at Env.execute (/home/jihene/Documents/PFE/protractor/testing-angular-applications/chapter08/node_modules/jasmine-core/lib/jasmine-core/jasmine.js:975:16)
                    at Jasmine.execute (/home/jihene/Documents/PFE/protractor/testing-angular-applications/chapter08/node_modules/jasmine/lib/jasmine.js:200:12)
                    at /home/jihene/Documents/PFE/protractor/testing-angular-applications/chapter08/node_modules/protractor/built/frameworks/jasmine.js:132:15
                    at Function.promise (/home/jihene/Documents/PFE/protractor/testing-angular-applications/chapter08/node_modules/q/q.js:682:9)
                    at /home/jihene/Documents/PFE/protractor/testing-angular-applications/chapter08/node_modules/protractor/built/frameworks/jasmine.js:104:14
                    at _fulfilled (/home/jihene/Documents/PFE/protractor/testing-angular-applications/chapter08/node_modules/q/q.js:834:54)
                From: Task: Run beforeEach in control flow
                    at UserContext.&lt;anonymous> (/home/jihene/Documents/PFE/protractor/testing-angular-applications/chapter08/node_modules/jasminewd2/index.js:94:19)
                    at attempt (/home/jihene/Documents/PFE/protractor/testing-angular-applications/chapter08/node_modules/jasmine-core/lib/jasmine-core/jasmine.js:4297:26)
                    at QueueRunner.run (/home/jihene/Documents/PFE/protractor/testing-angular-applications/chapter08/node_modules/jasmine-core/lib/jasmine-core/jasmine.js:4217:20)
                    at QueueRunner.execute (/home/jihene/Documents/PFE/protractor/testing-angular-applications/chapter08/node_modules/jasmine-core/lib/jasmine-core/jasmine.js:4199:10)
                    at Spec.queueRunnerFactory (/home/jihene/Documents/PFE/protractor/testing-angular-applications/chapter08/node_modules/jasmine-core/lib/jasmine-core/jasmine.js:909:35)
                    at Spec.execute (/home/jihene/Documents/PFE/protractor/testing-angular-applications/chapter08/node_modules/jasmine-core/lib/jasmine-core/jasmine.js:526:10)
                    at UserContext.fn (/home/jihene/Documents/PFE/protractor/testing-angular-applications/chapter08/node_modules/jasmine-core/lib/jasmine-core/jasmine.js:5340:37)
                    at attempt (/home/jihene/Documents/PFE/protractor/testing-angular-applications/chapter08/node_modules/jasmine-core/lib/jasmine-core/jasmine.js:4297:26)
                    at QueueRunner.run (/home/jihene/Documents/PFE/protractor/testing-angular-applications/chapter08/node_modules/jasmine-core/lib/jasmine-core/jasmine.js:4217:20)
                    at runNext (/home/jihene/Documents/PFE/protractor/testing-angular-applications/chapter08/node_modules/jasmine-core/lib/jasmine-core/jasmine.js:4257:20)
                From asynchronous test: 
                Error
                    at Jasmine2Reporter.jasmineStarted (/home/jihene/Documents/PFE/protractor/testing-angular-applications/chapter08/node_modules/protractor-beautiful-reporter/index.js:4720:13)
                    at dispatch (/home/jihene/Documents/PFE/protractor/testing-angular-applications/chapter08/node_modules/jasmine-core/lib/jasmine-core/jasmine.js:4366:28)
                    at ReportDispatcher.jasmineStarted (/home/jihene/Documents/PFE/protractor/testing-angular-applications/chapter08/node_modules/jasmine-core/lib/jasmine-core/jasmine.js:4337:11)
                    at Env.execute (/home/jihene/Documents/PFE/protractor/testing-angular-applications/chapter08/node_modules/jasmine-core/lib/jasmine-core/jasmine.js:975:16)
                    at Jasmine.execute (/home/jihene/Documents/PFE/protractor/testing-angular-applications/chapter08/node_modules/jasmine/lib/jasmine.js:200:12)
                    at /home/jihene/Documents/PFE/protractor/testing-angular-applications/chapter08/node_modules/protractor/built/frameworks/jasmine.js:132:15
                    at Function.promise (/home/jihene/Documents/PFE/protractor/testing-angular-applications/chapter08/node_modules/q/q.js:682:9)
                    at /home/jihene/Documents/PFE/protractor/testing-angular-applications/chapter08/node_modules/protractor/built/frameworks/jasmine.js:104:14
                    at _fulfilled (/home/jihene/Documents/PFE/protractor/testing-angular-applications/chapter08/node_modules/q/q.js:834:54)</stack-trace>
            </failure>
        </test-case>
    </test-cases>
</ns2:test-suite>