<?xml version='1.0'?>
<ns2:test-suite xmlns:ns2='urn:model.allure.qatools.yandex.ru' start='1555321536680' stop='1555321542448'>
    <name>element methods</name>
    <title>element methods</title>
    <test-cases>
        <test-case start='1555321536680' status='failed' stop='1555321539138'>
            <name>test protractor by and webdriver by</name>
            <title>test protractor by and webdriver by</title>
            <labels/>
            <parameters/>
            <steps/>
            <attachments>
                <attachment title='Screenshot' source='8e635b7a-0fa9-4aa3-b900-932a5fcb0c77-attachment.png' type='image/png' size='3775'/>
            </attachments>
            <failure>
                <message>Failed: invalid element state: Failed to execute 'replace' on 'Location': '/#/add' is not a valid URL.
                  (Session info: chrome=72.0.3626.109)
                  (Driver info: chromedriver=2.40.565383 (76257d1ab79276b2d53ee976b2c3e3b9f335cde7),platform=Linux 4.15.0-46-generic x86_64)</message>
                <stack-trace>InvalidElementStateError: invalid element state: Failed to execute 'replace' on 'Location': '/#/add' is not a valid URL.
                  (Session info: chrome=72.0.3626.109)
                  (Driver info: chromedriver=2.40.565383 (76257d1ab79276b2d53ee976b2c3e3b9f335cde7),platform=Linux 4.15.0-46-generic x86_64)
                    at Object.checkLegacyResponse (/home/jihene/Documents/GithubPFE/RunRepository-/node_modules/selenium-webdriver/lib/error.js:505:15)
                    at parseHttpResponse (/home/jihene/Documents/GithubPFE/RunRepository-/node_modules/selenium-webdriver/lib/http.js:509:13)
                    at doSend.then.response (/home/jihene/Documents/GithubPFE/RunRepository-/node_modules/selenium-webdriver/lib/http.js:440:13)
                    at process._tickCallback (internal/process/next_tick.js:68:7)
                From: Task: Protractor.get(/#/add) - reset url
                    at Driver.schedule (/home/jihene/Documents/GithubPFE/RunRepository-/node_modules/selenium-webdriver/lib/webdriver.js:816:17)
                    at ProtractorBrowser.executeScriptWithDescription (/home/jihene/Documents/GithubPFE/RunRepository-/node_modules/protractor/lib/browser.ts:583:24)
                    at driver.controlFlow.execute.then.then.then (/home/jihene/Documents/GithubPFE/RunRepository-/node_modules/protractor/lib/browser.ts:888:23)
                    at ManagedPromise.invokeCallback_ (/home/jihene/Documents/GithubPFE/RunRepository-/node_modules/selenium-webdriver/lib/promise.js:1366:14)
                    at TaskQueue.execute_ (/home/jihene/Documents/GithubPFE/RunRepository-/node_modules/selenium-webdriver/lib/promise.js:2970:14)
                    at TaskQueue.executeNext_ (/home/jihene/Documents/GithubPFE/RunRepository-/node_modules/selenium-webdriver/lib/promise.js:2953:27)
                    at asyncRun (/home/jihene/Documents/GithubPFE/RunRepository-/node_modules/selenium-webdriver/lib/promise.js:2813:27)
                    at /home/jihene/Documents/GithubPFE/RunRepository-/node_modules/selenium-webdriver/lib/promise.js:676:7
                    at process._tickCallback (internal/process/next_tick.js:68:7)
                From: Task: Run beforeEach in control flow
                    at UserContext.&lt;anonymous> (/home/jihene/Documents/GithubPFE/RunRepository-/node_modules/jasminewd2/index.js:94:19)
                    at attempt (/home/jihene/Documents/GithubPFE/RunRepository-/node_modules/jasmine-core/lib/jasmine-core/jasmine.js:4297:26)
                    at QueueRunner.run (/home/jihene/Documents/GithubPFE/RunRepository-/node_modules/jasmine-core/lib/jasmine-core/jasmine.js:4217:20)
                    at runNext (/home/jihene/Documents/GithubPFE/RunRepository-/node_modules/jasmine-core/lib/jasmine-core/jasmine.js:4257:20)
                    at /home/jihene/Documents/GithubPFE/RunRepository-/node_modules/jasmine-core/lib/jasmine-core/jasmine.js:4264:13
                    at /home/jihene/Documents/GithubPFE/RunRepository-/node_modules/jasmine-core/lib/jasmine-core/jasmine.js:4172:9
                    at /home/jihene/Documents/GithubPFE/RunRepository-/node_modules/jasminewd2/index.js:64:48
                    at ControlFlow.emit (/home/jihene/Documents/GithubPFE/RunRepository-/node_modules/selenium-webdriver/lib/events.js:62:21)
                    at ControlFlow.shutdown_ (/home/jihene/Documents/GithubPFE/RunRepository-/node_modules/selenium-webdriver/lib/promise.js:2565:10)
                    at shutdownTask_.MicroTask (/home/jihene/Documents/GithubPFE/RunRepository-/node_modules/selenium-webdriver/lib/promise.js:2490:53)
                From asynchronous test: 
                Error
                    at Suite.describe (/home/jihene/Documents/GithubPFE/RunRepository-/e2e/tables/element.e2e-spec.ts:5:3)
                    at addSpecsToSuite (/home/jihene/Documents/GithubPFE/RunRepository-/node_modules/jasmine-core/lib/jasmine-core/jasmine.js:1107:25)
                    at Env.describe (/home/jihene/Documents/GithubPFE/RunRepository-/node_modules/jasmine-core/lib/jasmine-core/jasmine.js:1074:7)
                    at describe (/home/jihene/Documents/GithubPFE/RunRepository-/node_modules/jasmine-core/lib/jasmine-core/jasmine.js:4399:18)
                    at Object.&lt;anonymous> (/home/jihene/Documents/GithubPFE/RunRepository-/e2e/tables/element.e2e-spec.ts:4:1)
                    at Module._compile (internal/modules/cjs/loader.js:689:30)
                    at Module.m._compile (/home/jihene/Documents/GithubPFE/RunRepository-/node_modules/ts-node/src/index.ts:299:25)
                    at Module._extensions..js (internal/modules/cjs/loader.js:700:10)
                    at Object.require.extensions.(anonymous function) [as .ts] (/home/jihene/Documents/GithubPFE/RunRepository-/node_modules/ts-node/src/index.ts:302:14)</stack-trace>
            </failure>
        </test-case>
        <test-case start='1555321539138' status='failed' stop='1555321539500'>
            <name>getWebElement</name>
            <title>getWebElement</title>
            <labels/>
            <parameters/>
            <steps/>
            <attachments>
                <attachment title='Screenshot' source='3ef9f6d4-aabf-431c-85fd-613db145ecae-attachment.png' type='image/png' size='3775'/>
            </attachments>
            <failure>
                <message>Failed: invalid element state: Failed to execute 'replace' on 'Location': '/#/add' is not a valid URL.
                  (Session info: chrome=72.0.3626.109)
                  (Driver info: chromedriver=2.40.565383 (76257d1ab79276b2d53ee976b2c3e3b9f335cde7),platform=Linux 4.15.0-46-generic x86_64)</message>
                <stack-trace>InvalidElementStateError: invalid element state: Failed to execute 'replace' on 'Location': '/#/add' is not a valid URL.
                  (Session info: chrome=72.0.3626.109)
                  (Driver info: chromedriver=2.40.565383 (76257d1ab79276b2d53ee976b2c3e3b9f335cde7),platform=Linux 4.15.0-46-generic x86_64)
                    at Object.checkLegacyResponse (/home/jihene/Documents/GithubPFE/RunRepository-/node_modules/selenium-webdriver/lib/error.js:505:15)
                    at parseHttpResponse (/home/jihene/Documents/GithubPFE/RunRepository-/node_modules/selenium-webdriver/lib/http.js:509:13)
                    at doSend.then.response (/home/jihene/Documents/GithubPFE/RunRepository-/node_modules/selenium-webdriver/lib/http.js:440:13)
                    at process._tickCallback (internal/process/next_tick.js:68:7)
                From: Task: Protractor.get(/#/add) - reset url
                    at Driver.schedule (/home/jihene/Documents/GithubPFE/RunRepository-/node_modules/selenium-webdriver/lib/webdriver.js:816:17)
                    at ProtractorBrowser.executeScriptWithDescription (/home/jihene/Documents/GithubPFE/RunRepository-/node_modules/protractor/lib/browser.ts:583:24)
                    at driver.controlFlow.execute.then.then.then (/home/jihene/Documents/GithubPFE/RunRepository-/node_modules/protractor/lib/browser.ts:888:23)
                    at ManagedPromise.invokeCallback_ (/home/jihene/Documents/GithubPFE/RunRepository-/node_modules/selenium-webdriver/lib/promise.js:1366:14)
                    at TaskQueue.execute_ (/home/jihene/Documents/GithubPFE/RunRepository-/node_modules/selenium-webdriver/lib/promise.js:2970:14)
                    at TaskQueue.executeNext_ (/home/jihene/Documents/GithubPFE/RunRepository-/node_modules/selenium-webdriver/lib/promise.js:2953:27)
                    at asyncRun (/home/jihene/Documents/GithubPFE/RunRepository-/node_modules/selenium-webdriver/lib/promise.js:2813:27)
                    at /home/jihene/Documents/GithubPFE/RunRepository-/node_modules/selenium-webdriver/lib/promise.js:676:7
                    at process._tickCallback (internal/process/next_tick.js:68:7)
                From: Task: Run beforeEach in control flow
                    at UserContext.&lt;anonymous> (/home/jihene/Documents/GithubPFE/RunRepository-/node_modules/jasminewd2/index.js:94:19)
                    at attempt (/home/jihene/Documents/GithubPFE/RunRepository-/node_modules/jasmine-core/lib/jasmine-core/jasmine.js:4297:26)
                    at QueueRunner.run (/home/jihene/Documents/GithubPFE/RunRepository-/node_modules/jasmine-core/lib/jasmine-core/jasmine.js:4217:20)
                    at runNext (/home/jihene/Documents/GithubPFE/RunRepository-/node_modules/jasmine-core/lib/jasmine-core/jasmine.js:4257:20)
                    at /home/jihene/Documents/GithubPFE/RunRepository-/node_modules/jasmine-core/lib/jasmine-core/jasmine.js:4264:13
                    at /home/jihene/Documents/GithubPFE/RunRepository-/node_modules/jasmine-core/lib/jasmine-core/jasmine.js:4172:9
                    at /home/jihene/Documents/GithubPFE/RunRepository-/node_modules/jasminewd2/index.js:64:48
                    at ControlFlow.emit (/home/jihene/Documents/GithubPFE/RunRepository-/node_modules/selenium-webdriver/lib/events.js:62:21)
                    at ControlFlow.shutdown_ (/home/jihene/Documents/GithubPFE/RunRepository-/node_modules/selenium-webdriver/lib/promise.js:2565:10)
                    at shutdownTask_.MicroTask (/home/jihene/Documents/GithubPFE/RunRepository-/node_modules/selenium-webdriver/lib/promise.js:2490:53)
                From asynchronous test: 
                Error
                    at Suite.describe (/home/jihene/Documents/GithubPFE/RunRepository-/e2e/tables/element.e2e-spec.ts:5:3)
                    at addSpecsToSuite (/home/jihene/Documents/GithubPFE/RunRepository-/node_modules/jasmine-core/lib/jasmine-core/jasmine.js:1107:25)
                    at Env.describe (/home/jihene/Documents/GithubPFE/RunRepository-/node_modules/jasmine-core/lib/jasmine-core/jasmine.js:1074:7)
                    at describe (/home/jihene/Documents/GithubPFE/RunRepository-/node_modules/jasmine-core/lib/jasmine-core/jasmine.js:4399:18)
                    at Object.&lt;anonymous> (/home/jihene/Documents/GithubPFE/RunRepository-/e2e/tables/element.e2e-spec.ts:4:1)
                    at Module._compile (internal/modules/cjs/loader.js:689:30)
                    at Module.m._compile (/home/jihene/Documents/GithubPFE/RunRepository-/node_modules/ts-node/src/index.ts:299:25)
                    at Module._extensions..js (internal/modules/cjs/loader.js:700:10)
                    at Object.require.extensions.(anonymous function) [as .ts] (/home/jihene/Documents/GithubPFE/RunRepository-/node_modules/ts-node/src/index.ts:302:14)</stack-trace>
            </failure>
        </test-case>
        <test-case start='1555321539500' status='failed' stop='1555321539869'>
            <name>isPresent and isElementPresent</name>
            <title>isPresent and isElementPresent</title>
            <labels/>
            <parameters/>
            <steps/>
            <attachments>
                <attachment title='Screenshot' source='f75976e5-4773-4a66-b83e-1fdb858b39d0-attachment.png' type='image/png' size='3775'/>
            </attachments>
            <failure>
                <message>Failed: invalid element state: Failed to execute 'replace' on 'Location': '/#/add' is not a valid URL.
                  (Session info: chrome=72.0.3626.109)
                  (Driver info: chromedriver=2.40.565383 (76257d1ab79276b2d53ee976b2c3e3b9f335cde7),platform=Linux 4.15.0-46-generic x86_64)</message>
                <stack-trace>InvalidElementStateError: invalid element state: Failed to execute 'replace' on 'Location': '/#/add' is not a valid URL.
                  (Session info: chrome=72.0.3626.109)
                  (Driver info: chromedriver=2.40.565383 (76257d1ab79276b2d53ee976b2c3e3b9f335cde7),platform=Linux 4.15.0-46-generic x86_64)
                    at Object.checkLegacyResponse (/home/jihene/Documents/GithubPFE/RunRepository-/node_modules/selenium-webdriver/lib/error.js:505:15)
                    at parseHttpResponse (/home/jihene/Documents/GithubPFE/RunRepository-/node_modules/selenium-webdriver/lib/http.js:509:13)
                    at doSend.then.response (/home/jihene/Documents/GithubPFE/RunRepository-/node_modules/selenium-webdriver/lib/http.js:440:13)
                    at process._tickCallback (internal/process/next_tick.js:68:7)
                From: Task: Protractor.get(/#/add) - reset url
                    at Driver.schedule (/home/jihene/Documents/GithubPFE/RunRepository-/node_modules/selenium-webdriver/lib/webdriver.js:816:17)
                    at ProtractorBrowser.executeScriptWithDescription (/home/jihene/Documents/GithubPFE/RunRepository-/node_modules/protractor/lib/browser.ts:583:24)
                    at driver.controlFlow.execute.then.then.then (/home/jihene/Documents/GithubPFE/RunRepository-/node_modules/protractor/lib/browser.ts:888:23)
                    at ManagedPromise.invokeCallback_ (/home/jihene/Documents/GithubPFE/RunRepository-/node_modules/selenium-webdriver/lib/promise.js:1366:14)
                    at TaskQueue.execute_ (/home/jihene/Documents/GithubPFE/RunRepository-/node_modules/selenium-webdriver/lib/promise.js:2970:14)
                    at TaskQueue.executeNext_ (/home/jihene/Documents/GithubPFE/RunRepository-/node_modules/selenium-webdriver/lib/promise.js:2953:27)
                    at asyncRun (/home/jihene/Documents/GithubPFE/RunRepository-/node_modules/selenium-webdriver/lib/promise.js:2813:27)
                    at /home/jihene/Documents/GithubPFE/RunRepository-/node_modules/selenium-webdriver/lib/promise.js:676:7
                    at process._tickCallback (internal/process/next_tick.js:68:7)
                From: Task: Run beforeEach in control flow
                    at UserContext.&lt;anonymous> (/home/jihene/Documents/GithubPFE/RunRepository-/node_modules/jasminewd2/index.js:94:19)
                    at attempt (/home/jihene/Documents/GithubPFE/RunRepository-/node_modules/jasmine-core/lib/jasmine-core/jasmine.js:4297:26)
                    at QueueRunner.run (/home/jihene/Documents/GithubPFE/RunRepository-/node_modules/jasmine-core/lib/jasmine-core/jasmine.js:4217:20)
                    at runNext (/home/jihene/Documents/GithubPFE/RunRepository-/node_modules/jasmine-core/lib/jasmine-core/jasmine.js:4257:20)
                    at /home/jihene/Documents/GithubPFE/RunRepository-/node_modules/jasmine-core/lib/jasmine-core/jasmine.js:4264:13
                    at /home/jihene/Documents/GithubPFE/RunRepository-/node_modules/jasmine-core/lib/jasmine-core/jasmine.js:4172:9
                    at /home/jihene/Documents/GithubPFE/RunRepository-/node_modules/jasminewd2/index.js:64:48
                    at ControlFlow.emit (/home/jihene/Documents/GithubPFE/RunRepository-/node_modules/selenium-webdriver/lib/events.js:62:21)
                    at ControlFlow.shutdown_ (/home/jihene/Documents/GithubPFE/RunRepository-/node_modules/selenium-webdriver/lib/promise.js:2565:10)
                    at shutdownTask_.MicroTask (/home/jihene/Documents/GithubPFE/RunRepository-/node_modules/selenium-webdriver/lib/promise.js:2490:53)
                From asynchronous test: 
                Error
                    at Suite.describe (/home/jihene/Documents/GithubPFE/RunRepository-/e2e/tables/element.e2e-spec.ts:5:3)
                    at addSpecsToSuite (/home/jihene/Documents/GithubPFE/RunRepository-/node_modules/jasmine-core/lib/jasmine-core/jasmine.js:1107:25)
                    at Env.describe (/home/jihene/Documents/GithubPFE/RunRepository-/node_modules/jasmine-core/lib/jasmine-core/jasmine.js:1074:7)
                    at describe (/home/jihene/Documents/GithubPFE/RunRepository-/node_modules/jasmine-core/lib/jasmine-core/jasmine.js:4399:18)
                    at Object.&lt;anonymous> (/home/jihene/Documents/GithubPFE/RunRepository-/e2e/tables/element.e2e-spec.ts:4:1)
                    at Module._compile (internal/modules/cjs/loader.js:689:30)
                    at Module.m._compile (/home/jihene/Documents/GithubPFE/RunRepository-/node_modules/ts-node/src/index.ts:299:25)
                    at Module._extensions..js (internal/modules/cjs/loader.js:700:10)
                    at Object.require.extensions.(anonymous function) [as .ts] (/home/jihene/Documents/GithubPFE/RunRepository-/node_modules/ts-node/src/index.ts:302:14)</stack-trace>
            </failure>
        </test-case>
        <test-case start='1555321539869' status='failed' stop='1555321540217'>
            <name>getTagName</name>
            <title>getTagName</title>
            <labels/>
            <parameters/>
            <steps/>
            <attachments>
                <attachment title='Screenshot' source='d3760472-b87c-434e-8380-443fde324b18-attachment.png' type='image/png' size='3775'/>
            </attachments>
            <failure>
                <message>Failed: invalid element state: Failed to execute 'replace' on 'Location': '/#/add' is not a valid URL.
                  (Session info: chrome=72.0.3626.109)
                  (Driver info: chromedriver=2.40.565383 (76257d1ab79276b2d53ee976b2c3e3b9f335cde7),platform=Linux 4.15.0-46-generic x86_64)</message>
                <stack-trace>InvalidElementStateError: invalid element state: Failed to execute 'replace' on 'Location': '/#/add' is not a valid URL.
                  (Session info: chrome=72.0.3626.109)
                  (Driver info: chromedriver=2.40.565383 (76257d1ab79276b2d53ee976b2c3e3b9f335cde7),platform=Linux 4.15.0-46-generic x86_64)
                    at Object.checkLegacyResponse (/home/jihene/Documents/GithubPFE/RunRepository-/node_modules/selenium-webdriver/lib/error.js:505:15)
                    at parseHttpResponse (/home/jihene/Documents/GithubPFE/RunRepository-/node_modules/selenium-webdriver/lib/http.js:509:13)
                    at doSend.then.response (/home/jihene/Documents/GithubPFE/RunRepository-/node_modules/selenium-webdriver/lib/http.js:440:13)
                    at process._tickCallback (internal/process/next_tick.js:68:7)
                From: Task: Protractor.get(/#/add) - reset url
                    at Driver.schedule (/home/jihene/Documents/GithubPFE/RunRepository-/node_modules/selenium-webdriver/lib/webdriver.js:816:17)
                    at ProtractorBrowser.executeScriptWithDescription (/home/jihene/Documents/GithubPFE/RunRepository-/node_modules/protractor/lib/browser.ts:583:24)
                    at driver.controlFlow.execute.then.then.then (/home/jihene/Documents/GithubPFE/RunRepository-/node_modules/protractor/lib/browser.ts:888:23)
                    at ManagedPromise.invokeCallback_ (/home/jihene/Documents/GithubPFE/RunRepository-/node_modules/selenium-webdriver/lib/promise.js:1366:14)
                    at TaskQueue.execute_ (/home/jihene/Documents/GithubPFE/RunRepository-/node_modules/selenium-webdriver/lib/promise.js:2970:14)
                    at TaskQueue.executeNext_ (/home/jihene/Documents/GithubPFE/RunRepository-/node_modules/selenium-webdriver/lib/promise.js:2953:27)
                    at asyncRun (/home/jihene/Documents/GithubPFE/RunRepository-/node_modules/selenium-webdriver/lib/promise.js:2813:27)
                    at /home/jihene/Documents/GithubPFE/RunRepository-/node_modules/selenium-webdriver/lib/promise.js:676:7
                    at process._tickCallback (internal/process/next_tick.js:68:7)
                From: Task: Run beforeEach in control flow
                    at UserContext.&lt;anonymous> (/home/jihene/Documents/GithubPFE/RunRepository-/node_modules/jasminewd2/index.js:94:19)
                    at attempt (/home/jihene/Documents/GithubPFE/RunRepository-/node_modules/jasmine-core/lib/jasmine-core/jasmine.js:4297:26)
                    at QueueRunner.run (/home/jihene/Documents/GithubPFE/RunRepository-/node_modules/jasmine-core/lib/jasmine-core/jasmine.js:4217:20)
                    at runNext (/home/jihene/Documents/GithubPFE/RunRepository-/node_modules/jasmine-core/lib/jasmine-core/jasmine.js:4257:20)
                    at /home/jihene/Documents/GithubPFE/RunRepository-/node_modules/jasmine-core/lib/jasmine-core/jasmine.js:4264:13
                    at /home/jihene/Documents/GithubPFE/RunRepository-/node_modules/jasmine-core/lib/jasmine-core/jasmine.js:4172:9
                    at /home/jihene/Documents/GithubPFE/RunRepository-/node_modules/jasminewd2/index.js:64:48
                    at ControlFlow.emit (/home/jihene/Documents/GithubPFE/RunRepository-/node_modules/selenium-webdriver/lib/events.js:62:21)
                    at ControlFlow.shutdown_ (/home/jihene/Documents/GithubPFE/RunRepository-/node_modules/selenium-webdriver/lib/promise.js:2565:10)
                    at shutdownTask_.MicroTask (/home/jihene/Documents/GithubPFE/RunRepository-/node_modules/selenium-webdriver/lib/promise.js:2490:53)
                From asynchronous test: 
                Error
                    at Suite.describe (/home/jihene/Documents/GithubPFE/RunRepository-/e2e/tables/element.e2e-spec.ts:5:3)
                    at addSpecsToSuite (/home/jihene/Documents/GithubPFE/RunRepository-/node_modules/jasmine-core/lib/jasmine-core/jasmine.js:1107:25)
                    at Env.describe (/home/jihene/Documents/GithubPFE/RunRepository-/node_modules/jasmine-core/lib/jasmine-core/jasmine.js:1074:7)
                    at describe (/home/jihene/Documents/GithubPFE/RunRepository-/node_modules/jasmine-core/lib/jasmine-core/jasmine.js:4399:18)
                    at Object.&lt;anonymous> (/home/jihene/Documents/GithubPFE/RunRepository-/e2e/tables/element.e2e-spec.ts:4:1)
                    at Module._compile (internal/modules/cjs/loader.js:689:30)
                    at Module.m._compile (/home/jihene/Documents/GithubPFE/RunRepository-/node_modules/ts-node/src/index.ts:299:25)
                    at Module._extensions..js (internal/modules/cjs/loader.js:700:10)
                    at Object.require.extensions.(anonymous function) [as .ts] (/home/jihene/Documents/GithubPFE/RunRepository-/node_modules/ts-node/src/index.ts:302:14)</stack-trace>
            </failure>
        </test-case>
        <test-case start='1555321540217' status='failed' stop='1555321540588'>
            <name>getCssValue</name>
            <title>getCssValue</title>
            <labels/>
            <parameters/>
            <steps/>
            <attachments>
                <attachment title='Screenshot' source='4ea67c9e-24ef-4e97-a84a-572aa7ba86a7-attachment.png' type='image/png' size='3775'/>
            </attachments>
            <failure>
                <message>Failed: invalid element state: Failed to execute 'replace' on 'Location': '/#/add' is not a valid URL.
                  (Session info: chrome=72.0.3626.109)
                  (Driver info: chromedriver=2.40.565383 (76257d1ab79276b2d53ee976b2c3e3b9f335cde7),platform=Linux 4.15.0-46-generic x86_64)</message>
                <stack-trace>InvalidElementStateError: invalid element state: Failed to execute 'replace' on 'Location': '/#/add' is not a valid URL.
                  (Session info: chrome=72.0.3626.109)
                  (Driver info: chromedriver=2.40.565383 (76257d1ab79276b2d53ee976b2c3e3b9f335cde7),platform=Linux 4.15.0-46-generic x86_64)
                    at Object.checkLegacyResponse (/home/jihene/Documents/GithubPFE/RunRepository-/node_modules/selenium-webdriver/lib/error.js:505:15)
                    at parseHttpResponse (/home/jihene/Documents/GithubPFE/RunRepository-/node_modules/selenium-webdriver/lib/http.js:509:13)
                    at doSend.then.response (/home/jihene/Documents/GithubPFE/RunRepository-/node_modules/selenium-webdriver/lib/http.js:440:13)
                    at process._tickCallback (internal/process/next_tick.js:68:7)
                From: Task: Protractor.get(/#/add) - reset url
                    at Driver.schedule (/home/jihene/Documents/GithubPFE/RunRepository-/node_modules/selenium-webdriver/lib/webdriver.js:816:17)
                    at ProtractorBrowser.executeScriptWithDescription (/home/jihene/Documents/GithubPFE/RunRepository-/node_modules/protractor/lib/browser.ts:583:24)
                    at driver.controlFlow.execute.then.then.then (/home/jihene/Documents/GithubPFE/RunRepository-/node_modules/protractor/lib/browser.ts:888:23)
                    at ManagedPromise.invokeCallback_ (/home/jihene/Documents/GithubPFE/RunRepository-/node_modules/selenium-webdriver/lib/promise.js:1366:14)
                    at TaskQueue.execute_ (/home/jihene/Documents/GithubPFE/RunRepository-/node_modules/selenium-webdriver/lib/promise.js:2970:14)
                    at TaskQueue.executeNext_ (/home/jihene/Documents/GithubPFE/RunRepository-/node_modules/selenium-webdriver/lib/promise.js:2953:27)
                    at asyncRun (/home/jihene/Documents/GithubPFE/RunRepository-/node_modules/selenium-webdriver/lib/promise.js:2813:27)
                    at /home/jihene/Documents/GithubPFE/RunRepository-/node_modules/selenium-webdriver/lib/promise.js:676:7
                    at process._tickCallback (internal/process/next_tick.js:68:7)
                From: Task: Run beforeEach in control flow
                    at UserContext.&lt;anonymous> (/home/jihene/Documents/GithubPFE/RunRepository-/node_modules/jasminewd2/index.js:94:19)
                    at attempt (/home/jihene/Documents/GithubPFE/RunRepository-/node_modules/jasmine-core/lib/jasmine-core/jasmine.js:4297:26)
                    at QueueRunner.run (/home/jihene/Documents/GithubPFE/RunRepository-/node_modules/jasmine-core/lib/jasmine-core/jasmine.js:4217:20)
                    at runNext (/home/jihene/Documents/GithubPFE/RunRepository-/node_modules/jasmine-core/lib/jasmine-core/jasmine.js:4257:20)
                    at /home/jihene/Documents/GithubPFE/RunRepository-/node_modules/jasmine-core/lib/jasmine-core/jasmine.js:4264:13
                    at /home/jihene/Documents/GithubPFE/RunRepository-/node_modules/jasmine-core/lib/jasmine-core/jasmine.js:4172:9
                    at /home/jihene/Documents/GithubPFE/RunRepository-/node_modules/jasminewd2/index.js:64:48
                    at ControlFlow.emit (/home/jihene/Documents/GithubPFE/RunRepository-/node_modules/selenium-webdriver/lib/events.js:62:21)
                    at ControlFlow.shutdown_ (/home/jihene/Documents/GithubPFE/RunRepository-/node_modules/selenium-webdriver/lib/promise.js:2565:10)
                    at shutdownTask_.MicroTask (/home/jihene/Documents/GithubPFE/RunRepository-/node_modules/selenium-webdriver/lib/promise.js:2490:53)
                From asynchronous test: 
                Error
                    at Suite.describe (/home/jihene/Documents/GithubPFE/RunRepository-/e2e/tables/element.e2e-spec.ts:5:3)
                    at addSpecsToSuite (/home/jihene/Documents/GithubPFE/RunRepository-/node_modules/jasmine-core/lib/jasmine-core/jasmine.js:1107:25)
                    at Env.describe (/home/jihene/Documents/GithubPFE/RunRepository-/node_modules/jasmine-core/lib/jasmine-core/jasmine.js:1074:7)
                    at describe (/home/jihene/Documents/GithubPFE/RunRepository-/node_modules/jasmine-core/lib/jasmine-core/jasmine.js:4399:18)
                    at Object.&lt;anonymous> (/home/jihene/Documents/GithubPFE/RunRepository-/e2e/tables/element.e2e-spec.ts:4:1)
                    at Module._compile (internal/modules/cjs/loader.js:689:30)
                    at Module.m._compile (/home/jihene/Documents/GithubPFE/RunRepository-/node_modules/ts-node/src/index.ts:299:25)
                    at Module._extensions..js (internal/modules/cjs/loader.js:700:10)
                    at Object.require.extensions.(anonymous function) [as .ts] (/home/jihene/Documents/GithubPFE/RunRepository-/node_modules/ts-node/src/index.ts:302:14)</stack-trace>
            </failure>
        </test-case>
        <test-case start='1555321540588' status='failed' stop='1555321540950'>
            <name>getAttribute</name>
            <title>getAttribute</title>
            <labels/>
            <parameters/>
            <steps/>
            <attachments>
                <attachment title='Screenshot' source='970aee2c-b810-4329-af7b-88674a00b7a6-attachment.png' type='image/png' size='3775'/>
            </attachments>
            <failure>
                <message>Failed: invalid element state: Failed to execute 'replace' on 'Location': '/#/add' is not a valid URL.
                  (Session info: chrome=72.0.3626.109)
                  (Driver info: chromedriver=2.40.565383 (76257d1ab79276b2d53ee976b2c3e3b9f335cde7),platform=Linux 4.15.0-46-generic x86_64)</message>
                <stack-trace>InvalidElementStateError: invalid element state: Failed to execute 'replace' on 'Location': '/#/add' is not a valid URL.
                  (Session info: chrome=72.0.3626.109)
                  (Driver info: chromedriver=2.40.565383 (76257d1ab79276b2d53ee976b2c3e3b9f335cde7),platform=Linux 4.15.0-46-generic x86_64)
                    at Object.checkLegacyResponse (/home/jihene/Documents/GithubPFE/RunRepository-/node_modules/selenium-webdriver/lib/error.js:505:15)
                    at parseHttpResponse (/home/jihene/Documents/GithubPFE/RunRepository-/node_modules/selenium-webdriver/lib/http.js:509:13)
                    at doSend.then.response (/home/jihene/Documents/GithubPFE/RunRepository-/node_modules/selenium-webdriver/lib/http.js:440:13)
                    at process._tickCallback (internal/process/next_tick.js:68:7)
                From: Task: Protractor.get(/#/add) - reset url
                    at Driver.schedule (/home/jihene/Documents/GithubPFE/RunRepository-/node_modules/selenium-webdriver/lib/webdriver.js:816:17)
                    at ProtractorBrowser.executeScriptWithDescription (/home/jihene/Documents/GithubPFE/RunRepository-/node_modules/protractor/lib/browser.ts:583:24)
                    at driver.controlFlow.execute.then.then.then (/home/jihene/Documents/GithubPFE/RunRepository-/node_modules/protractor/lib/browser.ts:888:23)
                    at ManagedPromise.invokeCallback_ (/home/jihene/Documents/GithubPFE/RunRepository-/node_modules/selenium-webdriver/lib/promise.js:1366:14)
                    at TaskQueue.execute_ (/home/jihene/Documents/GithubPFE/RunRepository-/node_modules/selenium-webdriver/lib/promise.js:2970:14)
                    at TaskQueue.executeNext_ (/home/jihene/Documents/GithubPFE/RunRepository-/node_modules/selenium-webdriver/lib/promise.js:2953:27)
                    at asyncRun (/home/jihene/Documents/GithubPFE/RunRepository-/node_modules/selenium-webdriver/lib/promise.js:2813:27)
                    at /home/jihene/Documents/GithubPFE/RunRepository-/node_modules/selenium-webdriver/lib/promise.js:676:7
                    at process._tickCallback (internal/process/next_tick.js:68:7)
                From: Task: Run beforeEach in control flow
                    at UserContext.&lt;anonymous> (/home/jihene/Documents/GithubPFE/RunRepository-/node_modules/jasminewd2/index.js:94:19)
                    at attempt (/home/jihene/Documents/GithubPFE/RunRepository-/node_modules/jasmine-core/lib/jasmine-core/jasmine.js:4297:26)
                    at QueueRunner.run (/home/jihene/Documents/GithubPFE/RunRepository-/node_modules/jasmine-core/lib/jasmine-core/jasmine.js:4217:20)
                    at runNext (/home/jihene/Documents/GithubPFE/RunRepository-/node_modules/jasmine-core/lib/jasmine-core/jasmine.js:4257:20)
                    at /home/jihene/Documents/GithubPFE/RunRepository-/node_modules/jasmine-core/lib/jasmine-core/jasmine.js:4264:13
                    at /home/jihene/Documents/GithubPFE/RunRepository-/node_modules/jasmine-core/lib/jasmine-core/jasmine.js:4172:9
                    at /home/jihene/Documents/GithubPFE/RunRepository-/node_modules/jasminewd2/index.js:64:48
                    at ControlFlow.emit (/home/jihene/Documents/GithubPFE/RunRepository-/node_modules/selenium-webdriver/lib/events.js:62:21)
                    at ControlFlow.shutdown_ (/home/jihene/Documents/GithubPFE/RunRepository-/node_modules/selenium-webdriver/lib/promise.js:2565:10)
                    at shutdownTask_.MicroTask (/home/jihene/Documents/GithubPFE/RunRepository-/node_modules/selenium-webdriver/lib/promise.js:2490:53)
                From asynchronous test: 
                Error
                    at Suite.describe (/home/jihene/Documents/GithubPFE/RunRepository-/e2e/tables/element.e2e-spec.ts:5:3)
                    at addSpecsToSuite (/home/jihene/Documents/GithubPFE/RunRepository-/node_modules/jasmine-core/lib/jasmine-core/jasmine.js:1107:25)
                    at Env.describe (/home/jihene/Documents/GithubPFE/RunRepository-/node_modules/jasmine-core/lib/jasmine-core/jasmine.js:1074:7)
                    at describe (/home/jihene/Documents/GithubPFE/RunRepository-/node_modules/jasmine-core/lib/jasmine-core/jasmine.js:4399:18)
                    at Object.&lt;anonymous> (/home/jihene/Documents/GithubPFE/RunRepository-/e2e/tables/element.e2e-spec.ts:4:1)
                    at Module._compile (internal/modules/cjs/loader.js:689:30)
                    at Module.m._compile (/home/jihene/Documents/GithubPFE/RunRepository-/node_modules/ts-node/src/index.ts:299:25)
                    at Module._extensions..js (internal/modules/cjs/loader.js:700:10)
                    at Object.require.extensions.(anonymous function) [as .ts] (/home/jihene/Documents/GithubPFE/RunRepository-/node_modules/ts-node/src/index.ts:302:14)</stack-trace>
            </failure>
        </test-case>
        <test-case start='1555321540951' status='failed' stop='1555321541349'>
            <name>getText</name>
            <title>getText</title>
            <labels/>
            <parameters/>
            <steps/>
            <attachments>
                <attachment title='Screenshot' source='b8f321c5-8877-42eb-859f-835a018880a9-attachment.png' type='image/png' size='3775'/>
            </attachments>
            <failure>
                <message>Failed: invalid element state: Failed to execute 'replace' on 'Location': '/#/add' is not a valid URL.
                  (Session info: chrome=72.0.3626.109)
                  (Driver info: chromedriver=2.40.565383 (76257d1ab79276b2d53ee976b2c3e3b9f335cde7),platform=Linux 4.15.0-46-generic x86_64)</message>
                <stack-trace>InvalidElementStateError: invalid element state: Failed to execute 'replace' on 'Location': '/#/add' is not a valid URL.
                  (Session info: chrome=72.0.3626.109)
                  (Driver info: chromedriver=2.40.565383 (76257d1ab79276b2d53ee976b2c3e3b9f335cde7),platform=Linux 4.15.0-46-generic x86_64)
                    at Object.checkLegacyResponse (/home/jihene/Documents/GithubPFE/RunRepository-/node_modules/selenium-webdriver/lib/error.js:505:15)
                    at parseHttpResponse (/home/jihene/Documents/GithubPFE/RunRepository-/node_modules/selenium-webdriver/lib/http.js:509:13)
                    at doSend.then.response (/home/jihene/Documents/GithubPFE/RunRepository-/node_modules/selenium-webdriver/lib/http.js:440:13)
                    at process._tickCallback (internal/process/next_tick.js:68:7)
                From: Task: Protractor.get(/#/add) - reset url
                    at Driver.schedule (/home/jihene/Documents/GithubPFE/RunRepository-/node_modules/selenium-webdriver/lib/webdriver.js:816:17)
                    at ProtractorBrowser.executeScriptWithDescription (/home/jihene/Documents/GithubPFE/RunRepository-/node_modules/protractor/lib/browser.ts:583:24)
                    at driver.controlFlow.execute.then.then.then (/home/jihene/Documents/GithubPFE/RunRepository-/node_modules/protractor/lib/browser.ts:888:23)
                    at ManagedPromise.invokeCallback_ (/home/jihene/Documents/GithubPFE/RunRepository-/node_modules/selenium-webdriver/lib/promise.js:1366:14)
                    at TaskQueue.execute_ (/home/jihene/Documents/GithubPFE/RunRepository-/node_modules/selenium-webdriver/lib/promise.js:2970:14)
                    at TaskQueue.executeNext_ (/home/jihene/Documents/GithubPFE/RunRepository-/node_modules/selenium-webdriver/lib/promise.js:2953:27)
                    at asyncRun (/home/jihene/Documents/GithubPFE/RunRepository-/node_modules/selenium-webdriver/lib/promise.js:2813:27)
                    at /home/jihene/Documents/GithubPFE/RunRepository-/node_modules/selenium-webdriver/lib/promise.js:676:7
                    at process._tickCallback (internal/process/next_tick.js:68:7)
                From: Task: Run beforeEach in control flow
                    at UserContext.&lt;anonymous> (/home/jihene/Documents/GithubPFE/RunRepository-/node_modules/jasminewd2/index.js:94:19)
                    at attempt (/home/jihene/Documents/GithubPFE/RunRepository-/node_modules/jasmine-core/lib/jasmine-core/jasmine.js:4297:26)
                    at QueueRunner.run (/home/jihene/Documents/GithubPFE/RunRepository-/node_modules/jasmine-core/lib/jasmine-core/jasmine.js:4217:20)
                    at runNext (/home/jihene/Documents/GithubPFE/RunRepository-/node_modules/jasmine-core/lib/jasmine-core/jasmine.js:4257:20)
                    at /home/jihene/Documents/GithubPFE/RunRepository-/node_modules/jasmine-core/lib/jasmine-core/jasmine.js:4264:13
                    at /home/jihene/Documents/GithubPFE/RunRepository-/node_modules/jasmine-core/lib/jasmine-core/jasmine.js:4172:9
                    at /home/jihene/Documents/GithubPFE/RunRepository-/node_modules/jasminewd2/index.js:64:48
                    at ControlFlow.emit (/home/jihene/Documents/GithubPFE/RunRepository-/node_modules/selenium-webdriver/lib/events.js:62:21)
                    at ControlFlow.shutdown_ (/home/jihene/Documents/GithubPFE/RunRepository-/node_modules/selenium-webdriver/lib/promise.js:2565:10)
                    at shutdownTask_.MicroTask (/home/jihene/Documents/GithubPFE/RunRepository-/node_modules/selenium-webdriver/lib/promise.js:2490:53)
                From asynchronous test: 
                Error
                    at Suite.describe (/home/jihene/Documents/GithubPFE/RunRepository-/e2e/tables/element.e2e-spec.ts:5:3)
                    at addSpecsToSuite (/home/jihene/Documents/GithubPFE/RunRepository-/node_modules/jasmine-core/lib/jasmine-core/jasmine.js:1107:25)
                    at Env.describe (/home/jihene/Documents/GithubPFE/RunRepository-/node_modules/jasmine-core/lib/jasmine-core/jasmine.js:1074:7)
                    at describe (/home/jihene/Documents/GithubPFE/RunRepository-/node_modules/jasmine-core/lib/jasmine-core/jasmine.js:4399:18)
                    at Object.&lt;anonymous> (/home/jihene/Documents/GithubPFE/RunRepository-/e2e/tables/element.e2e-spec.ts:4:1)
                    at Module._compile (internal/modules/cjs/loader.js:689:30)
                    at Module.m._compile (/home/jihene/Documents/GithubPFE/RunRepository-/node_modules/ts-node/src/index.ts:299:25)
                    at Module._extensions..js (internal/modules/cjs/loader.js:700:10)
                    at Object.require.extensions.(anonymous function) [as .ts] (/home/jihene/Documents/GithubPFE/RunRepository-/node_modules/ts-node/src/index.ts:302:14)</stack-trace>
            </failure>
        </test-case>
        <test-case start='1555321541349' status='failed' stop='1555321541701'>
            <name>sendKeys</name>
            <title>sendKeys</title>
            <labels/>
            <parameters/>
            <steps/>
            <attachments>
                <attachment title='Screenshot' source='eb9798a7-a294-454c-9a08-b8b43dce0c83-attachment.png' type='image/png' size='3775'/>
            </attachments>
            <failure>
                <message>Failed: invalid element state: Failed to execute 'replace' on 'Location': '/#/add' is not a valid URL.
                  (Session info: chrome=72.0.3626.109)
                  (Driver info: chromedriver=2.40.565383 (76257d1ab79276b2d53ee976b2c3e3b9f335cde7),platform=Linux 4.15.0-46-generic x86_64)</message>
                <stack-trace>InvalidElementStateError: invalid element state: Failed to execute 'replace' on 'Location': '/#/add' is not a valid URL.
                  (Session info: chrome=72.0.3626.109)
                  (Driver info: chromedriver=2.40.565383 (76257d1ab79276b2d53ee976b2c3e3b9f335cde7),platform=Linux 4.15.0-46-generic x86_64)
                    at Object.checkLegacyResponse (/home/jihene/Documents/GithubPFE/RunRepository-/node_modules/selenium-webdriver/lib/error.js:505:15)
                    at parseHttpResponse (/home/jihene/Documents/GithubPFE/RunRepository-/node_modules/selenium-webdriver/lib/http.js:509:13)
                    at doSend.then.response (/home/jihene/Documents/GithubPFE/RunRepository-/node_modules/selenium-webdriver/lib/http.js:440:13)
                    at process._tickCallback (internal/process/next_tick.js:68:7)
                From: Task: Protractor.get(/#/add) - reset url
                    at Driver.schedule (/home/jihene/Documents/GithubPFE/RunRepository-/node_modules/selenium-webdriver/lib/webdriver.js:816:17)
                    at ProtractorBrowser.executeScriptWithDescription (/home/jihene/Documents/GithubPFE/RunRepository-/node_modules/protractor/lib/browser.ts:583:24)
                    at driver.controlFlow.execute.then.then.then (/home/jihene/Documents/GithubPFE/RunRepository-/node_modules/protractor/lib/browser.ts:888:23)
                    at ManagedPromise.invokeCallback_ (/home/jihene/Documents/GithubPFE/RunRepository-/node_modules/selenium-webdriver/lib/promise.js:1366:14)
                    at TaskQueue.execute_ (/home/jihene/Documents/GithubPFE/RunRepository-/node_modules/selenium-webdriver/lib/promise.js:2970:14)
                    at TaskQueue.executeNext_ (/home/jihene/Documents/GithubPFE/RunRepository-/node_modules/selenium-webdriver/lib/promise.js:2953:27)
                    at asyncRun (/home/jihene/Documents/GithubPFE/RunRepository-/node_modules/selenium-webdriver/lib/promise.js:2813:27)
                    at /home/jihene/Documents/GithubPFE/RunRepository-/node_modules/selenium-webdriver/lib/promise.js:676:7
                    at process._tickCallback (internal/process/next_tick.js:68:7)
                From: Task: Run beforeEach in control flow
                    at UserContext.&lt;anonymous> (/home/jihene/Documents/GithubPFE/RunRepository-/node_modules/jasminewd2/index.js:94:19)
                    at attempt (/home/jihene/Documents/GithubPFE/RunRepository-/node_modules/jasmine-core/lib/jasmine-core/jasmine.js:4297:26)
                    at QueueRunner.run (/home/jihene/Documents/GithubPFE/RunRepository-/node_modules/jasmine-core/lib/jasmine-core/jasmine.js:4217:20)
                    at runNext (/home/jihene/Documents/GithubPFE/RunRepository-/node_modules/jasmine-core/lib/jasmine-core/jasmine.js:4257:20)
                    at /home/jihene/Documents/GithubPFE/RunRepository-/node_modules/jasmine-core/lib/jasmine-core/jasmine.js:4264:13
                    at /home/jihene/Documents/GithubPFE/RunRepository-/node_modules/jasmine-core/lib/jasmine-core/jasmine.js:4172:9
                    at /home/jihene/Documents/GithubPFE/RunRepository-/node_modules/jasminewd2/index.js:64:48
                    at ControlFlow.emit (/home/jihene/Documents/GithubPFE/RunRepository-/node_modules/selenium-webdriver/lib/events.js:62:21)
                    at ControlFlow.shutdown_ (/home/jihene/Documents/GithubPFE/RunRepository-/node_modules/selenium-webdriver/lib/promise.js:2565:10)
                    at shutdownTask_.MicroTask (/home/jihene/Documents/GithubPFE/RunRepository-/node_modules/selenium-webdriver/lib/promise.js:2490:53)
                From asynchronous test: 
                Error
                    at Suite.describe (/home/jihene/Documents/GithubPFE/RunRepository-/e2e/tables/element.e2e-spec.ts:5:3)
                    at addSpecsToSuite (/home/jihene/Documents/GithubPFE/RunRepository-/node_modules/jasmine-core/lib/jasmine-core/jasmine.js:1107:25)
                    at Env.describe (/home/jihene/Documents/GithubPFE/RunRepository-/node_modules/jasmine-core/lib/jasmine-core/jasmine.js:1074:7)
                    at describe (/home/jihene/Documents/GithubPFE/RunRepository-/node_modules/jasmine-core/lib/jasmine-core/jasmine.js:4399:18)
                    at Object.&lt;anonymous> (/home/jihene/Documents/GithubPFE/RunRepository-/e2e/tables/element.e2e-spec.ts:4:1)
                    at Module._compile (internal/modules/cjs/loader.js:689:30)
                    at Module.m._compile (/home/jihene/Documents/GithubPFE/RunRepository-/node_modules/ts-node/src/index.ts:299:25)
                    at Module._extensions..js (internal/modules/cjs/loader.js:700:10)
                    at Object.require.extensions.(anonymous function) [as .ts] (/home/jihene/Documents/GithubPFE/RunRepository-/node_modules/ts-node/src/index.ts:302:14)</stack-trace>
            </failure>
        </test-case>
        <test-case start='1555321541702' status='failed' stop='1555321542088'>
            <name>clear</name>
            <title>clear</title>
            <labels/>
            <parameters/>
            <steps/>
            <attachments>
                <attachment title='Screenshot' source='9364cc21-fa7c-4559-bebe-93c3bd04b513-attachment.png' type='image/png' size='3775'/>
            </attachments>
            <failure>
                <message>Failed: invalid element state: Failed to execute 'replace' on 'Location': '/#/add' is not a valid URL.
                  (Session info: chrome=72.0.3626.109)
                  (Driver info: chromedriver=2.40.565383 (76257d1ab79276b2d53ee976b2c3e3b9f335cde7),platform=Linux 4.15.0-46-generic x86_64)</message>
                <stack-trace>InvalidElementStateError: invalid element state: Failed to execute 'replace' on 'Location': '/#/add' is not a valid URL.
                  (Session info: chrome=72.0.3626.109)
                  (Driver info: chromedriver=2.40.565383 (76257d1ab79276b2d53ee976b2c3e3b9f335cde7),platform=Linux 4.15.0-46-generic x86_64)
                    at Object.checkLegacyResponse (/home/jihene/Documents/GithubPFE/RunRepository-/node_modules/selenium-webdriver/lib/error.js:505:15)
                    at parseHttpResponse (/home/jihene/Documents/GithubPFE/RunRepository-/node_modules/selenium-webdriver/lib/http.js:509:13)
                    at doSend.then.response (/home/jihene/Documents/GithubPFE/RunRepository-/node_modules/selenium-webdriver/lib/http.js:440:13)
                    at process._tickCallback (internal/process/next_tick.js:68:7)
                From: Task: Protractor.get(/#/add) - reset url
                    at Driver.schedule (/home/jihene/Documents/GithubPFE/RunRepository-/node_modules/selenium-webdriver/lib/webdriver.js:816:17)
                    at ProtractorBrowser.executeScriptWithDescription (/home/jihene/Documents/GithubPFE/RunRepository-/node_modules/protractor/lib/browser.ts:583:24)
                    at driver.controlFlow.execute.then.then.then (/home/jihene/Documents/GithubPFE/RunRepository-/node_modules/protractor/lib/browser.ts:888:23)
                    at ManagedPromise.invokeCallback_ (/home/jihene/Documents/GithubPFE/RunRepository-/node_modules/selenium-webdriver/lib/promise.js:1366:14)
                    at TaskQueue.execute_ (/home/jihene/Documents/GithubPFE/RunRepository-/node_modules/selenium-webdriver/lib/promise.js:2970:14)
                    at TaskQueue.executeNext_ (/home/jihene/Documents/GithubPFE/RunRepository-/node_modules/selenium-webdriver/lib/promise.js:2953:27)
                    at asyncRun (/home/jihene/Documents/GithubPFE/RunRepository-/node_modules/selenium-webdriver/lib/promise.js:2813:27)
                    at /home/jihene/Documents/GithubPFE/RunRepository-/node_modules/selenium-webdriver/lib/promise.js:676:7
                    at process._tickCallback (internal/process/next_tick.js:68:7)
                From: Task: Run beforeEach in control flow
                    at UserContext.&lt;anonymous> (/home/jihene/Documents/GithubPFE/RunRepository-/node_modules/jasminewd2/index.js:94:19)
                    at attempt (/home/jihene/Documents/GithubPFE/RunRepository-/node_modules/jasmine-core/lib/jasmine-core/jasmine.js:4297:26)
                    at QueueRunner.run (/home/jihene/Documents/GithubPFE/RunRepository-/node_modules/jasmine-core/lib/jasmine-core/jasmine.js:4217:20)
                    at runNext (/home/jihene/Documents/GithubPFE/RunRepository-/node_modules/jasmine-core/lib/jasmine-core/jasmine.js:4257:20)
                    at /home/jihene/Documents/GithubPFE/RunRepository-/node_modules/jasmine-core/lib/jasmine-core/jasmine.js:4264:13
                    at /home/jihene/Documents/GithubPFE/RunRepository-/node_modules/jasmine-core/lib/jasmine-core/jasmine.js:4172:9
                    at /home/jihene/Documents/GithubPFE/RunRepository-/node_modules/jasminewd2/index.js:64:48
                    at ControlFlow.emit (/home/jihene/Documents/GithubPFE/RunRepository-/node_modules/selenium-webdriver/lib/events.js:62:21)
                    at ControlFlow.shutdown_ (/home/jihene/Documents/GithubPFE/RunRepository-/node_modules/selenium-webdriver/lib/promise.js:2565:10)
                    at shutdownTask_.MicroTask (/home/jihene/Documents/GithubPFE/RunRepository-/node_modules/selenium-webdriver/lib/promise.js:2490:53)
                From asynchronous test: 
                Error
                    at Suite.describe (/home/jihene/Documents/GithubPFE/RunRepository-/e2e/tables/element.e2e-spec.ts:5:3)
                    at addSpecsToSuite (/home/jihene/Documents/GithubPFE/RunRepository-/node_modules/jasmine-core/lib/jasmine-core/jasmine.js:1107:25)
                    at Env.describe (/home/jihene/Documents/GithubPFE/RunRepository-/node_modules/jasmine-core/lib/jasmine-core/jasmine.js:1074:7)
                    at describe (/home/jihene/Documents/GithubPFE/RunRepository-/node_modules/jasmine-core/lib/jasmine-core/jasmine.js:4399:18)
                    at Object.&lt;anonymous> (/home/jihene/Documents/GithubPFE/RunRepository-/e2e/tables/element.e2e-spec.ts:4:1)
                    at Module._compile (internal/modules/cjs/loader.js:689:30)
                    at Module.m._compile (/home/jihene/Documents/GithubPFE/RunRepository-/node_modules/ts-node/src/index.ts:299:25)
                    at Module._extensions..js (internal/modules/cjs/loader.js:700:10)
                    at Object.require.extensions.(anonymous function) [as .ts] (/home/jihene/Documents/GithubPFE/RunRepository-/node_modules/ts-node/src/index.ts:302:14)</stack-trace>
            </failure>
        </test-case>
        <test-case start='1555321542088' status='failed' stop='1555321542447'>
            <name>isDisplayed</name>
            <title>isDisplayed</title>
            <labels/>
            <parameters/>
            <steps/>
            <attachments>
                <attachment title='Screenshot' source='a602736b-9bf4-4673-9958-8948aae8f918-attachment.png' type='image/png' size='3775'/>
            </attachments>
            <failure>
                <message>Failed: invalid element state: Failed to execute 'replace' on 'Location': '/#/add' is not a valid URL.
                  (Session info: chrome=72.0.3626.109)
                  (Driver info: chromedriver=2.40.565383 (76257d1ab79276b2d53ee976b2c3e3b9f335cde7),platform=Linux 4.15.0-46-generic x86_64)</message>
                <stack-trace>InvalidElementStateError: invalid element state: Failed to execute 'replace' on 'Location': '/#/add' is not a valid URL.
                  (Session info: chrome=72.0.3626.109)
                  (Driver info: chromedriver=2.40.565383 (76257d1ab79276b2d53ee976b2c3e3b9f335cde7),platform=Linux 4.15.0-46-generic x86_64)
                    at Object.checkLegacyResponse (/home/jihene/Documents/GithubPFE/RunRepository-/node_modules/selenium-webdriver/lib/error.js:505:15)
                    at parseHttpResponse (/home/jihene/Documents/GithubPFE/RunRepository-/node_modules/selenium-webdriver/lib/http.js:509:13)
                    at doSend.then.response (/home/jihene/Documents/GithubPFE/RunRepository-/node_modules/selenium-webdriver/lib/http.js:440:13)
                    at process._tickCallback (internal/process/next_tick.js:68:7)
                From: Task: Protractor.get(/#/add) - reset url
                    at Driver.schedule (/home/jihene/Documents/GithubPFE/RunRepository-/node_modules/selenium-webdriver/lib/webdriver.js:816:17)
                    at ProtractorBrowser.executeScriptWithDescription (/home/jihene/Documents/GithubPFE/RunRepository-/node_modules/protractor/lib/browser.ts:583:24)
                    at driver.controlFlow.execute.then.then.then (/home/jihene/Documents/GithubPFE/RunRepository-/node_modules/protractor/lib/browser.ts:888:23)
                    at ManagedPromise.invokeCallback_ (/home/jihene/Documents/GithubPFE/RunRepository-/node_modules/selenium-webdriver/lib/promise.js:1366:14)
                    at TaskQueue.execute_ (/home/jihene/Documents/GithubPFE/RunRepository-/node_modules/selenium-webdriver/lib/promise.js:2970:14)
                    at TaskQueue.executeNext_ (/home/jihene/Documents/GithubPFE/RunRepository-/node_modules/selenium-webdriver/lib/promise.js:2953:27)
                    at asyncRun (/home/jihene/Documents/GithubPFE/RunRepository-/node_modules/selenium-webdriver/lib/promise.js:2813:27)
                    at /home/jihene/Documents/GithubPFE/RunRepository-/node_modules/selenium-webdriver/lib/promise.js:676:7
                    at process._tickCallback (internal/process/next_tick.js:68:7)
                From: Task: Run beforeEach in control flow
                    at UserContext.&lt;anonymous> (/home/jihene/Documents/GithubPFE/RunRepository-/node_modules/jasminewd2/index.js:94:19)
                    at attempt (/home/jihene/Documents/GithubPFE/RunRepository-/node_modules/jasmine-core/lib/jasmine-core/jasmine.js:4297:26)
                    at QueueRunner.run (/home/jihene/Documents/GithubPFE/RunRepository-/node_modules/jasmine-core/lib/jasmine-core/jasmine.js:4217:20)
                    at runNext (/home/jihene/Documents/GithubPFE/RunRepository-/node_modules/jasmine-core/lib/jasmine-core/jasmine.js:4257:20)
                    at /home/jihene/Documents/GithubPFE/RunRepository-/node_modules/jasmine-core/lib/jasmine-core/jasmine.js:4264:13
                    at /home/jihene/Documents/GithubPFE/RunRepository-/node_modules/jasmine-core/lib/jasmine-core/jasmine.js:4172:9
                    at /home/jihene/Documents/GithubPFE/RunRepository-/node_modules/jasminewd2/index.js:64:48
                    at ControlFlow.emit (/home/jihene/Documents/GithubPFE/RunRepository-/node_modules/selenium-webdriver/lib/events.js:62:21)
                    at ControlFlow.shutdown_ (/home/jihene/Documents/GithubPFE/RunRepository-/node_modules/selenium-webdriver/lib/promise.js:2565:10)
                    at shutdownTask_.MicroTask (/home/jihene/Documents/GithubPFE/RunRepository-/node_modules/selenium-webdriver/lib/promise.js:2490:53)
                From asynchronous test: 
                Error
                    at Suite.describe (/home/jihene/Documents/GithubPFE/RunRepository-/e2e/tables/element.e2e-spec.ts:5:3)
                    at addSpecsToSuite (/home/jihene/Documents/GithubPFE/RunRepository-/node_modules/jasmine-core/lib/jasmine-core/jasmine.js:1107:25)
                    at Env.describe (/home/jihene/Documents/GithubPFE/RunRepository-/node_modules/jasmine-core/lib/jasmine-core/jasmine.js:1074:7)
                    at describe (/home/jihene/Documents/GithubPFE/RunRepository-/node_modules/jasmine-core/lib/jasmine-core/jasmine.js:4399:18)
                    at Object.&lt;anonymous> (/home/jihene/Documents/GithubPFE/RunRepository-/e2e/tables/element.e2e-spec.ts:4:1)
                    at Module._compile (internal/modules/cjs/loader.js:689:30)
                    at Module.m._compile (/home/jihene/Documents/GithubPFE/RunRepository-/node_modules/ts-node/src/index.ts:299:25)
                    at Module._extensions..js (internal/modules/cjs/loader.js:700:10)
                    at Object.require.extensions.(anonymous function) [as .ts] (/home/jihene/Documents/GithubPFE/RunRepository-/node_modules/ts-node/src/index.ts:302:14)</stack-trace>
            </failure>
        </test-case>
    </test-cases>
</ns2:test-suite>