<?xml version='1.0'?>
<ns2:test-suite xmlns:ns2='urn:model.allure.qatools.yandex.ru' start='1555321603865' stop='1555321611306'>
    <name>adding a new contact with only a name</name>
    <title>adding a new contact with only a name</title>
    <test-cases>
        <test-case start='1555321607463' status='passed' stop='1555321609007'>
            <name>should find the add contact button</name>
            <title>should find the add contact button</title>
            <labels/>
            <parameters/>
            <steps/>
            <attachments>
                <attachment title='Screenshot' source='2a0baae3-aa3d-4ca6-81de-50b5b1acb919-attachment.png' type='image/png' size='15111'/>
            </attachments>
        </test-case>
        <test-case start='1555321609008' status='failed' stop='1555321611258'>
            <name>should write a name</name>
            <title>should write a name</title>
            <labels/>
            <parameters/>
            <steps/>
            <attachments/>
            <failure>
                <message>Failed: no such window: target window already closed
                from unknown error: web view not found
                  (Session info: chrome=72.0.3626.109)
                  (Driver info: chromedriver=2.40.565383 (76257d1ab79276b2d53ee976b2c3e3b9f335cde7),platform=Linux 4.15.0-46-generic x86_64)</message>
                <stack-trace>NoSuchWindowError: no such window: target window already closed
                from unknown error: web view not found
                  (Session info: chrome=72.0.3626.109)
                  (Driver info: chromedriver=2.40.565383 (76257d1ab79276b2d53ee976b2c3e3b9f335cde7),platform=Linux 4.15.0-46-generic x86_64)
                    at Object.checkLegacyResponse (/home/jihene/Documents/GithubPFE/RunRepository-/node_modules/selenium-webdriver/lib/error.js:505:15)
                    at parseHttpResponse (/home/jihene/Documents/GithubPFE/RunRepository-/node_modules/selenium-webdriver/lib/http.js:509:13)
                    at doSend.then.response (/home/jihene/Documents/GithubPFE/RunRepository-/node_modules/selenium-webdriver/lib/http.js:440:13)
                    at process._tickCallback (internal/process/next_tick.js:68:7)
                From: Task: Protractor.waitForAngular() - Locator: By(css selector, *[id="contact-name"])
                    at Driver.schedule (/home/jihene/Documents/GithubPFE/RunRepository-/node_modules/selenium-webdriver/lib/webdriver.js:816:17)
                    at ProtractorBrowser.executeAsyncScript_ (/home/jihene/Documents/GithubPFE/RunRepository-/node_modules/protractor/lib/browser.ts:608:24)
                    at angularAppRoot.then (/home/jihene/Documents/GithubPFE/RunRepository-/node_modules/protractor/lib/browser.ts:642:23)
                    at ManagedPromise.invokeCallback_ (/home/jihene/Documents/GithubPFE/RunRepository-/node_modules/selenium-webdriver/lib/promise.js:1366:14)
                    at TaskQueue.execute_ (/home/jihene/Documents/GithubPFE/RunRepository-/node_modules/selenium-webdriver/lib/promise.js:2970:14)
                    at TaskQueue.executeNext_ (/home/jihene/Documents/GithubPFE/RunRepository-/node_modules/selenium-webdriver/lib/promise.js:2953:27)
                    at asyncRun (/home/jihene/Documents/GithubPFE/RunRepository-/node_modules/selenium-webdriver/lib/promise.js:2813:27)
                    at /home/jihene/Documents/GithubPFE/RunRepository-/node_modules/selenium-webdriver/lib/promise.js:676:7
                    at process._tickCallback (internal/process/next_tick.js:68:7)Error
                    at ElementArrayFinder.applyAction_ (/home/jihene/Documents/GithubPFE/RunRepository-/node_modules/protractor/lib/element.ts:482:23)
                    at ElementArrayFinder.(anonymous function).args [as sendKeys] (/home/jihene/Documents/GithubPFE/RunRepository-/node_modules/protractor/lib/element.ts:96:21)
                    at ElementFinder.(anonymous function).args [as sendKeys] (/home/jihene/Documents/GithubPFE/RunRepository-/node_modules/protractor/lib/element.ts:873:14)
                    at UserContext.it (/home/jihene/Documents/GithubPFE/RunRepository-/e2e/add-contact.e2e-spec.ts:14:36)
                    at /home/jihene/Documents/GithubPFE/RunRepository-/node_modules/jasminewd2/index.js:112:25
                    at new ManagedPromise (/home/jihene/Documents/GithubPFE/RunRepository-/node_modules/selenium-webdriver/lib/promise.js:1067:7)
                    at ControlFlow.promise (/home/jihene/Documents/GithubPFE/RunRepository-/node_modules/selenium-webdriver/lib/promise.js:2396:12)
                    at schedulerExecute (/home/jihene/Documents/GithubPFE/RunRepository-/node_modules/jasminewd2/index.js:95:18)
                    at TaskQueue.execute_ (/home/jihene/Documents/GithubPFE/RunRepository-/node_modules/selenium-webdriver/lib/promise.js:2970:14)
                    at TaskQueue.executeNext_ (/home/jihene/Documents/GithubPFE/RunRepository-/node_modules/selenium-webdriver/lib/promise.js:2953:27)
                From: Task: Run it("should write a name") in control flow
                    at UserContext.&lt;anonymous> (/home/jihene/Documents/GithubPFE/RunRepository-/node_modules/jasminewd2/index.js:94:19)
                    at attempt (/home/jihene/Documents/GithubPFE/RunRepository-/node_modules/jasmine-core/lib/jasmine-core/jasmine.js:4297:26)
                    at QueueRunner.run (/home/jihene/Documents/GithubPFE/RunRepository-/node_modules/jasmine-core/lib/jasmine-core/jasmine.js:4217:20)
                    at runNext (/home/jihene/Documents/GithubPFE/RunRepository-/node_modules/jasmine-core/lib/jasmine-core/jasmine.js:4257:20)
                    at /home/jihene/Documents/GithubPFE/RunRepository-/node_modules/jasmine-core/lib/jasmine-core/jasmine.js:4264:13
                    at /home/jihene/Documents/GithubPFE/RunRepository-/node_modules/jasmine-core/lib/jasmine-core/jasmine.js:4172:9
                    at /home/jihene/Documents/GithubPFE/RunRepository-/node_modules/jasminewd2/index.js:64:48
                    at ControlFlow.emit (/home/jihene/Documents/GithubPFE/RunRepository-/node_modules/selenium-webdriver/lib/events.js:62:21)
                    at ControlFlow.shutdown_ (/home/jihene/Documents/GithubPFE/RunRepository-/node_modules/selenium-webdriver/lib/promise.js:2565:10)
                    at shutdownTask_.MicroTask (/home/jihene/Documents/GithubPFE/RunRepository-/node_modules/selenium-webdriver/lib/promise.js:2490:53)
                From asynchronous test: 
                Error
                    at Suite.describe (/home/jihene/Documents/GithubPFE/RunRepository-/e2e/add-contact.e2e-spec.ts:13:3)
                    at addSpecsToSuite (/home/jihene/Documents/GithubPFE/RunRepository-/node_modules/jasmine-core/lib/jasmine-core/jasmine.js:1107:25)
                    at Env.describe (/home/jihene/Documents/GithubPFE/RunRepository-/node_modules/jasmine-core/lib/jasmine-core/jasmine.js:1074:7)
                    at describe (/home/jihene/Documents/GithubPFE/RunRepository-/node_modules/jasmine-core/lib/jasmine-core/jasmine.js:4399:18)
                    at Object.&lt;anonymous> (/home/jihene/Documents/GithubPFE/RunRepository-/e2e/add-contact.e2e-spec.ts:3:1)
                    at Module._compile (internal/modules/cjs/loader.js:689:30)
                    at Module.m._compile (/home/jihene/Documents/GithubPFE/RunRepository-/node_modules/ts-node/src/index.ts:299:25)
                    at Module._extensions..js (internal/modules/cjs/loader.js:700:10)
                    at Object.require.extensions.(anonymous function) [as .ts] (/home/jihene/Documents/GithubPFE/RunRepository-/node_modules/ts-node/src/index.ts:302:14)</stack-trace>
            </failure>
        </test-case>
        <test-case start='1555321611258' status='failed' stop='1555321611289'>
            <name>should click the create button</name>
            <title>should click the create button</title>
            <labels/>
            <parameters/>
            <steps/>
            <attachments/>
            <failure>
                <message>Failed: no such window: target window already closed
                from unknown error: web view not found
                  (Session info: chrome=72.0.3626.109)
                  (Driver info: chromedriver=2.40.565383 (76257d1ab79276b2d53ee976b2c3e3b9f335cde7),platform=Linux 4.15.0-46-generic x86_64)</message>
                <stack-trace>NoSuchWindowError: no such window: target window already closed
                from unknown error: web view not found
                  (Session info: chrome=72.0.3626.109)
                  (Driver info: chromedriver=2.40.565383 (76257d1ab79276b2d53ee976b2c3e3b9f335cde7),platform=Linux 4.15.0-46-generic x86_64)
                    at Object.checkLegacyResponse (/home/jihene/Documents/GithubPFE/RunRepository-/node_modules/selenium-webdriver/lib/error.js:505:15)
                    at parseHttpResponse (/home/jihene/Documents/GithubPFE/RunRepository-/node_modules/selenium-webdriver/lib/http.js:509:13)
                    at doSend.then.response (/home/jihene/Documents/GithubPFE/RunRepository-/node_modules/selenium-webdriver/lib/http.js:440:13)
                    at process._tickCallback (internal/process/next_tick.js:68:7)
                From: Task: WebDriver.takeScreenshot()
                    at Driver.schedule (/home/jihene/Documents/GithubPFE/RunRepository-/node_modules/selenium-webdriver/lib/webdriver.js:816:17)
                    at Driver.takeScreenshot (/home/jihene/Documents/GithubPFE/RunRepository-/node_modules/selenium-webdriver/lib/webdriver.js:1092:17)
                    at run (/home/jihene/Documents/GithubPFE/RunRepository-/node_modules/protractor/lib/browser.ts:66:27)
                    at ProtractorBrowser.to.(anonymous function) [as takeScreenshot] (/home/jihene/Documents/GithubPFE/RunRepository-/node_modules/protractor/lib/browser.ts:74:12)
                    at Jasmine2Reporter._callee8$ (/home/jihene/Documents/GithubPFE/RunRepository-/node_modules/protractor-beautiful-reporter/index.js:4990:48)
                    at tryCatch (/home/jihene/Documents/GithubPFE/RunRepository-/node_modules/protractor-beautiful-reporter/index.js:5432:40)
                    at Generator.invoke [as _invoke] (/home/jihene/Documents/GithubPFE/RunRepository-/node_modules/protractor-beautiful-reporter/index.js:5706:22)
                    at Generator.prototype.(anonymous function) [as next] (/home/jihene/Documents/GithubPFE/RunRepository-/node_modules/protractor-beautiful-reporter/index.js:5465:21)
                    at step (/home/jihene/Documents/GithubPFE/RunRepository-/node_modules/protractor-beautiful-reporter/index.js:4487:191)
                    at /home/jihene/Documents/GithubPFE/RunRepository-/node_modules/protractor-beautiful-reporter/index.js:4487:361
                From: Task: Run beforeEach in control flow
                    at UserContext.&lt;anonymous> (/home/jihene/Documents/GithubPFE/RunRepository-/node_modules/jasminewd2/index.js:94:19)
                    at attempt (/home/jihene/Documents/GithubPFE/RunRepository-/node_modules/jasmine-core/lib/jasmine-core/jasmine.js:4297:26)
                    at QueueRunner.run (/home/jihene/Documents/GithubPFE/RunRepository-/node_modules/jasmine-core/lib/jasmine-core/jasmine.js:4217:20)
                    at QueueRunner.execute (/home/jihene/Documents/GithubPFE/RunRepository-/node_modules/jasmine-core/lib/jasmine-core/jasmine.js:4199:10)
                    at Spec.queueRunnerFactory (/home/jihene/Documents/GithubPFE/RunRepository-/node_modules/jasmine-core/lib/jasmine-core/jasmine.js:909:35)
                    at Spec.execute (/home/jihene/Documents/GithubPFE/RunRepository-/node_modules/jasmine-core/lib/jasmine-core/jasmine.js:526:10)
                    at UserContext.fn (/home/jihene/Documents/GithubPFE/RunRepository-/node_modules/jasmine-core/lib/jasmine-core/jasmine.js:5340:37)
                    at attempt (/home/jihene/Documents/GithubPFE/RunRepository-/node_modules/jasmine-core/lib/jasmine-core/jasmine.js:4297:26)
                    at QueueRunner.run (/home/jihene/Documents/GithubPFE/RunRepository-/node_modules/jasmine-core/lib/jasmine-core/jasmine.js:4217:20)
                    at runNext (/home/jihene/Documents/GithubPFE/RunRepository-/node_modules/jasmine-core/lib/jasmine-core/jasmine.js:4257:20)
                From asynchronous test: 
                Error
                    at Jasmine2Reporter.jasmineStarted (/home/jihene/Documents/GithubPFE/RunRepository-/node_modules/protractor-beautiful-reporter/index.js:4720:13)
                    at dispatch (/home/jihene/Documents/GithubPFE/RunRepository-/node_modules/jasmine-core/lib/jasmine-core/jasmine.js:4366:28)
                    at ReportDispatcher.jasmineStarted (/home/jihene/Documents/GithubPFE/RunRepository-/node_modules/jasmine-core/lib/jasmine-core/jasmine.js:4337:11)
                    at Env.execute (/home/jihene/Documents/GithubPFE/RunRepository-/node_modules/jasmine-core/lib/jasmine-core/jasmine.js:975:16)
                    at Jasmine.execute (/home/jihene/Documents/GithubPFE/RunRepository-/node_modules/jasmine/lib/jasmine.js:200:12)
                    at /home/jihene/Documents/GithubPFE/RunRepository-/node_modules/protractor/built/frameworks/jasmine.js:132:15
                    at Function.promise (/home/jihene/Documents/GithubPFE/RunRepository-/node_modules/q/q.js:682:9)
                    at /home/jihene/Documents/GithubPFE/RunRepository-/node_modules/protractor/built/frameworks/jasmine.js:104:14
                    at _fulfilled (/home/jihene/Documents/GithubPFE/RunRepository-/node_modules/q/q.js:834:54)</stack-trace>
            </failure>
        </test-case>
    </test-cases>
</ns2:test-suite>