<?xml version='1.0'?>
<ns2:test-suite xmlns:ns2='urn:model.allure.qatools.yandex.ru' start='1555319648564' stop='1555319654862'>
    <name>element methods</name>
    <title>element methods</title>
    <test-cases>
        <test-case start='1555319648564' status='failed' stop='1555319651279'>
            <name>test protractor by and webdriver by</name>
            <title>test protractor by and webdriver by</title>
            <labels/>
            <parameters/>
            <steps/>
            <attachments>
                <attachment title='Screenshot' source='1694781f-25e4-44d1-8fc9-0ec03e171825-attachment.png' type='image/png' size='3775'/>
            </attachments>
            <failure>
                <message>Failed: invalid element state: Failed to execute 'replace' on 'Location': '/#/add' is not a valid URL.
                  (Session info: chrome=72.0.3626.109)
                  (Driver info: chromedriver=2.40.565383 (76257d1ab79276b2d53ee976b2c3e3b9f335cde7),platform=Linux 4.15.0-46-generic x86_64)</message>
                <stack-trace>InvalidElementStateError: invalid element state: Failed to execute 'replace' on 'Location': '/#/add' is not a valid URL.
                  (Session info: chrome=72.0.3626.109)
                  (Driver info: chromedriver=2.40.565383 (76257d1ab79276b2d53ee976b2c3e3b9f335cde7),platform=Linux 4.15.0-46-generic x86_64)
                    at Object.checkLegacyResponse (/home/jihene/Documents/GithubPFE/RunRepository-/node_modules/selenium-webdriver/lib/error.js:505:15)
                    at parseHttpResponse (/home/jihene/Documents/GithubPFE/RunRepository-/node_modules/selenium-webdriver/lib/http.js:509:13)
                    at doSend.then.response (/home/jihene/Documents/GithubPFE/RunRepository-/node_modules/selenium-webdriver/lib/http.js:440:13)
                    at process._tickCallback (internal/process/next_tick.js:68:7)
                From: Task: Protractor.get(/#/add) - reset url
                    at Driver.schedule (/home/jihene/Documents/GithubPFE/RunRepository-/node_modules/selenium-webdriver/lib/webdriver.js:816:17)
                    at ProtractorBrowser.executeScriptWithDescription (/home/jihene/Documents/GithubPFE/RunRepository-/node_modules/protractor/lib/browser.ts:583:24)
                    at driver.controlFlow.execute.then.then.then (/home/jihene/Documents/GithubPFE/RunRepository-/node_modules/protractor/lib/browser.ts:888:23)
                    at ManagedPromise.invokeCallback_ (/home/jihene/Documents/GithubPFE/RunRepository-/node_modules/selenium-webdriver/lib/promise.js:1366:14)
                    at TaskQueue.execute_ (/home/jihene/Documents/GithubPFE/RunRepository-/node_modules/selenium-webdriver/lib/promise.js:2970:14)
                    at TaskQueue.executeNext_ (/home/jihene/Documents/GithubPFE/RunRepository-/node_modules/selenium-webdriver/lib/promise.js:2953:27)
                    at asyncRun (/home/jihene/Documents/GithubPFE/RunRepository-/node_modules/selenium-webdriver/lib/promise.js:2813:27)
                    at /home/jihene/Documents/GithubPFE/RunRepository-/node_modules/selenium-webdriver/lib/promise.js:676:7
                    at process._tickCallback (internal/process/next_tick.js:68:7)
                From: Task: Run beforeEach in control flow
                    at UserContext.&lt;anonymous> (/home/jihene/Documents/GithubPFE/RunRepository-/node_modules/jasminewd2/index.js:94:19)
                    at attempt (/home/jihene/Documents/GithubPFE/RunRepository-/node_modules/jasmine-core/lib/jasmine-core/jasmine.js:4297:26)
                    at QueueRunner.run (/home/jihene/Documents/GithubPFE/RunRepository-/node_modules/jasmine-core/lib/jasmine-core/jasmine.js:4217:20)
                    at runNext (/home/jihene/Documents/GithubPFE/RunRepository-/node_modules/jasmine-core/lib/jasmine-core/jasmine.js:4257:20)
                    at /home/jihene/Documents/GithubPFE/RunRepository-/node_modules/jasmine-core/lib/jasmine-core/jasmine.js:4264:13
                    at /home/jihene/Documents/GithubPFE/RunRepository-/node_modules/jasmine-core/lib/jasmine-core/jasmine.js:4172:9
                    at /home/jihene/Documents/GithubPFE/RunRepository-/node_modules/jasminewd2/index.js:64:48
                    at ControlFlow.emit (/home/jihene/Documents/GithubPFE/RunRepository-/node_modules/selenium-webdriver/lib/events.js:62:21)
                    at ControlFlow.shutdown_ (/home/jihene/Documents/GithubPFE/RunRepository-/node_modules/selenium-webdriver/lib/promise.js:2565:10)
                    at shutdownTask_.MicroTask (/home/jihene/Documents/GithubPFE/RunRepository-/node_modules/selenium-webdriver/lib/promise.js:2490:53)
                From asynchronous test: 
                Error
                    at Suite.describe (/home/jihene/Documents/GithubPFE/RunRepository-/e2e/tables/element.e2e-spec.ts:5:3)
                    at addSpecsToSuite (/home/jihene/Documents/GithubPFE/RunRepository-/node_modules/jasmine-core/lib/jasmine-core/jasmine.js:1107:25)
                    at Env.describe (/home/jihene/Documents/GithubPFE/RunRepository-/node_modules/jasmine-core/lib/jasmine-core/jasmine.js:1074:7)
                    at describe (/home/jihene/Documents/GithubPFE/RunRepository-/node_modules/jasmine-core/lib/jasmine-core/jasmine.js:4399:18)
                    at Object.&lt;anonymous> (/home/jihene/Documents/GithubPFE/RunRepository-/e2e/tables/element.e2e-spec.ts:4:1)
                    at Module._compile (internal/modules/cjs/loader.js:689:30)
                    at Module.m._compile (/home/jihene/Documents/GithubPFE/RunRepository-/node_modules/ts-node/src/index.ts:299:25)
                    at Module._extensions..js (internal/modules/cjs/loader.js:700:10)
                    at Object.require.extensions.(anonymous function) [as .ts] (/home/jihene/Documents/GithubPFE/RunRepository-/node_modules/ts-node/src/index.ts:302:14)</stack-trace>
            </failure>
        </test-case>
        <test-case start='1555319651279' status='failed' stop='1555319651574'>
            <name>getWebElement</name>
            <title>getWebElement</title>
            <labels/>
            <parameters/>
            <steps/>
            <attachments>
                <attachment title='Screenshot' source='ed77f67e-de70-417f-bbce-d87bbc91c9e8-attachment.png' type='image/png' size='3775'/>
            </attachments>
            <failure>
                <message>Failed: invalid element state: Failed to execute 'replace' on 'Location': '/#/add' is not a valid URL.
                  (Session info: chrome=72.0.3626.109)
                  (Driver info: chromedriver=2.40.565383 (76257d1ab79276b2d53ee976b2c3e3b9f335cde7),platform=Linux 4.15.0-46-generic x86_64)</message>
                <stack-trace>InvalidElementStateError: invalid element state: Failed to execute 'replace' on 'Location': '/#/add' is not a valid URL.
                  (Session info: chrome=72.0.3626.109)
                  (Driver info: chromedriver=2.40.565383 (76257d1ab79276b2d53ee976b2c3e3b9f335cde7),platform=Linux 4.15.0-46-generic x86_64)
                    at Object.checkLegacyResponse (/home/jihene/Documents/GithubPFE/RunRepository-/node_modules/selenium-webdriver/lib/error.js:505:15)
                    at parseHttpResponse (/home/jihene/Documents/GithubPFE/RunRepository-/node_modules/selenium-webdriver/lib/http.js:509:13)
                    at doSend.then.response (/home/jihene/Documents/GithubPFE/RunRepository-/node_modules/selenium-webdriver/lib/http.js:440:13)
                    at process._tickCallback (internal/process/next_tick.js:68:7)
                From: Task: Protractor.get(/#/add) - reset url
                    at Driver.schedule (/home/jihene/Documents/GithubPFE/RunRepository-/node_modules/selenium-webdriver/lib/webdriver.js:816:17)
                    at ProtractorBrowser.executeScriptWithDescription (/home/jihene/Documents/GithubPFE/RunRepository-/node_modules/protractor/lib/browser.ts:583:24)
                    at driver.controlFlow.execute.then.then.then (/home/jihene/Documents/GithubPFE/RunRepository-/node_modules/protractor/lib/browser.ts:888:23)
                    at ManagedPromise.invokeCallback_ (/home/jihene/Documents/GithubPFE/RunRepository-/node_modules/selenium-webdriver/lib/promise.js:1366:14)
                    at TaskQueue.execute_ (/home/jihene/Documents/GithubPFE/RunRepository-/node_modules/selenium-webdriver/lib/promise.js:2970:14)
                    at TaskQueue.executeNext_ (/home/jihene/Documents/GithubPFE/RunRepository-/node_modules/selenium-webdriver/lib/promise.js:2953:27)
                    at asyncRun (/home/jihene/Documents/GithubPFE/RunRepository-/node_modules/selenium-webdriver/lib/promise.js:2813:27)
                    at /home/jihene/Documents/GithubPFE/RunRepository-/node_modules/selenium-webdriver/lib/promise.js:676:7
                    at process._tickCallback (internal/process/next_tick.js:68:7)
                From: Task: Run beforeEach in control flow
                    at UserContext.&lt;anonymous> (/home/jihene/Documents/GithubPFE/RunRepository-/node_modules/jasminewd2/index.js:94:19)
                    at attempt (/home/jihene/Documents/GithubPFE/RunRepository-/node_modules/jasmine-core/lib/jasmine-core/jasmine.js:4297:26)
                    at QueueRunner.run (/home/jihene/Documents/GithubPFE/RunRepository-/node_modules/jasmine-core/lib/jasmine-core/jasmine.js:4217:20)
                    at runNext (/home/jihene/Documents/GithubPFE/RunRepository-/node_modules/jasmine-core/lib/jasmine-core/jasmine.js:4257:20)
                    at /home/jihene/Documents/GithubPFE/RunRepository-/node_modules/jasmine-core/lib/jasmine-core/jasmine.js:4264:13
                    at /home/jihene/Documents/GithubPFE/RunRepository-/node_modules/jasmine-core/lib/jasmine-core/jasmine.js:4172:9
                    at /home/jihene/Documents/GithubPFE/RunRepository-/node_modules/jasminewd2/index.js:64:48
                    at ControlFlow.emit (/home/jihene/Documents/GithubPFE/RunRepository-/node_modules/selenium-webdriver/lib/events.js:62:21)
                    at ControlFlow.shutdown_ (/home/jihene/Documents/GithubPFE/RunRepository-/node_modules/selenium-webdriver/lib/promise.js:2565:10)
                    at shutdownTask_.MicroTask (/home/jihene/Documents/GithubPFE/RunRepository-/node_modules/selenium-webdriver/lib/promise.js:2490:53)
                From asynchronous test: 
                Error
                    at Suite.describe (/home/jihene/Documents/GithubPFE/RunRepository-/e2e/tables/element.e2e-spec.ts:5:3)
                    at addSpecsToSuite (/home/jihene/Documents/GithubPFE/RunRepository-/node_modules/jasmine-core/lib/jasmine-core/jasmine.js:1107:25)
                    at Env.describe (/home/jihene/Documents/GithubPFE/RunRepository-/node_modules/jasmine-core/lib/jasmine-core/jasmine.js:1074:7)
                    at describe (/home/jihene/Documents/GithubPFE/RunRepository-/node_modules/jasmine-core/lib/jasmine-core/jasmine.js:4399:18)
                    at Object.&lt;anonymous> (/home/jihene/Documents/GithubPFE/RunRepository-/e2e/tables/element.e2e-spec.ts:4:1)
                    at Module._compile (internal/modules/cjs/loader.js:689:30)
                    at Module.m._compile (/home/jihene/Documents/GithubPFE/RunRepository-/node_modules/ts-node/src/index.ts:299:25)
                    at Module._extensions..js (internal/modules/cjs/loader.js:700:10)
                    at Object.require.extensions.(anonymous function) [as .ts] (/home/jihene/Documents/GithubPFE/RunRepository-/node_modules/ts-node/src/index.ts:302:14)</stack-trace>
            </failure>
        </test-case>
        <test-case start='1555319651574' status='failed' stop='1555319651915'>
            <name>isPresent and isElementPresent</name>
            <title>isPresent and isElementPresent</title>
            <labels/>
            <parameters/>
            <steps/>
            <attachments>
                <attachment title='Screenshot' source='433bc609-6c4b-4a0e-aea6-9b5cf21026f9-attachment.png' type='image/png' size='3775'/>
            </attachments>
            <failure>
                <message>Failed: invalid element state: Failed to execute 'replace' on 'Location': '/#/add' is not a valid URL.
                  (Session info: chrome=72.0.3626.109)
                  (Driver info: chromedriver=2.40.565383 (76257d1ab79276b2d53ee976b2c3e3b9f335cde7),platform=Linux 4.15.0-46-generic x86_64)</message>
                <stack-trace>InvalidElementStateError: invalid element state: Failed to execute 'replace' on 'Location': '/#/add' is not a valid URL.
                  (Session info: chrome=72.0.3626.109)
                  (Driver info: chromedriver=2.40.565383 (76257d1ab79276b2d53ee976b2c3e3b9f335cde7),platform=Linux 4.15.0-46-generic x86_64)
                    at Object.checkLegacyResponse (/home/jihene/Documents/GithubPFE/RunRepository-/node_modules/selenium-webdriver/lib/error.js:505:15)
                    at parseHttpResponse (/home/jihene/Documents/GithubPFE/RunRepository-/node_modules/selenium-webdriver/lib/http.js:509:13)
                    at doSend.then.response (/home/jihene/Documents/GithubPFE/RunRepository-/node_modules/selenium-webdriver/lib/http.js:440:13)
                    at process._tickCallback (internal/process/next_tick.js:68:7)
                From: Task: Protractor.get(/#/add) - reset url
                    at Driver.schedule (/home/jihene/Documents/GithubPFE/RunRepository-/node_modules/selenium-webdriver/lib/webdriver.js:816:17)
                    at ProtractorBrowser.executeScriptWithDescription (/home/jihene/Documents/GithubPFE/RunRepository-/node_modules/protractor/lib/browser.ts:583:24)
                    at driver.controlFlow.execute.then.then.then (/home/jihene/Documents/GithubPFE/RunRepository-/node_modules/protractor/lib/browser.ts:888:23)
                    at ManagedPromise.invokeCallback_ (/home/jihene/Documents/GithubPFE/RunRepository-/node_modules/selenium-webdriver/lib/promise.js:1366:14)
                    at TaskQueue.execute_ (/home/jihene/Documents/GithubPFE/RunRepository-/node_modules/selenium-webdriver/lib/promise.js:2970:14)
                    at TaskQueue.executeNext_ (/home/jihene/Documents/GithubPFE/RunRepository-/node_modules/selenium-webdriver/lib/promise.js:2953:27)
                    at asyncRun (/home/jihene/Documents/GithubPFE/RunRepository-/node_modules/selenium-webdriver/lib/promise.js:2813:27)
                    at /home/jihene/Documents/GithubPFE/RunRepository-/node_modules/selenium-webdriver/lib/promise.js:676:7
                    at process._tickCallback (internal/process/next_tick.js:68:7)
                From: Task: Run beforeEach in control flow
                    at UserContext.&lt;anonymous> (/home/jihene/Documents/GithubPFE/RunRepository-/node_modules/jasminewd2/index.js:94:19)
                    at attempt (/home/jihene/Documents/GithubPFE/RunRepository-/node_modules/jasmine-core/lib/jasmine-core/jasmine.js:4297:26)
                    at QueueRunner.run (/home/jihene/Documents/GithubPFE/RunRepository-/node_modules/jasmine-core/lib/jasmine-core/jasmine.js:4217:20)
                    at runNext (/home/jihene/Documents/GithubPFE/RunRepository-/node_modules/jasmine-core/lib/jasmine-core/jasmine.js:4257:20)
                    at /home/jihene/Documents/GithubPFE/RunRepository-/node_modules/jasmine-core/lib/jasmine-core/jasmine.js:4264:13
                    at /home/jihene/Documents/GithubPFE/RunRepository-/node_modules/jasmine-core/lib/jasmine-core/jasmine.js:4172:9
                    at /home/jihene/Documents/GithubPFE/RunRepository-/node_modules/jasminewd2/index.js:64:48
                    at ControlFlow.emit (/home/jihene/Documents/GithubPFE/RunRepository-/node_modules/selenium-webdriver/lib/events.js:62:21)
                    at ControlFlow.shutdown_ (/home/jihene/Documents/GithubPFE/RunRepository-/node_modules/selenium-webdriver/lib/promise.js:2565:10)
                    at shutdownTask_.MicroTask (/home/jihene/Documents/GithubPFE/RunRepository-/node_modules/selenium-webdriver/lib/promise.js:2490:53)
                From asynchronous test: 
                Error
                    at Suite.describe (/home/jihene/Documents/GithubPFE/RunRepository-/e2e/tables/element.e2e-spec.ts:5:3)
                    at addSpecsToSuite (/home/jihene/Documents/GithubPFE/RunRepository-/node_modules/jasmine-core/lib/jasmine-core/jasmine.js:1107:25)
                    at Env.describe (/home/jihene/Documents/GithubPFE/RunRepository-/node_modules/jasmine-core/lib/jasmine-core/jasmine.js:1074:7)
                    at describe (/home/jihene/Documents/GithubPFE/RunRepository-/node_modules/jasmine-core/lib/jasmine-core/jasmine.js:4399:18)
                    at Object.&lt;anonymous> (/home/jihene/Documents/GithubPFE/RunRepository-/e2e/tables/element.e2e-spec.ts:4:1)
                    at Module._compile (internal/modules/cjs/loader.js:689:30)
                    at Module.m._compile (/home/jihene/Documents/GithubPFE/RunRepository-/node_modules/ts-node/src/index.ts:299:25)
                    at Module._extensions..js (internal/modules/cjs/loader.js:700:10)
                    at Object.require.extensions.(anonymous function) [as .ts] (/home/jihene/Documents/GithubPFE/RunRepository-/node_modules/ts-node/src/index.ts:302:14)</stack-trace>
            </failure>
        </test-case>
        <test-case start='1555319651915' status='failed' stop='1555319652240'>
            <name>getTagName</name>
            <title>getTagName</title>
            <labels/>
            <parameters/>
            <steps/>
            <attachments>
                <attachment title='Screenshot' source='501f6dea-ddf1-4bff-ab8c-ff5b077f0cee-attachment.png' type='image/png' size='3775'/>
            </attachments>
            <failure>
                <message>Failed: invalid element state: Failed to execute 'replace' on 'Location': '/#/add' is not a valid URL.
                  (Session info: chrome=72.0.3626.109)
                  (Driver info: chromedriver=2.40.565383 (76257d1ab79276b2d53ee976b2c3e3b9f335cde7),platform=Linux 4.15.0-46-generic x86_64)</message>
                <stack-trace>InvalidElementStateError: invalid element state: Failed to execute 'replace' on 'Location': '/#/add' is not a valid URL.
                  (Session info: chrome=72.0.3626.109)
                  (Driver info: chromedriver=2.40.565383 (76257d1ab79276b2d53ee976b2c3e3b9f335cde7),platform=Linux 4.15.0-46-generic x86_64)
                    at Object.checkLegacyResponse (/home/jihene/Documents/GithubPFE/RunRepository-/node_modules/selenium-webdriver/lib/error.js:505:15)
                    at parseHttpResponse (/home/jihene/Documents/GithubPFE/RunRepository-/node_modules/selenium-webdriver/lib/http.js:509:13)
                    at doSend.then.response (/home/jihene/Documents/GithubPFE/RunRepository-/node_modules/selenium-webdriver/lib/http.js:440:13)
                    at process._tickCallback (internal/process/next_tick.js:68:7)
                From: Task: Protractor.get(/#/add) - reset url
                    at Driver.schedule (/home/jihene/Documents/GithubPFE/RunRepository-/node_modules/selenium-webdriver/lib/webdriver.js:816:17)
                    at ProtractorBrowser.executeScriptWithDescription (/home/jihene/Documents/GithubPFE/RunRepository-/node_modules/protractor/lib/browser.ts:583:24)
                    at driver.controlFlow.execute.then.then.then (/home/jihene/Documents/GithubPFE/RunRepository-/node_modules/protractor/lib/browser.ts:888:23)
                    at ManagedPromise.invokeCallback_ (/home/jihene/Documents/GithubPFE/RunRepository-/node_modules/selenium-webdriver/lib/promise.js:1366:14)
                    at TaskQueue.execute_ (/home/jihene/Documents/GithubPFE/RunRepository-/node_modules/selenium-webdriver/lib/promise.js:2970:14)
                    at TaskQueue.executeNext_ (/home/jihene/Documents/GithubPFE/RunRepository-/node_modules/selenium-webdriver/lib/promise.js:2953:27)
                    at asyncRun (/home/jihene/Documents/GithubPFE/RunRepository-/node_modules/selenium-webdriver/lib/promise.js:2813:27)
                    at /home/jihene/Documents/GithubPFE/RunRepository-/node_modules/selenium-webdriver/lib/promise.js:676:7
                    at process._tickCallback (internal/process/next_tick.js:68:7)
                From: Task: Run beforeEach in control flow
                    at UserContext.&lt;anonymous> (/home/jihene/Documents/GithubPFE/RunRepository-/node_modules/jasminewd2/index.js:94:19)
                    at attempt (/home/jihene/Documents/GithubPFE/RunRepository-/node_modules/jasmine-core/lib/jasmine-core/jasmine.js:4297:26)
                    at QueueRunner.run (/home/jihene/Documents/GithubPFE/RunRepository-/node_modules/jasmine-core/lib/jasmine-core/jasmine.js:4217:20)
                    at runNext (/home/jihene/Documents/GithubPFE/RunRepository-/node_modules/jasmine-core/lib/jasmine-core/jasmine.js:4257:20)
                    at /home/jihene/Documents/GithubPFE/RunRepository-/node_modules/jasmine-core/lib/jasmine-core/jasmine.js:4264:13
                    at /home/jihene/Documents/GithubPFE/RunRepository-/node_modules/jasmine-core/lib/jasmine-core/jasmine.js:4172:9
                    at /home/jihene/Documents/GithubPFE/RunRepository-/node_modules/jasminewd2/index.js:64:48
                    at ControlFlow.emit (/home/jihene/Documents/GithubPFE/RunRepository-/node_modules/selenium-webdriver/lib/events.js:62:21)
                    at ControlFlow.shutdown_ (/home/jihene/Documents/GithubPFE/RunRepository-/node_modules/selenium-webdriver/lib/promise.js:2565:10)
                    at shutdownTask_.MicroTask (/home/jihene/Documents/GithubPFE/RunRepository-/node_modules/selenium-webdriver/lib/promise.js:2490:53)
                From asynchronous test: 
                Error
                    at Suite.describe (/home/jihene/Documents/GithubPFE/RunRepository-/e2e/tables/element.e2e-spec.ts:5:3)
                    at addSpecsToSuite (/home/jihene/Documents/GithubPFE/RunRepository-/node_modules/jasmine-core/lib/jasmine-core/jasmine.js:1107:25)
                    at Env.describe (/home/jihene/Documents/GithubPFE/RunRepository-/node_modules/jasmine-core/lib/jasmine-core/jasmine.js:1074:7)
                    at describe (/home/jihene/Documents/GithubPFE/RunRepository-/node_modules/jasmine-core/lib/jasmine-core/jasmine.js:4399:18)
                    at Object.&lt;anonymous> (/home/jihene/Documents/GithubPFE/RunRepository-/e2e/tables/element.e2e-spec.ts:4:1)
                    at Module._compile (internal/modules/cjs/loader.js:689:30)
                    at Module.m._compile (/home/jihene/Documents/GithubPFE/RunRepository-/node_modules/ts-node/src/index.ts:299:25)
                    at Module._extensions..js (internal/modules/cjs/loader.js:700:10)
                    at Object.require.extensions.(anonymous function) [as .ts] (/home/jihene/Documents/GithubPFE/RunRepository-/node_modules/ts-node/src/index.ts:302:14)</stack-trace>
            </failure>
        </test-case>
        <test-case start='1555319652241' status='failed' stop='1555319652530'>
            <name>getCssValue</name>
            <title>getCssValue</title>
            <labels/>
            <parameters/>
            <steps/>
            <attachments>
                <attachment title='Screenshot' source='f98791b7-c8bd-4cd5-9d18-10cf17812809-attachment.png' type='image/png' size='3775'/>
            </attachments>
            <failure>
                <message>Failed: invalid element state: Failed to execute 'replace' on 'Location': '/#/add' is not a valid URL.
                  (Session info: chrome=72.0.3626.109)
                  (Driver info: chromedriver=2.40.565383 (76257d1ab79276b2d53ee976b2c3e3b9f335cde7),platform=Linux 4.15.0-46-generic x86_64)</message>
                <stack-trace>InvalidElementStateError: invalid element state: Failed to execute 'replace' on 'Location': '/#/add' is not a valid URL.
                  (Session info: chrome=72.0.3626.109)
                  (Driver info: chromedriver=2.40.565383 (76257d1ab79276b2d53ee976b2c3e3b9f335cde7),platform=Linux 4.15.0-46-generic x86_64)
                    at Object.checkLegacyResponse (/home/jihene/Documents/GithubPFE/RunRepository-/node_modules/selenium-webdriver/lib/error.js:505:15)
                    at parseHttpResponse (/home/jihene/Documents/GithubPFE/RunRepository-/node_modules/selenium-webdriver/lib/http.js:509:13)
                    at doSend.then.response (/home/jihene/Documents/GithubPFE/RunRepository-/node_modules/selenium-webdriver/lib/http.js:440:13)
                    at process._tickCallback (internal/process/next_tick.js:68:7)
                From: Task: Protractor.get(/#/add) - reset url
                    at Driver.schedule (/home/jihene/Documents/GithubPFE/RunRepository-/node_modules/selenium-webdriver/lib/webdriver.js:816:17)
                    at ProtractorBrowser.executeScriptWithDescription (/home/jihene/Documents/GithubPFE/RunRepository-/node_modules/protractor/lib/browser.ts:583:24)
                    at driver.controlFlow.execute.then.then.then (/home/jihene/Documents/GithubPFE/RunRepository-/node_modules/protractor/lib/browser.ts:888:23)
                    at ManagedPromise.invokeCallback_ (/home/jihene/Documents/GithubPFE/RunRepository-/node_modules/selenium-webdriver/lib/promise.js:1366:14)
                    at TaskQueue.execute_ (/home/jihene/Documents/GithubPFE/RunRepository-/node_modules/selenium-webdriver/lib/promise.js:2970:14)
                    at TaskQueue.executeNext_ (/home/jihene/Documents/GithubPFE/RunRepository-/node_modules/selenium-webdriver/lib/promise.js:2953:27)
                    at asyncRun (/home/jihene/Documents/GithubPFE/RunRepository-/node_modules/selenium-webdriver/lib/promise.js:2813:27)
                    at /home/jihene/Documents/GithubPFE/RunRepository-/node_modules/selenium-webdriver/lib/promise.js:676:7
                    at process._tickCallback (internal/process/next_tick.js:68:7)
                From: Task: Run beforeEach in control flow
                    at UserContext.&lt;anonymous> (/home/jihene/Documents/GithubPFE/RunRepository-/node_modules/jasminewd2/index.js:94:19)
                    at attempt (/home/jihene/Documents/GithubPFE/RunRepository-/node_modules/jasmine-core/lib/jasmine-core/jasmine.js:4297:26)
                    at QueueRunner.run (/home/jihene/Documents/GithubPFE/RunRepository-/node_modules/jasmine-core/lib/jasmine-core/jasmine.js:4217:20)
                    at runNext (/home/jihene/Documents/GithubPFE/RunRepository-/node_modules/jasmine-core/lib/jasmine-core/jasmine.js:4257:20)
                    at /home/jihene/Documents/GithubPFE/RunRepository-/node_modules/jasmine-core/lib/jasmine-core/jasmine.js:4264:13
                    at /home/jihene/Documents/GithubPFE/RunRepository-/node_modules/jasmine-core/lib/jasmine-core/jasmine.js:4172:9
                    at /home/jihene/Documents/GithubPFE/RunRepository-/node_modules/jasminewd2/index.js:64:48
                    at ControlFlow.emit (/home/jihene/Documents/GithubPFE/RunRepository-/node_modules/selenium-webdriver/lib/events.js:62:21)
                    at ControlFlow.shutdown_ (/home/jihene/Documents/GithubPFE/RunRepository-/node_modules/selenium-webdriver/lib/promise.js:2565:10)
                    at shutdownTask_.MicroTask (/home/jihene/Documents/GithubPFE/RunRepository-/node_modules/selenium-webdriver/lib/promise.js:2490:53)
                From asynchronous test: 
                Error
                    at Suite.describe (/home/jihene/Documents/GithubPFE/RunRepository-/e2e/tables/element.e2e-spec.ts:5:3)
                    at addSpecsToSuite (/home/jihene/Documents/GithubPFE/RunRepository-/node_modules/jasmine-core/lib/jasmine-core/jasmine.js:1107:25)
                    at Env.describe (/home/jihene/Documents/GithubPFE/RunRepository-/node_modules/jasmine-core/lib/jasmine-core/jasmine.js:1074:7)
                    at describe (/home/jihene/Documents/GithubPFE/RunRepository-/node_modules/jasmine-core/lib/jasmine-core/jasmine.js:4399:18)
                    at Object.&lt;anonymous> (/home/jihene/Documents/GithubPFE/RunRepository-/e2e/tables/element.e2e-spec.ts:4:1)
                    at Module._compile (internal/modules/cjs/loader.js:689:30)
                    at Module.m._compile (/home/jihene/Documents/GithubPFE/RunRepository-/node_modules/ts-node/src/index.ts:299:25)
                    at Module._extensions..js (internal/modules/cjs/loader.js:700:10)
                    at Object.require.extensions.(anonymous function) [as .ts] (/home/jihene/Documents/GithubPFE/RunRepository-/node_modules/ts-node/src/index.ts:302:14)</stack-trace>
            </failure>
        </test-case>
        <test-case start='1555319652530' status='failed' stop='1555319653213'>
            <name>getAttribute</name>
            <title>getAttribute</title>
            <labels/>
            <parameters/>
            <steps/>
            <attachments>
                <attachment title='Screenshot' source='84037787-3426-4032-b6fe-4dc6f3ca57ab-attachment.png' type='image/png' size='3775'/>
            </attachments>
            <failure>
                <message>Failed: invalid element state: Failed to execute 'replace' on 'Location': '/#/add' is not a valid URL.
                  (Session info: chrome=72.0.3626.109)
                  (Driver info: chromedriver=2.40.565383 (76257d1ab79276b2d53ee976b2c3e3b9f335cde7),platform=Linux 4.15.0-46-generic x86_64)</message>
                <stack-trace>InvalidElementStateError: invalid element state: Failed to execute 'replace' on 'Location': '/#/add' is not a valid URL.
                  (Session info: chrome=72.0.3626.109)
                  (Driver info: chromedriver=2.40.565383 (76257d1ab79276b2d53ee976b2c3e3b9f335cde7),platform=Linux 4.15.0-46-generic x86_64)
                    at Object.checkLegacyResponse (/home/jihene/Documents/GithubPFE/RunRepository-/node_modules/selenium-webdriver/lib/error.js:505:15)
                    at parseHttpResponse (/home/jihene/Documents/GithubPFE/RunRepository-/node_modules/selenium-webdriver/lib/http.js:509:13)
                    at doSend.then.response (/home/jihene/Documents/GithubPFE/RunRepository-/node_modules/selenium-webdriver/lib/http.js:440:13)
                    at process._tickCallback (internal/process/next_tick.js:68:7)
                From: Task: Protractor.get(/#/add) - reset url
                    at Driver.schedule (/home/jihene/Documents/GithubPFE/RunRepository-/node_modules/selenium-webdriver/lib/webdriver.js:816:17)
                    at ProtractorBrowser.executeScriptWithDescription (/home/jihene/Documents/GithubPFE/RunRepository-/node_modules/protractor/lib/browser.ts:583:24)
                    at driver.controlFlow.execute.then.then.then (/home/jihene/Documents/GithubPFE/RunRepository-/node_modules/protractor/lib/browser.ts:888:23)
                    at ManagedPromise.invokeCallback_ (/home/jihene/Documents/GithubPFE/RunRepository-/node_modules/selenium-webdriver/lib/promise.js:1366:14)
                    at TaskQueue.execute_ (/home/jihene/Documents/GithubPFE/RunRepository-/node_modules/selenium-webdriver/lib/promise.js:2970:14)
                    at TaskQueue.executeNext_ (/home/jihene/Documents/GithubPFE/RunRepository-/node_modules/selenium-webdriver/lib/promise.js:2953:27)
                    at asyncRun (/home/jihene/Documents/GithubPFE/RunRepository-/node_modules/selenium-webdriver/lib/promise.js:2813:27)
                    at /home/jihene/Documents/GithubPFE/RunRepository-/node_modules/selenium-webdriver/lib/promise.js:676:7
                    at process._tickCallback (internal/process/next_tick.js:68:7)
                From: Task: Run beforeEach in control flow
                    at UserContext.&lt;anonymous> (/home/jihene/Documents/GithubPFE/RunRepository-/node_modules/jasminewd2/index.js:94:19)
                    at attempt (/home/jihene/Documents/GithubPFE/RunRepository-/node_modules/jasmine-core/lib/jasmine-core/jasmine.js:4297:26)
                    at QueueRunner.run (/home/jihene/Documents/GithubPFE/RunRepository-/node_modules/jasmine-core/lib/jasmine-core/jasmine.js:4217:20)
                    at runNext (/home/jihene/Documents/GithubPFE/RunRepository-/node_modules/jasmine-core/lib/jasmine-core/jasmine.js:4257:20)
                    at /home/jihene/Documents/GithubPFE/RunRepository-/node_modules/jasmine-core/lib/jasmine-core/jasmine.js:4264:13
                    at /home/jihene/Documents/GithubPFE/RunRepository-/node_modules/jasmine-core/lib/jasmine-core/jasmine.js:4172:9
                    at /home/jihene/Documents/GithubPFE/RunRepository-/node_modules/jasminewd2/index.js:64:48
                    at ControlFlow.emit (/home/jihene/Documents/GithubPFE/RunRepository-/node_modules/selenium-webdriver/lib/events.js:62:21)
                    at ControlFlow.shutdown_ (/home/jihene/Documents/GithubPFE/RunRepository-/node_modules/selenium-webdriver/lib/promise.js:2565:10)
                    at shutdownTask_.MicroTask (/home/jihene/Documents/GithubPFE/RunRepository-/node_modules/selenium-webdriver/lib/promise.js:2490:53)
                From asynchronous test: 
                Error
                    at Suite.describe (/home/jihene/Documents/GithubPFE/RunRepository-/e2e/tables/element.e2e-spec.ts:5:3)
                    at addSpecsToSuite (/home/jihene/Documents/GithubPFE/RunRepository-/node_modules/jasmine-core/lib/jasmine-core/jasmine.js:1107:25)
                    at Env.describe (/home/jihene/Documents/GithubPFE/RunRepository-/node_modules/jasmine-core/lib/jasmine-core/jasmine.js:1074:7)
                    at describe (/home/jihene/Documents/GithubPFE/RunRepository-/node_modules/jasmine-core/lib/jasmine-core/jasmine.js:4399:18)
                    at Object.&lt;anonymous> (/home/jihene/Documents/GithubPFE/RunRepository-/e2e/tables/element.e2e-spec.ts:4:1)
                    at Module._compile (internal/modules/cjs/loader.js:689:30)
                    at Module.m._compile (/home/jihene/Documents/GithubPFE/RunRepository-/node_modules/ts-node/src/index.ts:299:25)
                    at Module._extensions..js (internal/modules/cjs/loader.js:700:10)
                    at Object.require.extensions.(anonymous function) [as .ts] (/home/jihene/Documents/GithubPFE/RunRepository-/node_modules/ts-node/src/index.ts:302:14)</stack-trace>
            </failure>
        </test-case>
        <test-case start='1555319653214' status='failed' stop='1555319653555'>
            <name>getText</name>
            <title>getText</title>
            <labels/>
            <parameters/>
            <steps/>
            <attachments>
                <attachment title='Screenshot' source='3926bcb7-d077-4c73-8178-1885fc498afe-attachment.png' type='image/png' size='3775'/>
            </attachments>
            <failure>
                <message>Failed: invalid element state: Failed to execute 'replace' on 'Location': '/#/add' is not a valid URL.
                  (Session info: chrome=72.0.3626.109)
                  (Driver info: chromedriver=2.40.565383 (76257d1ab79276b2d53ee976b2c3e3b9f335cde7),platform=Linux 4.15.0-46-generic x86_64)</message>
                <stack-trace>InvalidElementStateError: invalid element state: Failed to execute 'replace' on 'Location': '/#/add' is not a valid URL.
                  (Session info: chrome=72.0.3626.109)
                  (Driver info: chromedriver=2.40.565383 (76257d1ab79276b2d53ee976b2c3e3b9f335cde7),platform=Linux 4.15.0-46-generic x86_64)
                    at Object.checkLegacyResponse (/home/jihene/Documents/GithubPFE/RunRepository-/node_modules/selenium-webdriver/lib/error.js:505:15)
                    at parseHttpResponse (/home/jihene/Documents/GithubPFE/RunRepository-/node_modules/selenium-webdriver/lib/http.js:509:13)
                    at doSend.then.response (/home/jihene/Documents/GithubPFE/RunRepository-/node_modules/selenium-webdriver/lib/http.js:440:13)
                    at process._tickCallback (internal/process/next_tick.js:68:7)
                From: Task: Protractor.get(/#/add) - reset url
                    at Driver.schedule (/home/jihene/Documents/GithubPFE/RunRepository-/node_modules/selenium-webdriver/lib/webdriver.js:816:17)
                    at ProtractorBrowser.executeScriptWithDescription (/home/jihene/Documents/GithubPFE/RunRepository-/node_modules/protractor/lib/browser.ts:583:24)
                    at driver.controlFlow.execute.then.then.then (/home/jihene/Documents/GithubPFE/RunRepository-/node_modules/protractor/lib/browser.ts:888:23)
                    at ManagedPromise.invokeCallback_ (/home/jihene/Documents/GithubPFE/RunRepository-/node_modules/selenium-webdriver/lib/promise.js:1366:14)
                    at TaskQueue.execute_ (/home/jihene/Documents/GithubPFE/RunRepository-/node_modules/selenium-webdriver/lib/promise.js:2970:14)
                    at TaskQueue.executeNext_ (/home/jihene/Documents/GithubPFE/RunRepository-/node_modules/selenium-webdriver/lib/promise.js:2953:27)
                    at asyncRun (/home/jihene/Documents/GithubPFE/RunRepository-/node_modules/selenium-webdriver/lib/promise.js:2813:27)
                    at /home/jihene/Documents/GithubPFE/RunRepository-/node_modules/selenium-webdriver/lib/promise.js:676:7
                    at process._tickCallback (internal/process/next_tick.js:68:7)
                From: Task: Run beforeEach in control flow
                    at UserContext.&lt;anonymous> (/home/jihene/Documents/GithubPFE/RunRepository-/node_modules/jasminewd2/index.js:94:19)
                    at attempt (/home/jihene/Documents/GithubPFE/RunRepository-/node_modules/jasmine-core/lib/jasmine-core/jasmine.js:4297:26)
                    at QueueRunner.run (/home/jihene/Documents/GithubPFE/RunRepository-/node_modules/jasmine-core/lib/jasmine-core/jasmine.js:4217:20)
                    at runNext (/home/jihene/Documents/GithubPFE/RunRepository-/node_modules/jasmine-core/lib/jasmine-core/jasmine.js:4257:20)
                    at /home/jihene/Documents/GithubPFE/RunRepository-/node_modules/jasmine-core/lib/jasmine-core/jasmine.js:4264:13
                    at /home/jihene/Documents/GithubPFE/RunRepository-/node_modules/jasmine-core/lib/jasmine-core/jasmine.js:4172:9
                    at /home/jihene/Documents/GithubPFE/RunRepository-/node_modules/jasminewd2/index.js:64:48
                    at ControlFlow.emit (/home/jihene/Documents/GithubPFE/RunRepository-/node_modules/selenium-webdriver/lib/events.js:62:21)
                    at ControlFlow.shutdown_ (/home/jihene/Documents/GithubPFE/RunRepository-/node_modules/selenium-webdriver/lib/promise.js:2565:10)
                    at shutdownTask_.MicroTask (/home/jihene/Documents/GithubPFE/RunRepository-/node_modules/selenium-webdriver/lib/promise.js:2490:53)
                From asynchronous test: 
                Error
                    at Suite.describe (/home/jihene/Documents/GithubPFE/RunRepository-/e2e/tables/element.e2e-spec.ts:5:3)
                    at addSpecsToSuite (/home/jihene/Documents/GithubPFE/RunRepository-/node_modules/jasmine-core/lib/jasmine-core/jasmine.js:1107:25)
                    at Env.describe (/home/jihene/Documents/GithubPFE/RunRepository-/node_modules/jasmine-core/lib/jasmine-core/jasmine.js:1074:7)
                    at describe (/home/jihene/Documents/GithubPFE/RunRepository-/node_modules/jasmine-core/lib/jasmine-core/jasmine.js:4399:18)
                    at Object.&lt;anonymous> (/home/jihene/Documents/GithubPFE/RunRepository-/e2e/tables/element.e2e-spec.ts:4:1)
                    at Module._compile (internal/modules/cjs/loader.js:689:30)
                    at Module.m._compile (/home/jihene/Documents/GithubPFE/RunRepository-/node_modules/ts-node/src/index.ts:299:25)
                    at Module._extensions..js (internal/modules/cjs/loader.js:700:10)
                    at Object.require.extensions.(anonymous function) [as .ts] (/home/jihene/Documents/GithubPFE/RunRepository-/node_modules/ts-node/src/index.ts:302:14)</stack-trace>
            </failure>
        </test-case>
        <test-case start='1555319653556' status='failed' stop='1555319653872'>
            <name>sendKeys</name>
            <title>sendKeys</title>
            <labels/>
            <parameters/>
            <steps/>
            <attachments>
                <attachment title='Screenshot' source='45a25f70-9eeb-4134-951c-ed161708a04b-attachment.png' type='image/png' size='3775'/>
            </attachments>
            <failure>
                <message>Failed: invalid element state: Failed to execute 'replace' on 'Location': '/#/add' is not a valid URL.
                  (Session info: chrome=72.0.3626.109)
                  (Driver info: chromedriver=2.40.565383 (76257d1ab79276b2d53ee976b2c3e3b9f335cde7),platform=Linux 4.15.0-46-generic x86_64)</message>
                <stack-trace>InvalidElementStateError: invalid element state: Failed to execute 'replace' on 'Location': '/#/add' is not a valid URL.
                  (Session info: chrome=72.0.3626.109)
                  (Driver info: chromedriver=2.40.565383 (76257d1ab79276b2d53ee976b2c3e3b9f335cde7),platform=Linux 4.15.0-46-generic x86_64)
                    at Object.checkLegacyResponse (/home/jihene/Documents/GithubPFE/RunRepository-/node_modules/selenium-webdriver/lib/error.js:505:15)
                    at parseHttpResponse (/home/jihene/Documents/GithubPFE/RunRepository-/node_modules/selenium-webdriver/lib/http.js:509:13)
                    at doSend.then.response (/home/jihene/Documents/GithubPFE/RunRepository-/node_modules/selenium-webdriver/lib/http.js:440:13)
                    at process._tickCallback (internal/process/next_tick.js:68:7)
                From: Task: Protractor.get(/#/add) - reset url
                    at Driver.schedule (/home/jihene/Documents/GithubPFE/RunRepository-/node_modules/selenium-webdriver/lib/webdriver.js:816:17)
                    at ProtractorBrowser.executeScriptWithDescription (/home/jihene/Documents/GithubPFE/RunRepository-/node_modules/protractor/lib/browser.ts:583:24)
                    at driver.controlFlow.execute.then.then.then (/home/jihene/Documents/GithubPFE/RunRepository-/node_modules/protractor/lib/browser.ts:888:23)
                    at ManagedPromise.invokeCallback_ (/home/jihene/Documents/GithubPFE/RunRepository-/node_modules/selenium-webdriver/lib/promise.js:1366:14)
                    at TaskQueue.execute_ (/home/jihene/Documents/GithubPFE/RunRepository-/node_modules/selenium-webdriver/lib/promise.js:2970:14)
                    at TaskQueue.executeNext_ (/home/jihene/Documents/GithubPFE/RunRepository-/node_modules/selenium-webdriver/lib/promise.js:2953:27)
                    at asyncRun (/home/jihene/Documents/GithubPFE/RunRepository-/node_modules/selenium-webdriver/lib/promise.js:2813:27)
                    at /home/jihene/Documents/GithubPFE/RunRepository-/node_modules/selenium-webdriver/lib/promise.js:676:7
                    at process._tickCallback (internal/process/next_tick.js:68:7)
                From: Task: Run beforeEach in control flow
                    at UserContext.&lt;anonymous> (/home/jihene/Documents/GithubPFE/RunRepository-/node_modules/jasminewd2/index.js:94:19)
                    at attempt (/home/jihene/Documents/GithubPFE/RunRepository-/node_modules/jasmine-core/lib/jasmine-core/jasmine.js:4297:26)
                    at QueueRunner.run (/home/jihene/Documents/GithubPFE/RunRepository-/node_modules/jasmine-core/lib/jasmine-core/jasmine.js:4217:20)
                    at runNext (/home/jihene/Documents/GithubPFE/RunRepository-/node_modules/jasmine-core/lib/jasmine-core/jasmine.js:4257:20)
                    at /home/jihene/Documents/GithubPFE/RunRepository-/node_modules/jasmine-core/lib/jasmine-core/jasmine.js:4264:13
                    at /home/jihene/Documents/GithubPFE/RunRepository-/node_modules/jasmine-core/lib/jasmine-core/jasmine.js:4172:9
                    at /home/jihene/Documents/GithubPFE/RunRepository-/node_modules/jasminewd2/index.js:64:48
                    at ControlFlow.emit (/home/jihene/Documents/GithubPFE/RunRepository-/node_modules/selenium-webdriver/lib/events.js:62:21)
                    at ControlFlow.shutdown_ (/home/jihene/Documents/GithubPFE/RunRepository-/node_modules/selenium-webdriver/lib/promise.js:2565:10)
                    at shutdownTask_.MicroTask (/home/jihene/Documents/GithubPFE/RunRepository-/node_modules/selenium-webdriver/lib/promise.js:2490:53)
                From asynchronous test: 
                Error
                    at Suite.describe (/home/jihene/Documents/GithubPFE/RunRepository-/e2e/tables/element.e2e-spec.ts:5:3)
                    at addSpecsToSuite (/home/jihene/Documents/GithubPFE/RunRepository-/node_modules/jasmine-core/lib/jasmine-core/jasmine.js:1107:25)
                    at Env.describe (/home/jihene/Documents/GithubPFE/RunRepository-/node_modules/jasmine-core/lib/jasmine-core/jasmine.js:1074:7)
                    at describe (/home/jihene/Documents/GithubPFE/RunRepository-/node_modules/jasmine-core/lib/jasmine-core/jasmine.js:4399:18)
                    at Object.&lt;anonymous> (/home/jihene/Documents/GithubPFE/RunRepository-/e2e/tables/element.e2e-spec.ts:4:1)
                    at Module._compile (internal/modules/cjs/loader.js:689:30)
                    at Module.m._compile (/home/jihene/Documents/GithubPFE/RunRepository-/node_modules/ts-node/src/index.ts:299:25)
                    at Module._extensions..js (internal/modules/cjs/loader.js:700:10)
                    at Object.require.extensions.(anonymous function) [as .ts] (/home/jihene/Documents/GithubPFE/RunRepository-/node_modules/ts-node/src/index.ts:302:14)</stack-trace>
            </failure>
        </test-case>
        <test-case start='1555319653872' status='failed' stop='1555319654503'>
            <name>clear</name>
            <title>clear</title>
            <labels/>
            <parameters/>
            <steps/>
            <attachments>
                <attachment title='Screenshot' source='41fc9ce2-18c8-4376-afda-a3bdd579f84e-attachment.png' type='image/png' size='3775'/>
            </attachments>
            <failure>
                <message>Failed: invalid element state: Failed to execute 'replace' on 'Location': '/#/add' is not a valid URL.
                  (Session info: chrome=72.0.3626.109)
                  (Driver info: chromedriver=2.40.565383 (76257d1ab79276b2d53ee976b2c3e3b9f335cde7),platform=Linux 4.15.0-46-generic x86_64)</message>
                <stack-trace>InvalidElementStateError: invalid element state: Failed to execute 'replace' on 'Location': '/#/add' is not a valid URL.
                  (Session info: chrome=72.0.3626.109)
                  (Driver info: chromedriver=2.40.565383 (76257d1ab79276b2d53ee976b2c3e3b9f335cde7),platform=Linux 4.15.0-46-generic x86_64)
                    at Object.checkLegacyResponse (/home/jihene/Documents/GithubPFE/RunRepository-/node_modules/selenium-webdriver/lib/error.js:505:15)
                    at parseHttpResponse (/home/jihene/Documents/GithubPFE/RunRepository-/node_modules/selenium-webdriver/lib/http.js:509:13)
                    at doSend.then.response (/home/jihene/Documents/GithubPFE/RunRepository-/node_modules/selenium-webdriver/lib/http.js:440:13)
                    at process._tickCallback (internal/process/next_tick.js:68:7)
                From: Task: Protractor.get(/#/add) - reset url
                    at Driver.schedule (/home/jihene/Documents/GithubPFE/RunRepository-/node_modules/selenium-webdriver/lib/webdriver.js:816:17)
                    at ProtractorBrowser.executeScriptWithDescription (/home/jihene/Documents/GithubPFE/RunRepository-/node_modules/protractor/lib/browser.ts:583:24)
                    at driver.controlFlow.execute.then.then.then (/home/jihene/Documents/GithubPFE/RunRepository-/node_modules/protractor/lib/browser.ts:888:23)
                    at ManagedPromise.invokeCallback_ (/home/jihene/Documents/GithubPFE/RunRepository-/node_modules/selenium-webdriver/lib/promise.js:1366:14)
                    at TaskQueue.execute_ (/home/jihene/Documents/GithubPFE/RunRepository-/node_modules/selenium-webdriver/lib/promise.js:2970:14)
                    at TaskQueue.executeNext_ (/home/jihene/Documents/GithubPFE/RunRepository-/node_modules/selenium-webdriver/lib/promise.js:2953:27)
                    at asyncRun (/home/jihene/Documents/GithubPFE/RunRepository-/node_modules/selenium-webdriver/lib/promise.js:2813:27)
                    at /home/jihene/Documents/GithubPFE/RunRepository-/node_modules/selenium-webdriver/lib/promise.js:676:7
                    at process._tickCallback (internal/process/next_tick.js:68:7)
                From: Task: Run beforeEach in control flow
                    at UserContext.&lt;anonymous> (/home/jihene/Documents/GithubPFE/RunRepository-/node_modules/jasminewd2/index.js:94:19)
                    at attempt (/home/jihene/Documents/GithubPFE/RunRepository-/node_modules/jasmine-core/lib/jasmine-core/jasmine.js:4297:26)
                    at QueueRunner.run (/home/jihene/Documents/GithubPFE/RunRepository-/node_modules/jasmine-core/lib/jasmine-core/jasmine.js:4217:20)
                    at runNext (/home/jihene/Documents/GithubPFE/RunRepository-/node_modules/jasmine-core/lib/jasmine-core/jasmine.js:4257:20)
                    at /home/jihene/Documents/GithubPFE/RunRepository-/node_modules/jasmine-core/lib/jasmine-core/jasmine.js:4264:13
                    at /home/jihene/Documents/GithubPFE/RunRepository-/node_modules/jasmine-core/lib/jasmine-core/jasmine.js:4172:9
                    at /home/jihene/Documents/GithubPFE/RunRepository-/node_modules/jasminewd2/index.js:64:48
                    at ControlFlow.emit (/home/jihene/Documents/GithubPFE/RunRepository-/node_modules/selenium-webdriver/lib/events.js:62:21)
                    at ControlFlow.shutdown_ (/home/jihene/Documents/GithubPFE/RunRepository-/node_modules/selenium-webdriver/lib/promise.js:2565:10)
                    at shutdownTask_.MicroTask (/home/jihene/Documents/GithubPFE/RunRepository-/node_modules/selenium-webdriver/lib/promise.js:2490:53)
                From asynchronous test: 
                Error
                    at Suite.describe (/home/jihene/Documents/GithubPFE/RunRepository-/e2e/tables/element.e2e-spec.ts:5:3)
                    at addSpecsToSuite (/home/jihene/Documents/GithubPFE/RunRepository-/node_modules/jasmine-core/lib/jasmine-core/jasmine.js:1107:25)
                    at Env.describe (/home/jihene/Documents/GithubPFE/RunRepository-/node_modules/jasmine-core/lib/jasmine-core/jasmine.js:1074:7)
                    at describe (/home/jihene/Documents/GithubPFE/RunRepository-/node_modules/jasmine-core/lib/jasmine-core/jasmine.js:4399:18)
                    at Object.&lt;anonymous> (/home/jihene/Documents/GithubPFE/RunRepository-/e2e/tables/element.e2e-spec.ts:4:1)
                    at Module._compile (internal/modules/cjs/loader.js:689:30)
                    at Module.m._compile (/home/jihene/Documents/GithubPFE/RunRepository-/node_modules/ts-node/src/index.ts:299:25)
                    at Module._extensions..js (internal/modules/cjs/loader.js:700:10)
                    at Object.require.extensions.(anonymous function) [as .ts] (/home/jihene/Documents/GithubPFE/RunRepository-/node_modules/ts-node/src/index.ts:302:14)</stack-trace>
            </failure>
        </test-case>
        <test-case start='1555319654503' status='failed' stop='1555319654861'>
            <name>isDisplayed</name>
            <title>isDisplayed</title>
            <labels/>
            <parameters/>
            <steps/>
            <attachments>
                <attachment title='Screenshot' source='1942a417-097d-49a7-abb9-04379ce83089-attachment.png' type='image/png' size='3775'/>
            </attachments>
            <failure>
                <message>Failed: invalid element state: Failed to execute 'replace' on 'Location': '/#/add' is not a valid URL.
                  (Session info: chrome=72.0.3626.109)
                  (Driver info: chromedriver=2.40.565383 (76257d1ab79276b2d53ee976b2c3e3b9f335cde7),platform=Linux 4.15.0-46-generic x86_64)</message>
                <stack-trace>InvalidElementStateError: invalid element state: Failed to execute 'replace' on 'Location': '/#/add' is not a valid URL.
                  (Session info: chrome=72.0.3626.109)
                  (Driver info: chromedriver=2.40.565383 (76257d1ab79276b2d53ee976b2c3e3b9f335cde7),platform=Linux 4.15.0-46-generic x86_64)
                    at Object.checkLegacyResponse (/home/jihene/Documents/GithubPFE/RunRepository-/node_modules/selenium-webdriver/lib/error.js:505:15)
                    at parseHttpResponse (/home/jihene/Documents/GithubPFE/RunRepository-/node_modules/selenium-webdriver/lib/http.js:509:13)
                    at doSend.then.response (/home/jihene/Documents/GithubPFE/RunRepository-/node_modules/selenium-webdriver/lib/http.js:440:13)
                    at process._tickCallback (internal/process/next_tick.js:68:7)
                From: Task: Protractor.get(/#/add) - reset url
                    at Driver.schedule (/home/jihene/Documents/GithubPFE/RunRepository-/node_modules/selenium-webdriver/lib/webdriver.js:816:17)
                    at ProtractorBrowser.executeScriptWithDescription (/home/jihene/Documents/GithubPFE/RunRepository-/node_modules/protractor/lib/browser.ts:583:24)
                    at driver.controlFlow.execute.then.then.then (/home/jihene/Documents/GithubPFE/RunRepository-/node_modules/protractor/lib/browser.ts:888:23)
                    at ManagedPromise.invokeCallback_ (/home/jihene/Documents/GithubPFE/RunRepository-/node_modules/selenium-webdriver/lib/promise.js:1366:14)
                    at TaskQueue.execute_ (/home/jihene/Documents/GithubPFE/RunRepository-/node_modules/selenium-webdriver/lib/promise.js:2970:14)
                    at TaskQueue.executeNext_ (/home/jihene/Documents/GithubPFE/RunRepository-/node_modules/selenium-webdriver/lib/promise.js:2953:27)
                    at asyncRun (/home/jihene/Documents/GithubPFE/RunRepository-/node_modules/selenium-webdriver/lib/promise.js:2813:27)
                    at /home/jihene/Documents/GithubPFE/RunRepository-/node_modules/selenium-webdriver/lib/promise.js:676:7
                    at process._tickCallback (internal/process/next_tick.js:68:7)
                From: Task: Run beforeEach in control flow
                    at UserContext.&lt;anonymous> (/home/jihene/Documents/GithubPFE/RunRepository-/node_modules/jasminewd2/index.js:94:19)
                    at attempt (/home/jihene/Documents/GithubPFE/RunRepository-/node_modules/jasmine-core/lib/jasmine-core/jasmine.js:4297:26)
                    at QueueRunner.run (/home/jihene/Documents/GithubPFE/RunRepository-/node_modules/jasmine-core/lib/jasmine-core/jasmine.js:4217:20)
                    at runNext (/home/jihene/Documents/GithubPFE/RunRepository-/node_modules/jasmine-core/lib/jasmine-core/jasmine.js:4257:20)
                    at /home/jihene/Documents/GithubPFE/RunRepository-/node_modules/jasmine-core/lib/jasmine-core/jasmine.js:4264:13
                    at /home/jihene/Documents/GithubPFE/RunRepository-/node_modules/jasmine-core/lib/jasmine-core/jasmine.js:4172:9
                    at /home/jihene/Documents/GithubPFE/RunRepository-/node_modules/jasminewd2/index.js:64:48
                    at ControlFlow.emit (/home/jihene/Documents/GithubPFE/RunRepository-/node_modules/selenium-webdriver/lib/events.js:62:21)
                    at ControlFlow.shutdown_ (/home/jihene/Documents/GithubPFE/RunRepository-/node_modules/selenium-webdriver/lib/promise.js:2565:10)
                    at shutdownTask_.MicroTask (/home/jihene/Documents/GithubPFE/RunRepository-/node_modules/selenium-webdriver/lib/promise.js:2490:53)
                From asynchronous test: 
                Error
                    at Suite.describe (/home/jihene/Documents/GithubPFE/RunRepository-/e2e/tables/element.e2e-spec.ts:5:3)
                    at addSpecsToSuite (/home/jihene/Documents/GithubPFE/RunRepository-/node_modules/jasmine-core/lib/jasmine-core/jasmine.js:1107:25)
                    at Env.describe (/home/jihene/Documents/GithubPFE/RunRepository-/node_modules/jasmine-core/lib/jasmine-core/jasmine.js:1074:7)
                    at describe (/home/jihene/Documents/GithubPFE/RunRepository-/node_modules/jasmine-core/lib/jasmine-core/jasmine.js:4399:18)
                    at Object.&lt;anonymous> (/home/jihene/Documents/GithubPFE/RunRepository-/e2e/tables/element.e2e-spec.ts:4:1)
                    at Module._compile (internal/modules/cjs/loader.js:689:30)
                    at Module.m._compile (/home/jihene/Documents/GithubPFE/RunRepository-/node_modules/ts-node/src/index.ts:299:25)
                    at Module._extensions..js (internal/modules/cjs/loader.js:700:10)
                    at Object.require.extensions.(anonymous function) [as .ts] (/home/jihene/Documents/GithubPFE/RunRepository-/node_modules/ts-node/src/index.ts:302:14)</stack-trace>
            </failure>
        </test-case>
    </test-cases>
</ns2:test-suite>